#
# There is insufficient memory for the Java Runtime Environment to continue.
# Native memory allocation (malloc) failed to allocate 560336 bytes for Chunk::new
# Possible reasons:
#   The system is out of physical RAM or swap space
#   The process is running with CompressedOops enabled, and the Java Heap may be blocking the growth of the native heap
# Possible solutions:
#   Reduce memory load on the system
#   Increase physical memory or swap space
#   Check if swap backing store is full
#   Decrease Java heap size (-Xmx/-Xms)
#   Decrease number of Java threads
#   Decrease Java thread stack sizes (-Xss)
#   Set larger code cache with -XX:ReservedCodeCacheSize=
#   JVM is running with Unscaled Compressed Oops mode in which the Java heap is
#     placed in the first 4GB address space. The Java Heap base address is the
#     maximum limit for the native heap growth. Please use -XX:HeapBaseMinAddress
#     to set the Java Heap base and to place the Java Heap above 4GB virtual address.
# This output file may be truncated or incomplete.
#
#  Out of Memory Error (t:/workspace/open/src/hotspot/share/memory/arena.cpp:197), pid=10640, tid=12436
#
# JRE version: Java(TM) SE Runtime Environment (11.0.1+13) (build 11.0.1+13-LTS)
# Java VM: Java HotSpot(TM) 64-Bit Server VM (11.0.1+13-LTS, mixed mode, tiered, compressed oops, g1 gc, windows-amd64)
# No core dump will be written. Minidumps are not enabled by default on client versions of Windows
#

---------------  S U M M A R Y ------------

Command Line: -javaagent:C:\Program Files\JetBrains\IntelliJ IDEA Community Edition 2020.3.1\lib\idea_rt.jar=63225:C:\Program Files\JetBrains\IntelliJ IDEA Community Edition 2020.3.1\bin -Dfile.encoding=UTF-8 com.dryfire.medify_art.MedifyArtApplication

Host: Intel(R) Core(TM) i5-8250U CPU @ 1.60GHz, 8 cores, 3G,  Windows 10 , 64 bit Build 18362 (10.0.18362.900)
Time: Sun Jan 24 16:56:12 2021 India Standard Time elapsed time: 10 seconds (0d 0h 0m 10s)

---------------  T H R E A D  ---------------

Current thread (0x00000278aaf7f000):  JavaThread "C2 CompilerThread0" daemon [_thread_in_native, id=12436, stack(0x000000f79bb00000,0x000000f79bc00000)]


Current CompileTask:
C2:  10414 1540       4       jdk.internal.org.objectweb.asm.Frame::execute (2264 bytes)

Stack: [0x000000f79bb00000,0x000000f79bc00000]
Native frames: (J=compiled Java code, j=interpreted, Vv=VM code, C=native code)
V  [jvm.dll+0x63c21a]
V  [jvm.dll+0x7797df]
V  [jvm.dll+0x77adca]
V  [jvm.dll+0x77b483]
V  [jvm.dll+0x2627f8]
V  [jvm.dll+0xc5c71]
V  [jvm.dll+0xc61fc]
V  [jvm.dll+0x2d10f4]
V  [jvm.dll+0x55412f]
V  [jvm.dll+0x21e90f]
V  [jvm.dll+0x21b846]
V  [jvm.dll+0x198390]
V  [jvm.dll+0x22a97f]
V  [jvm.dll+0x228f98]
V  [jvm.dll+0x73f03d]
V  [jvm.dll+0x63b2b2]
C  [ucrtbase.dll+0x20e82]
C  [KERNEL32.DLL+0x17bd4]
C  [ntdll.dll+0x6ce51]


---------------  P R O C E S S  ---------------

Threads class SMR info:
_java_thread_list=0x00000278ac1437b0, length=12, elements={
0x000002788e9a9800, 0x00000278aaf6d800, 0x00000278aaf6e800, 0x00000278ab902800,
0x00000278ab903000, 0x00000278aaf7f000, 0x00000278aaf80000, 0x00000278aaf84000,
0x00000278aba3d000, 0x00000278abc62000, 0x00000278abce2800, 0x00000278ac870000
}

Java Threads: ( => current thread )
  0x000002788e9a9800 JavaThread "main" [_thread_blocked, id=13204, stack(0x000000f79b000000,0x000000f79b100000)]
  0x00000278aaf6d800 JavaThread "Reference Handler" daemon [_thread_blocked, id=4672, stack(0x000000f79b700000,0x000000f79b800000)]
  0x00000278aaf6e800 JavaThread "Finalizer" daemon [_thread_blocked, id=15524, stack(0x000000f79b800000,0x000000f79b900000)]
  0x00000278ab902800 JavaThread "Signal Dispatcher" daemon [_thread_blocked, id=13872, stack(0x000000f79b900000,0x000000f79ba00000)]
  0x00000278ab903000 JavaThread "Attach Listener" daemon [_thread_blocked, id=6492, stack(0x000000f79ba00000,0x000000f79bb00000)]
=>0x00000278aaf7f000 JavaThread "C2 CompilerThread0" daemon [_thread_in_native, id=12436, stack(0x000000f79bb00000,0x000000f79bc00000)]
  0x00000278aaf80000 JavaThread "C1 CompilerThread0" daemon [_thread_blocked, id=3652, stack(0x000000f79bc00000,0x000000f79bd00000)]
  0x00000278aaf84000 JavaThread "Sweeper thread" daemon [_thread_blocked, id=15760, stack(0x000000f79bd00000,0x000000f79be00000)]
  0x00000278aba3d000 JavaThread "Common-Cleaner" daemon [_thread_blocked, id=14580, stack(0x000000f79be00000,0x000000f79bf00000)]
  0x00000278abc62000 JavaThread "Monitor Ctrl-Break" daemon [_thread_in_native, id=15588, stack(0x000000f79bf00000,0x000000f79c000000)]
  0x00000278abce2800 JavaThread "Service Thread" daemon [_thread_blocked, id=6360, stack(0x000000f79c000000,0x000000f79c100000)]
  0x00000278ac870000 JavaThread "background-preinit" [_thread_blocked, id=12712, stack(0x000000f79c300000,0x000000f79c400000)]

Other Threads:
  0x00000278aaf37800 VMThread "VM Thread" [stack: 0x000000f79b600000,0x000000f79b700000] [id=10520]
  0x00000278abce5800 WatcherThread [stack: 0x000000f79c100000,0x000000f79c200000] [id=10292]
  0x000002788e9c2000 GCTaskThread "GC Thread#0" [stack: 0x000000f79b100000,0x000000f79b200000] [id=15572]
  0x00000278ac19b800 GCTaskThread "GC Thread#1" [stack: 0x000000f79c200000,0x000000f79c300000] [id=12776]
  0x00000278acb87800 GCTaskThread "GC Thread#2" [stack: 0x000000f79c400000,0x000000f79c500000] [id=15664]
  0x00000278ac00a000 GCTaskThread "GC Thread#3" [stack: 0x000000f79c500000,0x000000f79c600000] [id=15140]
  0x000002788e9e1800 ConcurrentGCThread "G1 Main Marker" [stack: 0x000000f79b200000,0x000000f79b300000] [id=12744]
  0x000002788e9e4000 ConcurrentGCThread "G1 Conc#0" [stack: 0x000000f79b300000,0x000000f79b400000] [id=9244]
  0x00000278acce5800 ConcurrentGCThread "G1 Conc#1" [stack: 0x000000f79c600000,0x000000f79c700000] [id=15768]
  0x000002788ea4f800 ConcurrentGCThread "G1 Refine#0" [stack: 0x000000f79b400000,0x000000f79b500000] [id=15004]
  0x000002788ea50800 ConcurrentGCThread "G1 Young RemSet Sampling" [stack: 0x000000f79b500000,0x000000f79b600000] [id=12324]

Threads with active compile tasks:
C2 CompilerThread01540       4       jdk.internal.org.objectweb.asm.Frame::execute (2264 bytes)
C1 CompilerThread01611       3       sun.nio.fs.WindowsPathParser::normalize (233 bytes)

VM state:at safepoint (normal execution)

VM Mutex/Monitor currently owned by a thread:  ([mutex/lock_event])
[0x000002788e9a7800] Threads_lock - owner thread: 0x00000278aaf37800
[0x000002788e9a8340] Heap_lock - owner thread: 0x000002788e9a9800

Heap address: 0x00000000c1c00000, size: 996 MB, Compressed Oops mode: 32-bit
Narrow klass base: 0x0000000000000000, Narrow klass shift: 3
Compressed class space size: 1073741824 Address: 0x0000000100000000

Heap:
 garbage-first heap   total 65536K, used 8739K [0x00000000c1c00000, 0x0000000100000000)
  region size 1024K, 2 young (2048K), 2 survivors (2048K)
 Metaspace       used 20891K, capacity 21358K, committed 21504K, reserved 1083392K
  class space    used 2273K, capacity 2471K, committed 2560K, reserved 1048576K
Heap Regions: E=young(eden), S=young(survivor), O=old, HS=humongous(starts), HC=humongous(continues), CS=collection set, F=free, A=archive, TAMS=top-at-mark-start (previous, next)
|   0|0x00000000c1c00000, 0x00000000c1d00000, 0x00000000c1d00000|100%|HS|  |TAMS 0x00000000c1d00000, 0x00000000c1d00000| Complete 
|   1|0x00000000c1d00000, 0x00000000c1e00000, 0x00000000c1e00000|100%| O|  |TAMS 0x00000000c1e00000, 0x00000000c1e00000| Untracked 
|   2|0x00000000c1e00000, 0x00000000c1f00000, 0x00000000c1f00000|100%| O|  |TAMS 0x00000000c1f00000, 0x00000000c1f00000| Untracked 
|   3|0x00000000c1f00000, 0x00000000c2000000, 0x00000000c2000000|100%| O|  |TAMS 0x00000000c2000000, 0x00000000c2000000| Untracked 
|   4|0x00000000c2000000, 0x00000000c2100000, 0x00000000c2100000|100%| O|  |TAMS 0x00000000c2100000, 0x00000000c2100000| Untracked 
|   5|0x00000000c2100000, 0x00000000c2200000, 0x00000000c2200000|100%| O|  |TAMS 0x00000000c2200000, 0x00000000c2200000| Untracked 
|   6|0x00000000c2200000, 0x00000000c22c8000, 0x00000000c2300000| 78%| O|  |TAMS 0x00000000c22c8000, 0x00000000c22c8000| Untracked 
|   7|0x00000000c2300000, 0x00000000c2300000, 0x00000000c2400000|  0%| F|  |TAMS 0x00000000c2300000, 0x00000000c2300000| Untracked 
|   8|0x00000000c2400000, 0x00000000c2400000, 0x00000000c2500000|  0%| F|  |TAMS 0x00000000c2400000, 0x00000000c2400000| Untracked 
|   9|0x00000000c2500000, 0x00000000c2500000, 0x00000000c2600000|  0%| F|  |TAMS 0x00000000c2500000, 0x00000000c2500000| Untracked 
|  10|0x00000000c2600000, 0x00000000c2600000, 0x00000000c2700000|  0%| F|  |TAMS 0x00000000c2600000, 0x00000000c2600000| Untracked 
|  11|0x00000000c2700000, 0x00000000c2700000, 0x00000000c2800000|  0%| F|  |TAMS 0x00000000c2700000, 0x00000000c2700000| Untracked 
|  12|0x00000000c2800000, 0x00000000c2800000, 0x00000000c2900000|  0%| F|  |TAMS 0x00000000c2800000, 0x00000000c2800000| Untracked 
|  13|0x00000000c2900000, 0x00000000c2900000, 0x00000000c2a00000|  0%| F|  |TAMS 0x00000000c2900000, 0x00000000c2900000| Untracked 
|  14|0x00000000c2a00000, 0x00000000c2a00000, 0x00000000c2b00000|  0%| F|  |TAMS 0x00000000c2a00000, 0x00000000c2a00000| Untracked 
|  15|0x00000000c2b00000, 0x00000000c2b00000, 0x00000000c2c00000|  0%| F|  |TAMS 0x00000000c2b00000, 0x00000000c2b00000| Untracked 
|  16|0x00000000c2c00000, 0x00000000c2c00000, 0x00000000c2d00000|  0%| F|  |TAMS 0x00000000c2c00000, 0x00000000c2c00000| Untracked 
|  17|0x00000000c2d00000, 0x00000000c2d00000, 0x00000000c2e00000|  0%| F|  |TAMS 0x00000000c2d00000, 0x00000000c2d00000| Untracked 
|  18|0x00000000c2e00000, 0x00000000c2e00000, 0x00000000c2f00000|  0%| F|  |TAMS 0x00000000c2e00000, 0x00000000c2e00000| Untracked 
|  19|0x00000000c2f00000, 0x00000000c2f00000, 0x00000000c3000000|  0%| F|  |TAMS 0x00000000c2f00000, 0x00000000c2f00000| Untracked 
|  20|0x00000000c3000000, 0x00000000c3000000, 0x00000000c3100000|  0%| F|  |TAMS 0x00000000c3000000, 0x00000000c3000000| Untracked 
|  21|0x00000000c3100000, 0x00000000c3100000, 0x00000000c3200000|  0%| F|  |TAMS 0x00000000c3100000, 0x00000000c3100000| Untracked 
|  22|0x00000000c3200000, 0x00000000c3200000, 0x00000000c3300000|  0%| F|  |TAMS 0x00000000c3200000, 0x00000000c3200000| Untracked 
|  23|0x00000000c3300000, 0x00000000c3300000, 0x00000000c3400000|  0%| F|  |TAMS 0x00000000c3300000, 0x00000000c3300000| Untracked 
|  24|0x00000000c3400000, 0x00000000c3400000, 0x00000000c3500000|  0%| F|  |TAMS 0x00000000c3400000, 0x00000000c3400000| Untracked 
|  25|0x00000000c3500000, 0x00000000c3500000, 0x00000000c3600000|  0%| F|  |TAMS 0x00000000c3500000, 0x00000000c3500000| Untracked 
|  26|0x00000000c3600000, 0x00000000c3600000, 0x00000000c3700000|  0%| F|  |TAMS 0x00000000c3600000, 0x00000000c3600000| Untracked 
|  27|0x00000000c3700000, 0x00000000c3700000, 0x00000000c3800000|  0%| F|  |TAMS 0x00000000c3700000, 0x00000000c3700000| Untracked 
|  28|0x00000000c3800000, 0x00000000c3800000, 0x00000000c3900000|  0%| F|  |TAMS 0x00000000c3800000, 0x00000000c3800000| Untracked 
|  29|0x00000000c3900000, 0x00000000c3900000, 0x00000000c3a00000|  0%| F|  |TAMS 0x00000000c3900000, 0x00000000c3900000| Untracked 
|  30|0x00000000c3a00000, 0x00000000c3a00000, 0x00000000c3b00000|  0%| F|  |TAMS 0x00000000c3a00000, 0x00000000c3a00000| Untracked 
|  31|0x00000000c3b00000, 0x00000000c3b00000, 0x00000000c3c00000|  0%| F|  |TAMS 0x00000000c3b00000, 0x00000000c3b00000| Untracked 
|  32|0x00000000c3c00000, 0x00000000c3c00000, 0x00000000c3d00000|  0%| F|  |TAMS 0x00000000c3c00000, 0x00000000c3c00000| Untracked 
|  33|0x00000000c3d00000, 0x00000000c3d00000, 0x00000000c3e00000|  0%| F|  |TAMS 0x00000000c3d00000, 0x00000000c3d00000| Untracked 
|  34|0x00000000c3e00000, 0x00000000c3e00000, 0x00000000c3f00000|  0%| F|  |TAMS 0x00000000c3e00000, 0x00000000c3e00000| Untracked 
|  35|0x00000000c3f00000, 0x00000000c3f00000, 0x00000000c4000000|  0%| F|  |TAMS 0x00000000c3f00000, 0x00000000c3f00000| Untracked 
|  36|0x00000000c4000000, 0x00000000c4000000, 0x00000000c4100000|  0%| F|  |TAMS 0x00000000c4000000, 0x00000000c4000000| Untracked 
|  37|0x00000000c4100000, 0x00000000c4100000, 0x00000000c4200000|  0%| F|  |TAMS 0x00000000c4100000, 0x00000000c4100000| Untracked 
|  38|0x00000000c4200000, 0x00000000c4200000, 0x00000000c4300000|  0%| F|  |TAMS 0x00000000c4200000, 0x00000000c4200000| Untracked 
|  39|0x00000000c4300000, 0x00000000c4300000, 0x00000000c4400000|  0%| F|  |TAMS 0x00000000c4300000, 0x00000000c4300000| Untracked 
|  40|0x00000000c4400000, 0x00000000c4400000, 0x00000000c4500000|  0%| F|  |TAMS 0x00000000c4400000, 0x00000000c4400000| Untracked 
|  41|0x00000000c4500000, 0x00000000c4500000, 0x00000000c4600000|  0%| F|  |TAMS 0x00000000c4500000, 0x00000000c4500000| Untracked 
|  42|0x00000000c4600000, 0x00000000c4600000, 0x00000000c4700000|  0%| F|  |TAMS 0x00000000c4600000, 0x00000000c4600000| Untracked 
|  43|0x00000000c4700000, 0x00000000c4700000, 0x00000000c4800000|  0%| F|  |TAMS 0x00000000c4700000, 0x00000000c4700000| Untracked 
|  44|0x00000000c4800000, 0x00000000c4800000, 0x00000000c4900000|  0%| F|  |TAMS 0x00000000c4800000, 0x00000000c4800000| Untracked 
|  45|0x00000000c4900000, 0x00000000c4900000, 0x00000000c4a00000|  0%| F|  |TAMS 0x00000000c4900000, 0x00000000c4900000| Untracked 
|  46|0x00000000c4a00000, 0x00000000c4a00000, 0x00000000c4b00000|  0%| F|  |TAMS 0x00000000c4a00000, 0x00000000c4a00000| Untracked 
|  47|0x00000000c4b00000, 0x00000000c4b00000, 0x00000000c4c00000|  0%| F|  |TAMS 0x00000000c4b00000, 0x00000000c4b00000| Untracked 
|  48|0x00000000c4c00000, 0x00000000c4c00000, 0x00000000c4d00000|  0%| F|  |TAMS 0x00000000c4c00000, 0x00000000c4c00000| Untracked 
|  49|0x00000000c4d00000, 0x00000000c4d00000, 0x00000000c4e00000|  0%| F|  |TAMS 0x00000000c4d00000, 0x00000000c4d00000| Untracked 
|  50|0x00000000c4e00000, 0x00000000c4e00000, 0x00000000c4f00000|  0%| F|  |TAMS 0x00000000c4e00000, 0x00000000c4e00000| Untracked 
|  51|0x00000000c4f00000, 0x00000000c4f00000, 0x00000000c5000000|  0%| F|  |TAMS 0x00000000c4f00000, 0x00000000c4f00000| Untracked 
|  52|0x00000000c5000000, 0x00000000c5000000, 0x00000000c5100000|  0%| F|  |TAMS 0x00000000c5000000, 0x00000000c5000000| Untracked 
|  53|0x00000000c5100000, 0x00000000c5100000, 0x00000000c5200000|  0%| F|  |TAMS 0x00000000c5100000, 0x00000000c5100000| Untracked 
|  54|0x00000000c5200000, 0x00000000c5200000, 0x00000000c5300000|  0%| F|  |TAMS 0x00000000c5200000, 0x00000000c5200000| Untracked 
|  55|0x00000000c5300000, 0x00000000c5300000, 0x00000000c5400000|  0%| F|  |TAMS 0x00000000c5300000, 0x00000000c5300000| Untracked 
|  56|0x00000000c5400000, 0x00000000c5400000, 0x00000000c5500000|  0%| F|  |TAMS 0x00000000c5400000, 0x00000000c5400000| Untracked 
|  57|0x00000000c5500000, 0x00000000c5500000, 0x00000000c5600000|  0%| F|  |TAMS 0x00000000c5500000, 0x00000000c5500000| Untracked 
|  58|0x00000000c5600000, 0x00000000c5600000, 0x00000000c5700000|  0%| F|  |TAMS 0x00000000c5600000, 0x00000000c5600000| Untracked 
|  59|0x00000000c5700000, 0x00000000c5700000, 0x00000000c5800000|  0%| F|  |TAMS 0x00000000c5700000, 0x00000000c5700000| Untracked 
|  60|0x00000000c5800000, 0x00000000c58c0e40, 0x00000000c5900000| 75%| S|CS|TAMS 0x00000000c5800000, 0x00000000c5800000| Complete 
|  61|0x00000000c5900000, 0x00000000c5a00000, 0x00000000c5a00000|100%| S|CS|TAMS 0x00000000c5900000, 0x00000000c5900000| Complete 
|  62|0x00000000c5a00000, 0x00000000c5a00000, 0x00000000c5b00000|  0%| F|  |TAMS 0x00000000c5a00000, 0x00000000c5a00000| Untracked 
|  63|0x00000000c5b00000, 0x00000000c5b00000, 0x00000000c5c00000|  0%| F|  |TAMS 0x00000000c5b00000, 0x00000000c5b00000| Untracked 

Card table byte_map: [0x00000278a61f0000,0x00000278a63f0000] _byte_map_base: 0x00000278a5be2000

Marking Bits (Prev, Next): (CMBitMap*) 0x000002788e9dc860, (CMBitMap*) 0x000002788e9dc828
 Prev Bits: [0x00000278a7580000, 0x00000278a8510000)
 Next Bits: [0x00000278a65f0000, 0x00000278a7580000)

Polling page: 0x000002788c950000

Metaspace:

Usage:
  Non-class:     18.44 MB capacity,    18.18 MB ( 99%) used,   216.43 KB (  1%) free+waste,    52.25 KB ( <1%) overhead. 
      Class:      2.41 MB capacity,     2.22 MB ( 92%) used,   172.37 KB (  7%) free+waste,    25.25 KB (  1%) overhead. 
       Both:     20.86 MB capacity,    20.40 MB ( 98%) used,   388.80 KB (  2%) free+waste,    77.50 KB ( <1%) overhead. 

Virtual space:
  Non-class space:       34.00 MB reserved,      18.50 MB ( 54%) committed 
      Class space:        1.00 GB reserved,       2.50 MB ( <1%) committed 
             Both:        1.03 GB reserved,      21.00 MB (  2%) committed 

Chunk freelists:
   Non-Class:  7.13 KB
       Class:  3.13 KB
        Both:  10.25 KB

CodeHeap 'non-profiled nmethods': size=120000Kb used=553Kb max_used=553Kb free=119446Kb
 bounds [0x000002789e790000, 0x000002789ea00000, 0x00000278a5cc0000]
CodeHeap 'profiled nmethods': size=120000Kb used=3125Kb max_used=3125Kb free=116874Kb
 bounds [0x0000027897260000, 0x0000027897570000, 0x000002789e790000]
CodeHeap 'non-nmethods': size=5760Kb used=1111Kb max_used=1121Kb free=4648Kb
 bounds [0x0000027896cc0000, 0x0000027896f30000, 0x0000027897260000]
 total_blobs=2372 nmethods=1607 adapters=333
 compilation: enabled
              stopped_count=0, restarted_count=0
 full_count=0

Compilation events (10 events):
Event: 9.149 Thread 0x00000278aaf80000 1563       3       java.lang.invoke.BoundMethodHandle$Specializer$Factory::chooseFieldName (25 bytes)
Event: 9.150 Thread 0x00000278aaf80000 nmethod 1563 0x000002789754ab10 code [0x000002789754ae00, 0x000002789754bb40]
Event: 9.150 Thread 0x00000278aaf80000 1567       3       jdk.internal.org.objectweb.asm.ClassWriter::toByteArray (1423 bytes)
Event: 9.154 Thread 0x00000278aaf80000 nmethod 1567 0x000002789754c090 code [0x000002789754c980, 0x0000027897550590]
Event: 9.154 Thread 0x00000278aaf80000 1564       3       java.lang.invoke.ClassSpecializer$Factory::chooseFieldName (32 bytes)
Event: 9.154 Thread 0x00000278aaf80000 nmethod 1564 0x0000027897551d10 code [0x0000027897551fc0, 0x0000027897552a00]
Event: 9.154 Thread 0x00000278aaf80000 1565       3       java.lang.invoke.MethodHandles$Lookup::restrictProtectedReceiver (51 bytes)
Event: 9.155 Thread 0x00000278aaf80000 nmethod 1565 0x0000027897552e10 code [0x00000278975530c0, 0x0000027897553c90]
Event: 9.237 Thread 0x00000278aaf80000 1568       3       java.lang.invoke.LambdaFormEditor$Transform::equals (32 bytes)
Event: 9.238 Thread 0x00000278aaf80000 nmethod 1568 0x0000027897554010 code [0x00000278975541e0, 0x0000027897554410]

GC Heap History (2 events):
Event: 6.162 GC heap before
{Heap before GC invocations=0 (full 0):
 garbage-first heap   total 65536K, used 24576K [0x00000000c1c00000, 0x0000000100000000)
  region size 1024K, 24 young (24576K), 0 survivors (0K)
 Metaspace       used 12062K, capacity 12276K, committed 12416K, reserved 1060864K
  class space    used 1194K, capacity 1290K, committed 1408K, reserved 1048576K
}
Event: 6.168 GC heap after
{Heap after GC invocations=1 (full 0):
 garbage-first heap   total 65536K, used 6918K [0x00000000c1c00000, 0x0000000100000000)
  region size 1024K, 3 young (3072K), 3 survivors (3072K)
 Metaspace       used 12062K, capacity 12276K, committed 12416K, reserved 1060864K
  class space    used 1194K, capacity 1290K, committed 1408K, reserved 1048576K
}

Deoptimization events (10 events):
Event: 5.344 Thread 0x000002788e9a9800 Uncommon trap: reason=class_check action=maybe_recompile pc=0x000002789e7bfc08 method=java.util.HashMap.putVal(ILjava/lang/Object;Ljava/lang/Object;ZZ)Ljava/lang/Object; @ 91 c2
Event: 5.344 Thread 0x000002788e9a9800 Uncommon trap: reason=class_check action=maybe_recompile pc=0x000002789e7bfc08 method=java.util.HashMap.putVal(ILjava/lang/Object;Ljava/lang/Object;ZZ)Ljava/lang/Object; @ 91 c2
Event: 5.344 Thread 0x000002788e9a9800 Uncommon trap: reason=class_check action=maybe_recompile pc=0x000002789e7bfc08 method=java.util.HashMap.putVal(ILjava/lang/Object;Ljava/lang/Object;ZZ)Ljava/lang/Object; @ 91 c2
Event: 5.344 Thread 0x000002788e9a9800 Uncommon trap: reason=class_check action=maybe_recompile pc=0x000002789e7bfc08 method=java.util.HashMap.putVal(ILjava/lang/Object;Ljava/lang/Object;ZZ)Ljava/lang/Object; @ 91 c2
Event: 5.578 Thread 0x000002788e9a9800 Uncommon trap: reason=class_check action=maybe_recompile pc=0x000002789e7d0398 method=java.util.HashMap.putVal(ILjava/lang/Object;Ljava/lang/Object;ZZ)Ljava/lang/Object; @ 253 c2
Event: 5.798 Thread 0x000002788e9a9800 Uncommon trap: reason=class_check action=maybe_recompile pc=0x000002789e7d0398 method=java.util.HashMap.putVal(ILjava/lang/Object;Ljava/lang/Object;ZZ)Ljava/lang/Object; @ 253 c2
Event: 6.505 Thread 0x000002788e9a9800 Uncommon trap: reason=unstable_if action=reinterpret pc=0x000002789e7e87d8 method=java.util.HashMap.hash(Ljava/lang/Object;)I @ 1 c2
Event: 6.505 Thread 0x000002788e9a9800 Uncommon trap: reason=unstable_if action=reinterpret pc=0x000002789e7e91ac method=java.util.HashMap.hash(Ljava/lang/Object;)I @ 1 c2
Event: 7.561 Thread 0x000002788e9a9800 Uncommon trap: reason=unstable_if action=reinterpret pc=0x000002789e7f66a0 method=java.util.concurrent.ConcurrentHashMap.putVal(Ljava/lang/Object;Ljava/lang/Object;Z)Ljava/lang/Object; @ 148 c2
Event: 8.960 Thread 0x00000278ac870000 Uncommon trap: reason=unstable_if action=reinterpret pc=0x000002789e7c3be0 method=java.util.jar.Manifest$FastInputStream.readLine([BII)I @ 90 c2

Classes redefined (0 events):
No events

Internal exceptions (10 events):
Event: 7.100 Thread 0x000002788e9a9800 Exception <a 'java/lang/NoSuchMethodError'{0x00000000c5073c08}: java.lang.invoke.DirectMethodHandle$Holder.invokeStaticInit(Ljava/lang/Object;Ljava/lang/Object;Ljava/lang/Object;)Ljava/lang/Object;> (0x00000000c5073c08) thrown at [t:/workspace/open/src/ho
Event: 8.215 Thread 0x000002788e9a9800 Exception <a 'java/lang/NoSuchMethodError'{0x00000000c4f4e278}: java.lang.invoke.DirectMethodHandle$Holder.invokeVirtual(Ljava/lang/Object;Ljava/lang/Object;Ljava/lang/Object;Ljava/lang/Object;)V> (0x00000000c4f4e278) thrown at [t:/workspace/open/src/hots
Event: 8.453 Thread 0x000002788e9a9800 Exception <a 'java/lang/NoSuchMethodError'{0x00000000c4ea4928}: java.lang.invoke.DirectMethodHandle$Holder.invokeSpecial(Ljava/lang/Object;Ljava/lang/Object;Ljava/lang/Object;Ljava/lang/Object;Ljava/lang/Object;)V> (0x00000000c4ea4928) thrown at [t:/works
Event: 8.513 Thread 0x00000278ac870000 Exception <a 'java/lang/NoClassDefFoundError'{0x00000000c4d1a768}: javax/validation/Validation> (0x00000000c4d1a768) thrown at [t:/workspace/open/src/hotspot/share/classfile/systemDictionary.cpp, line 220]
Event: 9.074 Thread 0x00000278ac870000 Exception <a 'java/lang/NoSuchMethodError'{0x00000000c4bf1420}: java.lang.invoke.DirectMethodHandle$Holder.invokeInterface(Ljava/lang/Object;Ljava/lang/Object;)I> (0x00000000c4bf1420) thrown at [t:/workspace/open/src/hotspot/share/interpreter/linkResolver
Event: 9.091 Thread 0x000002788e9a9800 Exception <a 'java/lang/NoSuchMethodError'{0x00000000c4a13748}: java.lang.invoke.DirectMethodHandle$Holder.invokeSpecialIFC(Ljava/lang/Object;Ljava/lang/Object;I)I> (0x00000000c4a13748) thrown at [t:/workspace/open/src/hotspot/share/interpreter/linkResolv
Event: 9.135 Thread 0x00000278ac870000 Exception <a 'java/lang/NoSuchMethodError'{0x00000000c4aa7d08}: java.lang.invoke.DirectMethodHandle$Holder.invokeStaticInit(Ljava/lang/Object;Ljava/lang/Object;Ljava/lang/Object;Ljava/lang/Object;Ljava/lang/Object;)Ljava/lang/Object;> (0x00000000c4aa7d08)
Event: 9.145 Thread 0x00000278ac870000 Exception <a 'java/lang/NoSuchMethodError'{0x00000000c4963cb8}: java.lang.invoke.DirectMethodHandle$Holder.invokeSpecial(Ljava/lang/Object;Ljava/lang/Object;IILjava/lang/Object;Ljava/lang/Object;Ljava/lang/Object;)Ljava/lang/Object;> (0x00000000c4963cb8) 
Event: 9.145 Thread 0x00000278ac870000 Exception <a 'java/lang/NoSuchMethodError'{0x00000000c4967240}: java.lang.invoke.DelegatingMethodHandle$Holder.reinvoke_L(Ljava/lang/Object;IILjava/lang/Object;Ljava/lang/Object;Ljava/lang/Object;)Ljava/lang/Object;> (0x00000000c4967240) thrown at [t:/wor
Event: 9.145 Thread 0x00000278ac870000 Exception <a 'java/lang/NoSuchMethodError'{0x00000000c496b220}: java.lang.invoke.DirectMethodHandle$Holder.invokeStatic(Ljava/lang/Object;Ljava/lang/Object;Ljava/lang/Object;Ljava/lang/Object;I)Ljava/lang/Object;> (0x00000000c496b220) thrown at [t:/worksp

Events (10 events):
Event: 9.248 loading class org/springframework/beans/BeanMetadataAttributeAccessor done
Event: 9.248 loading class org/springframework/core/AttributeAccessorSupport
Event: 9.248 loading class org/springframework/core/AttributeAccessorSupport done
Event: 9.249 loading class org/springframework/beans/factory/support/RootBeanDefinition
Event: 9.249 loading class org/springframework/beans/factory/support/RootBeanDefinition done
Event: 9.250 loading class org/springframework/util/ReflectionUtils$MethodCallback
Event: 9.250 loading class org/springframework/util/ReflectionUtils$MethodCallback done
Event: 9.251 loading class org/springframework/beans/factory/support/AutowireCandidateResolver
Event: 9.251 loading class org/springframework/beans/factory/support/AutowireCandidateResolver done
Event: 9.252 loading class java/io/NotSerializableException


Dynamic libraries:
0x00007ff7ef730000 - 0x00007ff7ef777000 	C:\Program Files\Java\jdk-11.0.1\bin\java.exe
0x00007ffbf7de0000 - 0x00007ffbf7fd0000 	C:\WINDOWS\SYSTEM32\ntdll.dll
0x00007ffbf7cb0000 - 0x00007ffbf7d62000 	C:\WINDOWS\System32\KERNEL32.DLL
0x00007ffbf5740000 - 0x00007ffbf59e4000 	C:\WINDOWS\System32\KERNELBASE.dll
0x00007ffbf7980000 - 0x00007ffbf7a23000 	C:\WINDOWS\System32\ADVAPI32.dll
0x00007ffbf7be0000 - 0x00007ffbf7c7e000 	C:\WINDOWS\System32\msvcrt.dll
0x00007ffbf60a0000 - 0x00007ffbf6137000 	C:\WINDOWS\System32\sechost.dll
0x00007ffbf6a40000 - 0x00007ffbf6b60000 	C:\WINDOWS\System32\RPCRT4.dll
0x00007ffbf7a30000 - 0x00007ffbf7bc4000 	C:\WINDOWS\System32\USER32.dll
0x00007ffbf5be0000 - 0x00007ffbf5c01000 	C:\WINDOWS\System32\win32u.dll
0x00007ffbf7d70000 - 0x00007ffbf7d96000 	C:\WINDOWS\System32\GDI32.dll
0x00007ffbf5c40000 - 0x00007ffbf5dd5000 	C:\WINDOWS\System32\gdi32full.dll
0x00007ffbf56a0000 - 0x00007ffbf573e000 	C:\WINDOWS\System32\msvcp_win.dll
0x00007ffbf5a40000 - 0x00007ffbf5b3a000 	C:\WINDOWS\System32\ucrtbase.dll
0x00007ffbe02c0000 - 0x00007ffbe0544000 	C:\WINDOWS\WinSxS\amd64_microsoft.windows.common-controls_6595b64144ccf1df_6.0.18362.900_none_e6beb9d913147d17\COMCTL32.dll
0x00007ffbf7570000 - 0x00007ffbf78a5000 	C:\WINDOWS\System32\combase.dll
0x00007ffbef530000 - 0x00007ffbef53a000 	C:\WINDOWS\SYSTEM32\VERSION.dll
0x00007ffbf5b60000 - 0x00007ffbf5be0000 	C:\WINDOWS\System32\bcryptPrimitives.dll
0x00007ffbf7c80000 - 0x00007ffbf7cae000 	C:\WINDOWS\System32\IMM32.DLL
0x00007ffbf0df0000 - 0x00007ffbf0e06000 	C:\Program Files\Java\jdk-11.0.1\bin\vcruntime140.dll
0x00007ffbeaca0000 - 0x00007ffbead4a000 	C:\Program Files\Java\jdk-11.0.1\bin\msvcp140.dll
0x00007ffbc9250000 - 0x00007ffbc9d92000 	C:\Program Files\Java\jdk-11.0.1\bin\server\jvm.dll
0x00007ffbf6d10000 - 0x00007ffbf6d18000 	C:\WINDOWS\System32\PSAPI.DLL
0x00007ffbec6d0000 - 0x00007ffbec6d9000 	C:\WINDOWS\SYSTEM32\WSOCK32.dll
0x00007ffbf25d0000 - 0x00007ffbf25f4000 	C:\WINDOWS\SYSTEM32\WINMM.dll
0x00007ffbf6f00000 - 0x00007ffbf6f6f000 	C:\WINDOWS\System32\WS2_32.dll
0x00007ffbf25a0000 - 0x00007ffbf25cd000 	C:\WINDOWS\SYSTEM32\WINMMBASE.dll
0x00007ffbf59f0000 - 0x00007ffbf5a3a000 	C:\WINDOWS\System32\cfgmgr32.dll
0x00007ffbf4cb0000 - 0x00007ffbf4cc1000 	C:\WINDOWS\System32\kernel.appcore.dll
0x00007ffbef140000 - 0x00007ffbef151000 	C:\Program Files\Java\jdk-11.0.1\bin\verify.dll
0x00007ffbf35d0000 - 0x00007ffbf37c4000 	C:\WINDOWS\SYSTEM32\DBGHELP.DLL
0x00007ffbde820000 - 0x00007ffbde84a000 	C:\WINDOWS\SYSTEM32\dbgcore.DLL
0x00007ffbec310000 - 0x00007ffbec339000 	C:\Program Files\Java\jdk-11.0.1\bin\java.dll
0x00007ffbeac70000 - 0x00007ffbeac9f000 	C:\Program Files\Java\jdk-11.0.1\bin\instrument.dll
0x00007ffbec2f0000 - 0x00007ffbec306000 	C:\Program Files\Java\jdk-11.0.1\bin\zip.dll
0x00007ffbf2640000 - 0x00007ffbf264a000 	C:\Program Files\Java\jdk-11.0.1\bin\jimage.dll
0x00007ffbf6270000 - 0x00007ffbf6956000 	C:\WINDOWS\System32\SHELL32.dll
0x00007ffbf6d20000 - 0x00007ffbf6dc9000 	C:\WINDOWS\System32\shcore.dll
0x00007ffbf4d70000 - 0x00007ffbf54f0000 	C:\WINDOWS\System32\windows.storage.dll
0x00007ffbf4d40000 - 0x00007ffbf4d63000 	C:\WINDOWS\System32\profapi.dll
0x00007ffbf4cd0000 - 0x00007ffbf4d1a000 	C:\WINDOWS\System32\powrprof.dll
0x00007ffbf4ca0000 - 0x00007ffbf4cb0000 	C:\WINDOWS\System32\UMPDC.dll
0x00007ffbf6210000 - 0x00007ffbf6262000 	C:\WINDOWS\System32\shlwapi.dll
0x00007ffbf5b40000 - 0x00007ffbf5b57000 	C:\WINDOWS\System32\cryptsp.dll
0x00007ffbea510000 - 0x00007ffbea529000 	C:\Program Files\Java\jdk-11.0.1\bin\net.dll
0x00007ffbed160000 - 0x00007ffbed250000 	C:\WINDOWS\SYSTEM32\WINHTTP.dll
0x00007ffbf44b0000 - 0x00007ffbf4517000 	C:\WINDOWS\system32\mswsock.dll
0x00007ffbea4f0000 - 0x00007ffbea503000 	C:\Program Files\Java\jdk-11.0.1\bin\nio.dll
0x00007ffbea4b0000 - 0x00007ffbea4ca000 	C:\Program Files\JetBrains\IntelliJ IDEA Community Edition 2020.3.1\bin\breakgen64.dll
0x00007ffbf2610000 - 0x00007ffbf2619000 	C:\Program Files\Java\jdk-11.0.1\bin\management.dll
0x00007ffbf00b0000 - 0x00007ffbf00bc000 	C:\Program Files\Java\jdk-11.0.1\bin\management_ext.dll
0x00007ffbea490000 - 0x00007ffbea4a6000 	C:\WINDOWS\system32\napinsp.dll
0x00007ffbea470000 - 0x00007ffbea48a000 	C:\WINDOWS\system32\pnrpnsp.dll
0x00007ffbf4200000 - 0x00007ffbf42cb000 	C:\WINDOWS\SYSTEM32\DNSAPI.dll
0x00007ffbf7bd0000 - 0x00007ffbf7bd8000 	C:\WINDOWS\System32\NSI.dll
0x00007ffbf41c0000 - 0x00007ffbf41fa000 	C:\WINDOWS\SYSTEM32\IPHLPAPI.DLL
0x00007ffbec930000 - 0x00007ffbec93e000 	C:\WINDOWS\System32\winrnr.dll
0x00007ffbf0cf0000 - 0x00007ffbf0d0c000 	C:\WINDOWS\system32\NLAapi.dll
0x00007ffbda390000 - 0x00007ffbda3a5000 	C:\WINDOWS\system32\wshbth.dll
0x00007ffbeb790000 - 0x00007ffbeb79a000 	C:\Windows\System32\rasadhlp.dll
0x00007ffbedc90000 - 0x00007ffbedd07000 	C:\WINDOWS\System32\fwpuclnt.dll
0x00007ffbf5c10000 - 0x00007ffbf5c36000 	C:\WINDOWS\System32\bcrypt.dll

dbghelp: loaded successfully - version: 4.0.5 - missing functions: none
symbol engine: initialized successfully - sym options: 0x614 - pdb path: .;C:\Program Files\Java\jdk-11.0.1\bin;C:\WINDOWS\SYSTEM32;C:\WINDOWS\WinSxS\amd64_microsoft.windows.common-controls_6595b64144ccf1df_6.0.18362.900_none_e6beb9d913147d17;C:\Program Files\Java\jdk-11.0.1\bin\server;C:\Program Files\JetBrains\IntelliJ IDEA Community Edition 2020.3.1\bin

VM Arguments:
jvm_args: -javaagent:C:\Program Files\JetBrains\IntelliJ IDEA Community Edition 2020.3.1\lib\idea_rt.jar=63225:C:\Program Files\JetBrains\IntelliJ IDEA Community Edition 2020.3.1\bin -Dfile.encoding=UTF-8 
java_command: com.dryfire.medify_art.MedifyArtApplication
java_class_path (initial): C:\Users\Saurabh Tripathi\IdeaProjects\medify-art\target\classes;C:\Users\Saurabh Tripathi\.m2\repository\org\springframework\boot\spring-boot-starter-web\2.4.2\spring-boot-starter-web-2.4.2.jar;C:\Users\Saurabh Tripathi\.m2\repository\org\springframework\boot\spring-boot-starter\2.4.2\spring-boot-starter-2.4.2.jar;C:\Users\Saurabh Tripathi\.m2\repository\org\springframework\boot\spring-boot\2.4.2\spring-boot-2.4.2.jar;C:\Users\Saurabh Tripathi\.m2\repository\org\springframework\boot\spring-boot-autoconfigure\2.4.2\spring-boot-autoconfigure-2.4.2.jar;C:\Users\Saurabh Tripathi\.m2\repository\org\springframework\boot\spring-boot-starter-logging\2.4.2\spring-boot-starter-logging-2.4.2.jar;C:\Users\Saurabh Tripathi\.m2\repository\ch\qos\logback\logback-classic\1.2.3\logback-classic-1.2.3.jar;C:\Users\Saurabh Tripathi\.m2\repository\ch\qos\logback\logback-core\1.2.3\logback-core-1.2.3.jar;C:\Users\Saurabh Tripathi\.m2\repository\org\apache\logging\log4j\log4j-to-slf4j\2.13.3\log4j-to-slf4j-2.13.3.jar;C:\Users\Saurabh Tripathi\.m2\repository\org\apache\logging\log4j\log4j-api\2.13.3\log4j-api-2.13.3.jar;C:\Users\Saurabh Tripathi\.m2\repository\org\slf4j\jul-to-slf4j\1.7.30\jul-to-slf4j-1.7.30.jar;C:\Users\Saurabh Tripathi\.m2\repository\jakarta\annotation\jakarta.annotation-api\1.3.5\jakarta.annotation-api-1.3.5.jar;C:\Users\Saurabh Tripathi\.m2\repository\org\yaml\snakeyaml\1.27\snakeyaml-1.27.jar;C:\Users\Saurabh Tripathi\.m2\repository\org\springframework\boot\spring-boot-starter-json\2.4.2\spring-boot-starter-json-2.4.2.jar;C:\Users\Saurabh Tripathi\.m2\repository\com\fasterxml\jackson\core\jackson-databind\2.11.4\jackson-databind-2.11.4.jar;C:\Users\Saurabh Tripathi\.m2\repository\com\fasterxml\jackson\core\jackson-annotations\2.11.4\jackson-annotations-2.11.4.jar;C:\Users\Saurabh Tripathi\.m2\repository\com\fasterxml\jackson\core\jackson-core\2.11.4\jackson-core-2.11.4.jar;C:\Users\Saurabh Tripathi\.m2\repository\com\fasterxml\jackson\da
Launcher Type: SUN_STANDARD

[Global flags]
     intx CICompilerCount                          = 4                                         {product} {ergonomic}
     uint ConcGCThreads                            = 2                                         {product} {ergonomic}
     uint G1ConcRefinementThreads                  = 8                                         {product} {ergonomic}
   size_t G1HeapRegionSize                         = 1048576                                   {product} {ergonomic}
    uintx GCDrainStackTargetSize                   = 64                                        {product} {ergonomic}
   size_t InitialHeapSize                          = 67108864                                  {product} {ergonomic}
   size_t MarkStackSize                            = 4194304                                   {product} {ergonomic}
   size_t MaxHeapSize                              = 1044381696                                {product} {ergonomic}
   size_t MaxNewSize                               = 625999872                                 {product} {ergonomic}
   size_t MinHeapDeltaBytes                        = 1048576                                   {product} {ergonomic}
    uintx NonNMethodCodeHeapSize                   = 5835340                                {pd product} {ergonomic}
    uintx NonProfiledCodeHeapSize                  = 122911450                              {pd product} {ergonomic}
    uintx ProfiledCodeHeapSize                     = 122911450                              {pd product} {ergonomic}
    uintx ReservedCodeCacheSize                    = 251658240                              {pd product} {ergonomic}
     bool SegmentedCodeCache                       = true                                      {product} {ergonomic}
     bool UseCompressedClassPointers               = true                                 {lp64_product} {ergonomic}
     bool UseCompressedOops                        = true                                 {lp64_product} {ergonomic}
     bool UseG1GC                                  = true                                      {product} {ergonomic}
     bool UseLargePagesIndividualAllocation        = false                                  {pd product} {ergonomic}

Logging:
Log output configuration:
 #0: stdout all=warning uptime,level,tags
 #1: stderr all=off uptime,level,tags

Environment Variables:
PATH=C:\Program Files (x86)\Intel\Intel(R) Management Engine Components\iCLS\;C:\Program Files\Intel\Intel(R) Management Engine Components\iCLS\;C:\WINDOWS\system32;C:\WINDOWS;C:\WINDOWS\System32\Wbem;C:\WINDOWS\System32\WindowsPowerShell\v1.0\;C:\WINDOWS\System32\OpenSSH\;C:\Program Files (x86)\Intel\Intel(R) Management Engine Components\DAL;C:\Program Files\Intel\Intel(R) Management Engine Components\DAL;C:\Program Files (x86)\Intel\Intel(R) Management Engine Components\IPT;C:\Program Files\Intel\Intel(R) Management Engine Components\IPT;C:\Program Files\Java\jdk-11.0.1\bin;C:\Program Files\Git\cmd;C:\ProgramData\chocolatey\bin;C:\Users\Saurabh Tripathi\AppData\Local\Microsoft\WindowsApps;C:\Users\Saurabh Tripathi\AppData\Local\Programs\Python\Python36-32\Scripts;C:\Users\Saurabh Tripathi\AppData\Local\Programs\Python\Python36-32;;C:\Program Files\heroku\bin
USERNAME=Saurabh Tripathi
OS=Windows_NT
PROCESSOR_IDENTIFIER=Intel64 Family 6 Model 142 Stepping 10, GenuineIntel



---------------  S Y S T E M  ---------------

OS: Windows 10 , 64 bit Build 18362 (10.0.18362.900)

CPU:total 8 (initial active 8) (4 cores per cpu, 2 threads per core) family 6 model 142 stepping 10, cmov, cx8, fxsr, mmx, sse, sse2, sse3, ssse3, sse4.1, sse4.2, popcnt, avx, avx2, aes, clmul, erms, 3dnowpref, lzcnt, ht, tsc, tscinvbit, bmi1, bmi2, adx, fma

Memory: 4k page, system-wide physical 3977M (332M free)
TotalPageFile size 6743M (AvailPageFile size 1M)
current process WorkingSet (physical memory assigned to process): 103M, peak: 103M
current process commit charge ("private bytes"): 169M, peak: 170M

vm_info: Java HotSpot(TM) 64-Bit Server VM (11.0.1+13-LTS) for windows-amd64 JRE (11.0.1+13-LTS), built on Oct  6 2018 13:20:16 by "mach5one" with MS VC++ 15.5 (VS2017)

END.
