#
# There is insufficient memory for the Java Runtime Environment to continue.
# Native memory allocation (malloc) failed to allocate 276016 bytes for Chunk::new
# Possible reasons:
#   The system is out of physical RAM or swap space
#   The process is running with CompressedOops enabled, and the Java Heap may be blocking the growth of the native heap
# Possible solutions:
#   Reduce memory load on the system
#   Increase physical memory or swap space
#   Check if swap backing store is full
#   Decrease Java heap size (-Xmx/-Xms)
#   Decrease number of Java threads
#   Decrease Java thread stack sizes (-Xss)
#   Set larger code cache with -XX:ReservedCodeCacheSize=
#   JVM is running with Unscaled Compressed Oops mode in which the Java heap is
#     placed in the first 4GB address space. The Java Heap base address is the
#     maximum limit for the native heap growth. Please use -XX:HeapBaseMinAddress
#     to set the Java Heap base and to place the Java Heap above 4GB virtual address.
# This output file may be truncated or incomplete.
#
#  Out of Memory Error (t:/workspace/open/src/hotspot/share/memory/arena.cpp:197), pid=3216, tid=14920
#
# JRE version: Java(TM) SE Runtime Environment (11.0.1+13) (build 11.0.1+13-LTS)
# Java VM: Java HotSpot(TM) 64-Bit Server VM (11.0.1+13-LTS, mixed mode, tiered, compressed oops, g1 gc, windows-amd64)
# No core dump will be written. Minidumps are not enabled by default on client versions of Windows
#

---------------  S U M M A R Y ------------

Command Line: -javaagent:C:\Program Files\JetBrains\IntelliJ IDEA Community Edition 2020.3.1\lib\idea_rt.jar=64008:C:\Program Files\JetBrains\IntelliJ IDEA Community Edition 2020.3.1\bin -Dfile.encoding=UTF-8 com.dryfire.medify_art.MedifyArtApplication

Host: Intel(R) Core(TM) i5-8250U CPU @ 1.60GHz, 8 cores, 3G,  Windows 10 , 64 bit Build 18362 (10.0.18362.900)
Time: Sun Jan 24 17:13:51 2021 India Standard Time elapsed time: 54 seconds (0d 0h 0m 54s)

---------------  T H R E A D  ---------------

Current thread (0x00000280745b2000):  JavaThread "C2 CompilerThread0" daemon [_thread_in_native, id=14920, stack(0x000000fdf2100000,0x000000fdf2200000)]


Current CompileTask:
C2:  54864 5788  s    4       java.security.Provider::getService (91 bytes)

Stack: [0x000000fdf2100000,0x000000fdf2200000]
Native frames: (J=compiled Java code, j=interpreted, Vv=VM code, C=native code)
V  [jvm.dll+0x63c21a]
V  [jvm.dll+0x7797df]
V  [jvm.dll+0x77adca]
V  [jvm.dll+0x77b483]
V  [jvm.dll+0x2627f8]
V  [jvm.dll+0xc5c71]
V  [jvm.dll+0xc61fc]
V  [jvm.dll+0x36f8a7]
V  [jvm.dll+0x1ad459]
V  [jvm.dll+0x21c8d2]
V  [jvm.dll+0x21b96a]
V  [jvm.dll+0x198390]
V  [jvm.dll+0x22a97f]
V  [jvm.dll+0x228f98]
V  [jvm.dll+0x73f03d]
V  [jvm.dll+0x63b2b2]
C  [ucrtbase.dll+0x20e82]
C  [KERNEL32.DLL+0x17bd4]
C  [ntdll.dll+0x6ce51]


---------------  P R O C E S S  ---------------

Threads class SMR info:
_java_thread_list=0x000002807b2f8b40, length=34, elements={
0x0000028074592000, 0x0000028074592800, 0x0000028074f42800, 0x0000028074f43800,
0x00000280745b2000, 0x00000280745bf000, 0x00000280745fd800, 0x0000028074545800,
0x0000028075595000, 0x0000028075346000, 0x0000028078994000, 0x000002807835a800,
0x00000280758ba000, 0x00000280794ae000, 0x000002807894c000, 0x000002807aaaa000,
0x0000028078242800, 0x0000028079a05800, 0x0000028079a09000, 0x0000028079a06800,
0x0000028079a07000, 0x0000028079a08000, 0x0000028079a03000, 0x0000028079a09800,
0x0000028079a04000, 0x0000028079a04800, 0x0000028076825000, 0x0000028076826000,
0x0000028076829000, 0x0000028076826800, 0x000002807682a000, 0x0000028076827800,
0x0000028076824800, 0x000002807682c800
}

Java Threads: ( => current thread )
  0x0000028074592000 JavaThread "Reference Handler" daemon [_thread_blocked, id=6464, stack(0x000000fdf1d00000,0x000000fdf1e00000)]
  0x0000028074592800 JavaThread "Finalizer" daemon [_thread_blocked, id=12412, stack(0x000000fdf1e00000,0x000000fdf1f00000)]
  0x0000028074f42800 JavaThread "Signal Dispatcher" daemon [_thread_blocked, id=4540, stack(0x000000fdf1f00000,0x000000fdf2000000)]
  0x0000028074f43800 JavaThread "Attach Listener" daemon [_thread_blocked, id=10248, stack(0x000000fdf2000000,0x000000fdf2100000)]
=>0x00000280745b2000 JavaThread "C2 CompilerThread0" daemon [_thread_in_native, id=14920, stack(0x000000fdf2100000,0x000000fdf2200000)]
  0x00000280745bf000 JavaThread "C1 CompilerThread0" daemon [_thread_blocked, id=16300, stack(0x000000fdf2200000,0x000000fdf2300000)]
  0x00000280745fd800 JavaThread "Sweeper thread" daemon [_thread_blocked, id=16168, stack(0x000000fdf2300000,0x000000fdf2400000)]
  0x0000028074545800 JavaThread "Common-Cleaner" daemon [_thread_blocked, id=7004, stack(0x000000fdf2400000,0x000000fdf2500000)]
  0x0000028075595000 JavaThread "Monitor Ctrl-Break" daemon [_thread_in_native, id=15628, stack(0x000000fdf2600000,0x000000fdf2700000)]
  0x0000028075346000 JavaThread "Service Thread" daemon [_thread_blocked, id=15864, stack(0x000000fdf2700000,0x000000fdf2800000)]
  0x0000028078994000 JavaThread "Catalina-utility-1" [_thread_blocked, id=15296, stack(0x000000fdf2e00000,0x000000fdf2f00000)]
  0x000002807835a800 JavaThread "Catalina-utility-2" [_thread_blocked, id=5420, stack(0x000000fdf2f00000,0x000000fdf3000000)]
  0x00000280758ba000 JavaThread "container-0" [_thread_blocked, id=15344, stack(0x000000fdf3000000,0x000000fdf3100000)]
  0x00000280794ae000 JavaThread "HikariPool-1 housekeeper" daemon [_thread_blocked, id=12212, stack(0x000000fdf3500000,0x000000fdf3600000)]
  0x000002807894c000 JavaThread "cluster-ClusterId{value='600d5d4f9da8c6152fd2502c', description='null'}-cluster0-shard-00-00.hzmkv.mongodb.net:27017" daemon [_thread_blocked, id=8484, stack(0x000000fdf2500000,0x000000fdf2600000)]
  0x000002807aaaa000 JavaThread "cluster-rtt-ClusterId{value='600d5d4f9da8c6152fd2502c', description='null'}-cluster0-shard-00-00.hzmkv.mongodb.net:27017" daemon [_thread_blocked, id=4444, stack(0x000000fdf2c00000,0x000000fdf2d00000)]
  0x0000028078242800 JavaThread "cluster-ClusterId{value='600d5d4f9da8c6152fd2502c', description='null'}-cluster0-shard-00-01.hzmkv.mongodb.net:27017" daemon [_thread_blocked, id=16128, stack(0x000000fdf3700000,0x000000fdf3800000)]
  0x0000028079a05800 JavaThread "cluster-rtt-ClusterId{value='600d5d4f9da8c6152fd2502c', description='null'}-cluster0-shard-00-01.hzmkv.mongodb.net:27017" daemon [_thread_blocked, id=11880, stack(0x000000fdf3800000,0x000000fdf3900000)]
  0x0000028079a09000 JavaThread "cluster-ClusterId{value='600d5d4f9da8c6152fd2502c', description='null'}-cluster0-shard-00-02.hzmkv.mongodb.net:27017" daemon [_thread_blocked, id=2276, stack(0x000000fdf3900000,0x000000fdf3a00000)]
  0x0000028079a06800 JavaThread "cluster-rtt-ClusterId{value='600d5d4f9da8c6152fd2502c', description='null'}-cluster0-shard-00-02.hzmkv.mongodb.net:27017" daemon [_thread_blocked, id=13860, stack(0x000000fdf3a00000,0x000000fdf3b00000)]
  0x0000028079a07000 JavaThread "http-nio-8080-BlockPoller" daemon [_thread_in_native, id=16208, stack(0x000000fdf3600000,0x000000fdf3700000)]
  0x0000028079a08000 JavaThread "http-nio-8080-exec-1" daemon [_thread_blocked, id=15448, stack(0x000000fdf3e00000,0x000000fdf3f00000)]
  0x0000028079a03000 JavaThread "http-nio-8080-exec-2" daemon [_thread_blocked, id=8432, stack(0x000000fdf3f00000,0x000000fdf4000000)]
  0x0000028079a09800 JavaThread "http-nio-8080-exec-3" daemon [_thread_blocked, id=13288, stack(0x000000fdf4000000,0x000000fdf4100000)]
  0x0000028079a04000 JavaThread "http-nio-8080-exec-4" daemon [_thread_blocked, id=15648, stack(0x000000fdf4100000,0x000000fdf4200000)]
  0x0000028079a04800 JavaThread "http-nio-8080-exec-5" daemon [_thread_blocked, id=10012, stack(0x000000fdf4200000,0x000000fdf4300000)]
  0x0000028076825000 JavaThread "http-nio-8080-exec-6" daemon [_thread_blocked, id=14796, stack(0x000000fdf4300000,0x000000fdf4400000)]
  0x0000028076826000 JavaThread "http-nio-8080-exec-7" daemon [_thread_blocked, id=8400, stack(0x000000fdf4400000,0x000000fdf4500000)]
  0x0000028076829000 JavaThread "http-nio-8080-exec-8" daemon [_thread_blocked, id=5952, stack(0x000000fdf4500000,0x000000fdf4600000)]
  0x0000028076826800 JavaThread "http-nio-8080-exec-9" daemon [_thread_blocked, id=12904, stack(0x000000fdf4600000,0x000000fdf4700000)]
  0x000002807682a000 JavaThread "http-nio-8080-exec-10" daemon [_thread_blocked, id=13572, stack(0x000000fdf4700000,0x000000fdf4800000)]
  0x0000028076827800 JavaThread "http-nio-8080-ClientPoller" daemon [_thread_in_native, id=14052, stack(0x000000fdf4800000,0x000000fdf4900000)]
  0x0000028076824800 JavaThread "http-nio-8080-Acceptor" daemon [_thread_in_native, id=15924, stack(0x000000fdf4900000,0x000000fdf4a00000)]
  0x000002807682c800 JavaThread "DestroyJavaVM" [_thread_blocked, id=12924, stack(0x000000fdf1600000,0x000000fdf1700000)]

Other Threads:
  0x0000028074570000 VMThread "VM Thread" [stack: 0x000000fdf1c00000,0x000000fdf1d00000] [id=5844]
  0x0000028075596000 WatcherThread [stack: 0x000000fdf2800000,0x000000fdf2900000] [id=14068]
  0x0000028058030800 GCTaskThread "GC Thread#0" [stack: 0x000000fdf1700000,0x000000fdf1800000] [id=8236]
  0x000002807595c800 GCTaskThread "GC Thread#1" [stack: 0x000000fdf2a00000,0x000000fdf2b00000] [id=16240]
  0x000002807667e800 GCTaskThread "GC Thread#2" [stack: 0x000000fdf2900000,0x000000fdf2a00000] [id=13964]
  0x0000028075909000 GCTaskThread "GC Thread#3" [stack: 0x000000fdf2b00000,0x000000fdf2c00000] [id=12572]
  0x00000280780c7000 GCTaskThread "GC Thread#4" [stack: 0x000000fdf3100000,0x000000fdf3200000] [id=12160]
  0x000002807a0c7800 GCTaskThread "GC Thread#5" [stack: 0x000000fdf3200000,0x000000fdf3300000] [id=8604]
  0x0000028078bd4800 GCTaskThread "GC Thread#6" [stack: 0x000000fdf3300000,0x000000fdf3400000] [id=3492]
  0x00000280785fc000 GCTaskThread "GC Thread#7" [stack: 0x000000fdf3400000,0x000000fdf3500000] [id=11188]
  0x000002805804e800 ConcurrentGCThread "G1 Main Marker" [stack: 0x000000fdf1800000,0x000000fdf1900000] [id=6500]
  0x000002805804f800 ConcurrentGCThread "G1 Conc#0" [stack: 0x000000fdf1900000,0x000000fdf1a00000] [id=1548]
  0x0000028076466800 ConcurrentGCThread "G1 Conc#1" [stack: 0x000000fdf2d00000,0x000000fdf2e00000] [id=10996]
  0x00000280580bb000 ConcurrentGCThread "G1 Refine#0" [stack: 0x000000fdf1a00000,0x000000fdf1b00000] [id=14800]
  0x00000280580bc000 ConcurrentGCThread "G1 Young RemSet Sampling" [stack: 0x000000fdf1b00000,0x000000fdf1c00000] [id=15556]

Threads with active compile tasks:
C2 CompilerThread05788  s    4       java.security.Provider::getService (91 bytes)

VM state:not at safepoint (normal execution)

VM Mutex/Monitor currently owned by a thread: None

Heap address: 0x00000000c1c00000, size: 996 MB, Compressed Oops mode: 32-bit
Narrow klass base: 0x0000000000000000, Narrow klass shift: 3
Compressed class space size: 1073741824 Address: 0x0000000100000000

Heap:
 garbage-first heap   total 65536K, used 42494K [0x00000000c1c00000, 0x0000000100000000)
  region size 1024K, 18 young (18432K), 3 survivors (3072K)
 Metaspace       used 73385K, capacity 75116K, committed 75164K, reserved 1114112K
  class space    used 9309K, capacity 9986K, committed 10008K, reserved 1048576K
Heap Regions: E=young(eden), S=young(survivor), O=old, HS=humongous(starts), HC=humongous(continues), CS=collection set, F=free, A=archive, TAMS=top-at-mark-start (previous, next)
|   0|0x00000000c1c00000, 0x00000000c1d00000, 0x00000000c1d00000|100%|HS|  |TAMS 0x00000000c1d00000, 0x00000000c1c00000| Complete 
|   1|0x00000000c1d00000, 0x00000000c1e00000, 0x00000000c1e00000|100%| O|  |TAMS 0x00000000c1e00000, 0x00000000c1d00000| Untracked 
|   2|0x00000000c1e00000, 0x00000000c1f00000, 0x00000000c1f00000|100%| O|  |TAMS 0x00000000c1f00000, 0x00000000c1e00000| Untracked 
|   3|0x00000000c1f00000, 0x00000000c2000000, 0x00000000c2000000|100%| O|  |TAMS 0x00000000c2000000, 0x00000000c1f00000| Untracked 
|   4|0x00000000c2000000, 0x00000000c2100000, 0x00000000c2100000|100%| O|  |TAMS 0x00000000c2100000, 0x00000000c2000000| Untracked 
|   5|0x00000000c2100000, 0x00000000c2200000, 0x00000000c2200000|100%| O|  |TAMS 0x00000000c2200000, 0x00000000c2100000| Untracked 
|   6|0x00000000c2200000, 0x00000000c2300000, 0x00000000c2300000|100%| O|  |TAMS 0x00000000c2300000, 0x00000000c2200000| Untracked 
|   7|0x00000000c2300000, 0x00000000c2400000, 0x00000000c2400000|100%| O|  |TAMS 0x00000000c2400000, 0x00000000c2300000| Untracked 
|   8|0x00000000c2400000, 0x00000000c2500000, 0x00000000c2500000|100%| O|  |TAMS 0x00000000c2500000, 0x00000000c2400000| Untracked 
|   9|0x00000000c2500000, 0x00000000c2600000, 0x00000000c2600000|100%| O|  |TAMS 0x00000000c2600000, 0x00000000c2500000| Untracked 
|  10|0x00000000c2600000, 0x00000000c2700000, 0x00000000c2700000|100%| O|  |TAMS 0x00000000c2700000, 0x00000000c2600000| Untracked 
|  11|0x00000000c2700000, 0x00000000c2800000, 0x00000000c2800000|100%| O|  |TAMS 0x00000000c2800000, 0x00000000c2700000| Untracked 
|  12|0x00000000c2800000, 0x00000000c2900000, 0x00000000c2900000|100%| O|  |TAMS 0x00000000c2900000, 0x00000000c2800000| Untracked 
|  13|0x00000000c2900000, 0x00000000c2a00000, 0x00000000c2a00000|100%| O|  |TAMS 0x00000000c2a00000, 0x00000000c2900000| Untracked 
|  14|0x00000000c2a00000, 0x00000000c2b00000, 0x00000000c2b00000|100%| O|  |TAMS 0x00000000c2b00000, 0x00000000c2a00000| Untracked 
|  15|0x00000000c2b00000, 0x00000000c2c00000, 0x00000000c2c00000|100%| O|  |TAMS 0x00000000c2c00000, 0x00000000c2b00000| Untracked 
|  16|0x00000000c2c00000, 0x00000000c2d00000, 0x00000000c2d00000|100%| O|  |TAMS 0x00000000c2cdce00, 0x00000000c2c00000| Untracked 
|  17|0x00000000c2d00000, 0x00000000c2e00000, 0x00000000c2e00000|100%| O|  |TAMS 0x00000000c2d00000, 0x00000000c2d00000| Untracked 
|  18|0x00000000c2e00000, 0x00000000c2f00000, 0x00000000c2f00000|100%| O|  |TAMS 0x00000000c2e00000, 0x00000000c2e00000| Untracked 
|  19|0x00000000c2f00000, 0x00000000c3000000, 0x00000000c3000000|100%| O|  |TAMS 0x00000000c2f00000, 0x00000000c2f00000| Untracked 
|  20|0x00000000c3000000, 0x00000000c3100000, 0x00000000c3100000|100%| O|  |TAMS 0x00000000c3000000, 0x00000000c3000000| Untracked 
|  21|0x00000000c3100000, 0x00000000c3200000, 0x00000000c3200000|100%| O|  |TAMS 0x00000000c3100000, 0x00000000c3100000| Untracked 
|  22|0x00000000c3200000, 0x00000000c3300000, 0x00000000c3300000|100%| O|  |TAMS 0x00000000c3200000, 0x00000000c3200000| Untracked 
|  23|0x00000000c3300000, 0x00000000c3400000, 0x00000000c3400000|100%| O|  |TAMS 0x00000000c3300000, 0x00000000c3300000| Untracked 
|  24|0x00000000c3400000, 0x00000000c3497a00, 0x00000000c3500000| 59%| O|  |TAMS 0x00000000c3400000, 0x00000000c3400000| Untracked 
|  25|0x00000000c3500000, 0x00000000c3500000, 0x00000000c3600000|  0%| F|  |TAMS 0x00000000c3500000, 0x00000000c3500000| Untracked 
|  26|0x00000000c3600000, 0x00000000c3600000, 0x00000000c3700000|  0%| F|  |TAMS 0x00000000c3600000, 0x00000000c3600000| Untracked 
|  27|0x00000000c3700000, 0x00000000c3700000, 0x00000000c3800000|  0%| F|  |TAMS 0x00000000c3700000, 0x00000000c3700000| Untracked 
|  28|0x00000000c3800000, 0x00000000c3800000, 0x00000000c3900000|  0%| F|  |TAMS 0x00000000c3800000, 0x00000000c3800000| Untracked 
|  29|0x00000000c3900000, 0x00000000c3900000, 0x00000000c3a00000|  0%| F|  |TAMS 0x00000000c3900000, 0x00000000c3900000| Untracked 
|  30|0x00000000c3a00000, 0x00000000c3a00000, 0x00000000c3b00000|  0%| F|  |TAMS 0x00000000c3a00000, 0x00000000c3a00000| Untracked 
|  31|0x00000000c3b00000, 0x00000000c3b00000, 0x00000000c3c00000|  0%| F|  |TAMS 0x00000000c3b00000, 0x00000000c3b00000| Untracked 
|  32|0x00000000c3c00000, 0x00000000c3c00000, 0x00000000c3d00000|  0%| F|  |TAMS 0x00000000c3c00000, 0x00000000c3c00000| Untracked 
|  33|0x00000000c3d00000, 0x00000000c3d00000, 0x00000000c3e00000|  0%| F|  |TAMS 0x00000000c3d00000, 0x00000000c3d00000| Untracked 
|  34|0x00000000c3e00000, 0x00000000c3ee8048, 0x00000000c3f00000| 90%| S|CS|TAMS 0x00000000c3e00000, 0x00000000c3e00000| Complete 
|  35|0x00000000c3f00000, 0x00000000c4000000, 0x00000000c4000000|100%| S|CS|TAMS 0x00000000c3f00000, 0x00000000c3f00000| Complete 
|  36|0x00000000c4000000, 0x00000000c4000000, 0x00000000c4100000|  0%| F|  |TAMS 0x00000000c4000000, 0x00000000c4000000| Untracked 
|  37|0x00000000c4100000, 0x00000000c4100000, 0x00000000c4200000|  0%| F|  |TAMS 0x00000000c4100000, 0x00000000c4100000| Untracked 
|  38|0x00000000c4200000, 0x00000000c4300000, 0x00000000c4300000|100%| S|CS|TAMS 0x00000000c4200000, 0x00000000c4200000| Complete 
|  39|0x00000000c4300000, 0x00000000c4300000, 0x00000000c4400000|  0%| F|  |TAMS 0x00000000c4300000, 0x00000000c4300000| Untracked 
|  40|0x00000000c4400000, 0x00000000c4400000, 0x00000000c4500000|  0%| F|  |TAMS 0x00000000c4400000, 0x00000000c4400000| Untracked 
|  41|0x00000000c4500000, 0x00000000c4500000, 0x00000000c4600000|  0%| F|  |TAMS 0x00000000c4500000, 0x00000000c4500000| Untracked 
|  42|0x00000000c4600000, 0x00000000c4600000, 0x00000000c4700000|  0%| F|  |TAMS 0x00000000c4600000, 0x00000000c4600000| Untracked 
|  43|0x00000000c4700000, 0x00000000c4700000, 0x00000000c4800000|  0%| F|  |TAMS 0x00000000c4700000, 0x00000000c4700000| Untracked 
|  44|0x00000000c4800000, 0x00000000c4800000, 0x00000000c4900000|  0%| F|  |TAMS 0x00000000c4800000, 0x00000000c4800000| Untracked 
|  45|0x00000000c4900000, 0x00000000c4900000, 0x00000000c4a00000|  0%| F|  |TAMS 0x00000000c4900000, 0x00000000c4900000| Untracked 
|  46|0x00000000c4a00000, 0x00000000c4a00000, 0x00000000c4b00000|  0%| F|  |TAMS 0x00000000c4a00000, 0x00000000c4a00000| Untracked 
|  47|0x00000000c4b00000, 0x00000000c4b00000, 0x00000000c4c00000|  0%| F|  |TAMS 0x00000000c4b00000, 0x00000000c4b00000| Untracked 
|  48|0x00000000c4c00000, 0x00000000c4c00000, 0x00000000c4d00000|  0%| F|  |TAMS 0x00000000c4c00000, 0x00000000c4c00000| Untracked 
|  49|0x00000000c4d00000, 0x00000000c4da46c0, 0x00000000c4e00000| 64%| E|  |TAMS 0x00000000c4d00000, 0x00000000c4d00000| Complete 
|  50|0x00000000c4e00000, 0x00000000c4f00000, 0x00000000c4f00000|100%| E|CS|TAMS 0x00000000c4e00000, 0x00000000c4e00000| Complete 
|  51|0x00000000c4f00000, 0x00000000c5000000, 0x00000000c5000000|100%| E|CS|TAMS 0x00000000c4f00000, 0x00000000c4f00000| Complete 
|  52|0x00000000c5000000, 0x00000000c5100000, 0x00000000c5100000|100%| E|CS|TAMS 0x00000000c5000000, 0x00000000c5000000| Complete 
|  53|0x00000000c5100000, 0x00000000c5200000, 0x00000000c5200000|100%| E|CS|TAMS 0x00000000c5100000, 0x00000000c5100000| Complete 
|  54|0x00000000c5200000, 0x00000000c5300000, 0x00000000c5300000|100%| E|CS|TAMS 0x00000000c5200000, 0x00000000c5200000| Complete 
|  55|0x00000000c5300000, 0x00000000c5400000, 0x00000000c5400000|100%| E|CS|TAMS 0x00000000c5300000, 0x00000000c5300000| Complete 
|  56|0x00000000c5400000, 0x00000000c5500000, 0x00000000c5500000|100%| E|CS|TAMS 0x00000000c5400000, 0x00000000c5400000| Complete 
|  57|0x00000000c5500000, 0x00000000c5600000, 0x00000000c5600000|100%| E|CS|TAMS 0x00000000c5500000, 0x00000000c5500000| Complete 
|  58|0x00000000c5600000, 0x00000000c5700000, 0x00000000c5700000|100%| E|CS|TAMS 0x00000000c5600000, 0x00000000c5600000| Complete 
|  59|0x00000000c5700000, 0x00000000c5800000, 0x00000000c5800000|100%| E|CS|TAMS 0x00000000c5700000, 0x00000000c5700000| Complete 
|  60|0x00000000c5800000, 0x00000000c5900000, 0x00000000c5900000|100%| E|CS|TAMS 0x00000000c5800000, 0x00000000c5800000| Complete 
|  61|0x00000000c5900000, 0x00000000c5a00000, 0x00000000c5a00000|100%| E|CS|TAMS 0x00000000c5900000, 0x00000000c5900000| Complete 
|  62|0x00000000c5a00000, 0x00000000c5b00000, 0x00000000c5b00000|100%| E|CS|TAMS 0x00000000c5a00000, 0x00000000c5a00000| Complete 
|  63|0x00000000c5b00000, 0x00000000c5c00000, 0x00000000c5c00000|100%| E|CS|TAMS 0x00000000c5b00000, 0x00000000c5b00000| Complete 

Card table byte_map: [0x000002806f860000,0x000002806fa60000] _byte_map_base: 0x000002806f252000

Marking Bits (Prev, Next): (CMBitMap*) 0x0000028058049ac0, (CMBitMap*) 0x0000028058049a88
 Prev Bits: [0x0000028070bf0000, 0x0000028071b80000)
 Next Bits: [0x000002806fc60000, 0x0000028070bf0000)

Polling page: 0x0000028055e40000

Metaspace:

Usage:
  Non-class:     63.60 MB capacity,    62.57 MB ( 98%) used,   834.62 KB (  1%) free+waste,   219.94 KB ( <1%) overhead. 
      Class:      9.75 MB capacity,     9.09 MB ( 93%) used,   574.71 KB (  6%) free+waste,   101.50 KB (  1%) overhead. 
       Both:     73.36 MB capacity,    71.67 MB ( 98%) used,     1.38 MB (  2%) free+waste,   321.44 KB ( <1%) overhead. 

Virtual space:
  Non-class space:       64.00 MB reserved,      63.63 MB (>99%) committed 
      Class space:        1.00 GB reserved,       9.77 MB ( <1%) committed 
             Both:        1.06 GB reserved,      73.40 MB (  7%) committed 

Chunk freelists:
   Non-Class:  3.25 KB
       Class:  0 bytes
        Both:  3.25 KB

CodeHeap 'non-profiled nmethods': size=120000Kb used=4756Kb max_used=4756Kb free=115243Kb
 bounds [0x0000028067e00000, 0x00000280682b0000, 0x000002806f330000]
CodeHeap 'profiled nmethods': size=120000Kb used=13339Kb max_used=13339Kb free=106660Kb
 bounds [0x00000280608d0000, 0x00000280615e0000, 0x0000028067e00000]
CodeHeap 'non-nmethods': size=5760Kb used=1242Kb max_used=1281Kb free=4518Kb
 bounds [0x0000028060330000, 0x00000280605a0000, 0x00000280608d0000]
 total_blobs=7929 nmethods=5768 adapters=530
 compilation: enabled
              stopped_count=0, restarted_count=0
 full_count=0

Compilation events (10 events):
Event: 54.412 Thread 0x00000280745bf000 nmethod 5784 0x00000280615d5990 code [0x00000280615d5b40, 0x00000280615d5db0]
Event: 54.522 Thread 0x00000280745b2000 5785       4       java.lang.Integer::stringSize (47 bytes)
Event: 54.523 Thread 0x00000280745b2000 nmethod 5785 0x00000280682a4c10 code [0x00000280682a4da0, 0x00000280682a4e58]
Event: 54.542 Thread 0x00000280745b2000 5786       4       sun.security.util.DerInputStream::<init> (19 bytes)
Event: 54.543 Thread 0x00000280745b2000 nmethod 5786 0x00000280682a4f10 code [0x00000280682a50a0, 0x00000280682a51f8]
Event: 54.620 Thread 0x00000280745bf000 5787       3       sun.security.ssl.SSLExtension::isConsumable (46 bytes)
Event: 54.621 Thread 0x00000280745bf000 nmethod 5787 0x00000280615d5e90 code [0x00000280615d6080, 0x00000280615d6530]
Event: 54.623 Thread 0x00000280745b2000 5788  s    4       java.security.Provider::getService (91 bytes)
Event: 54.624 Thread 0x00000280745bf000 5789       3       javax.crypto.Cipher::checkCipherState (51 bytes)
Event: 54.624 Thread 0x00000280745bf000 nmethod 5789 0x00000280615d6690 code [0x00000280615d6880, 0x00000280615d6d00]

GC Heap History (10 events):
Event: 16.042 GC heap before
{Heap before GC invocations=15 (full 0):
 garbage-first heap   total 65536K, used 48061K [0x00000000c1c00000, 0x0000000100000000)
  region size 1024K, 33 young (33792K), 4 survivors (4096K)
 Metaspace       used 59123K, capacity 60274K, committed 60368K, reserved 1101824K
  class space    used 7506K, capacity 7999K, committed 8012K, reserved 1048576K
}
Event: 16.047 GC heap after
{Heap after GC invocations=16 (full 0):
 garbage-first heap   total 65536K, used 20836K [0x00000000c1c00000, 0x0000000100000000)
  region size 1024K, 4 young (4096K), 4 survivors (4096K)
 Metaspace       used 59123K, capacity 60274K, committed 60368K, reserved 1101824K
  class space    used 7506K, capacity 7999K, committed 8012K, reserved 1048576K
}
Event: 16.704 GC heap before
{Heap before GC invocations=17 (full 0):
 garbage-first heap   total 65536K, used 50532K [0x00000000c1c00000, 0x0000000100000000)
  region size 1024K, 33 young (33792K), 4 survivors (4096K)
 Metaspace       used 63305K, capacity 64697K, committed 64924K, reserved 1105920K
  class space    used 8066K, capacity 8621K, committed 8728K, reserved 1048576K
}
Event: 16.709 GC heap after
{Heap after GC invocations=18 (full 0):
 garbage-first heap   total 65536K, used 23447K [0x00000000c1c00000, 0x0000000100000000)
  region size 1024K, 5 young (5120K), 5 survivors (5120K)
 Metaspace       used 63305K, capacity 64697K, committed 64924K, reserved 1105920K
  class space    used 8066K, capacity 8621K, committed 8728K, reserved 1048576K
}
Event: 17.582 GC heap before
{Heap before GC invocations=18 (full 0):
 garbage-first heap   total 65536K, used 52119K [0x00000000c1c00000, 0x0000000100000000)
  region size 1024K, 33 young (33792K), 5 survivors (5120K)
 Metaspace       used 66089K, capacity 67561K, committed 67868K, reserved 1107968K
  class space    used 8434K, capacity 9013K, committed 9112K, reserved 1048576K
}
Event: 17.588 GC heap after
{Heap after GC invocations=19 (full 0):
 garbage-first heap   total 65536K, used 25664K [0x00000000c1c00000, 0x0000000100000000)
  region size 1024K, 3 young (3072K), 3 survivors (3072K)
 Metaspace       used 66089K, capacity 67561K, committed 67868K, reserved 1107968K
  class space    used 8434K, capacity 9013K, committed 9112K, reserved 1048576K
}
Event: 18.965 GC heap before
{Heap before GC invocations=19 (full 0):
 garbage-first heap   total 65536K, used 52288K [0x00000000c1c00000, 0x0000000100000000)
  region size 1024K, 29 young (29696K), 3 survivors (3072K)
 Metaspace       used 69515K, capacity 71147K, committed 71452K, reserved 1112064K
  class space    used 8900K, capacity 9518K, committed 9624K, reserved 1048576K
}
Event: 18.969 GC heap after
{Heap after GC invocations=20 (full 0):
 garbage-first heap   total 65536K, used 27190K [0x00000000c1c00000, 0x0000000100000000)
  region size 1024K, 4 young (4096K), 4 survivors (4096K)
 Metaspace       used 69515K, capacity 71147K, committed 71452K, reserved 1112064K
  class space    used 8900K, capacity 9518K, committed 9624K, reserved 1048576K
}
Event: 50.654 GC heap before
{Heap before GC invocations=20 (full 0):
 garbage-first heap   total 65536K, used 51766K [0x00000000c1c00000, 0x0000000100000000)
  region size 1024K, 29 young (29696K), 4 survivors (4096K)
 Metaspace       used 72690K, capacity 74404K, committed 74652K, reserved 1114112K
  class space    used 9237K, capacity 9898K, committed 10008K, reserved 1048576K
}
Event: 50.658 GC heap after
{Heap after GC invocations=21 (full 0):
 garbage-first heap   total 65536K, used 28158K [0x00000000c1c00000, 0x0000000100000000)
  region size 1024K, 3 young (3072K), 3 survivors (3072K)
 Metaspace       used 72690K, capacity 74404K, committed 74652K, reserved 1114112K
  class space    used 9237K, capacity 9898K, committed 10008K, reserved 1048576K
}

Deoptimization events (10 events):
Event: 19.353 Thread 0x0000028058019800 Uncommon trap: reason=unstable_if action=reinterpret pc=0x0000028068119818 method=java.util.regex.Matcher.reset()Ljava/util/regex/Matcher; @ 71 c2
Event: 19.353 Thread 0x0000028058019800 Uncommon trap: reason=unstable_if action=reinterpret pc=0x0000028068119f08 method=java.util.regex.Matcher.search(I)Z @ 76 c2
Event: 47.653 Thread 0x0000028079a05800 Uncommon trap: reason=unstable_if action=reinterpret pc=0x00000280681f2020 method=java.util.concurrent.ConcurrentHashMap.addCount(JI)V @ 7 c2
Event: 47.973 Thread 0x0000028079a05800 Uncommon trap: reason=intrinsic_or_type_checked_inlining action=make_not_entrant pc=0x0000028068280fc8 method=java.util.ArrayList$SubList.toArray([Ljava/lang/Object;)[Ljava/lang/Object; @ 58 c2
Event: 50.687 Thread 0x0000028079a08000 Uncommon trap: reason=class_check action=maybe_recompile pc=0x00000280681f017c method=java.util.concurrent.ConcurrentHashMap.get(Ljava/lang/Object;)Ljava/lang/Object; @ 93 c2
Event: 50.687 Thread 0x0000028079a08000 Uncommon trap: reason=unstable_if action=reinterpret pc=0x0000028067e80238 method=java.util.concurrent.ConcurrentHashMap$Traverser.advance()Ljava/util/concurrent/ConcurrentHashMap$Node; @ 84 c2
Event: 52.450 Thread 0x0000028079a09000 Uncommon trap: reason=profile_predicate action=maybe_recompile pc=0x00000280682a0228 method=java.util.regex.Pattern$Slice.match(Ljava/util/regex/Matcher;ILjava/lang/CharSequence;)Z @ 18 c2
Event: 52.450 Thread 0x0000028079a09000 Uncommon trap: reason=profile_predicate action=maybe_recompile pc=0x00000280682a0228 method=java.util.regex.Pattern$Slice.match(Ljava/util/regex/Matcher;ILjava/lang/CharSequence;)Z @ 18 c2
Event: 52.450 Thread 0x0000028079a09000 Uncommon trap: reason=profile_predicate action=maybe_recompile pc=0x00000280682a0228 method=java.util.regex.Pattern$Slice.match(Ljava/util/regex/Matcher;ILjava/lang/CharSequence;)Z @ 18 c2
Event: 52.450 Thread 0x0000028079a09000 Uncommon trap: reason=profile_predicate action=maybe_recompile pc=0x00000280682a0228 method=java.util.regex.Pattern$Slice.match(Ljava/util/regex/Matcher;ILjava/lang/CharSequence;)Z @ 18 c2

Classes redefined (0 events):
No events

Internal exceptions (10 events):
Event: 37.315 Thread 0x0000028079a09000 Exception <a 'java/lang/reflect/InvocationTargetException'{0x00000000c4d48468}> (0x00000000c4d48468) thrown at [t:/workspace/open/src/hotspot/share/runtime/reflection.cpp, line 1242]
Event: 47.889 Thread 0x0000028079a05800 Exception <a 'java/lang/reflect/InvocationTargetException'{0x00000000c4ab42c8}> (0x00000000c4ab42c8) thrown at [t:/workspace/open/src/hotspot/share/runtime/reflection.cpp, line 1242]
Event: 47.889 Thread 0x000002807894c000 Exception <a 'java/lang/reflect/InvocationTargetException'{0x00000000c4a88e70}> (0x00000000c4a88e70) thrown at [t:/workspace/open/src/hotspot/share/runtime/reflection.cpp, line 1242]
Event: 47.889 Thread 0x0000028079a09000 Exception <a 'java/lang/reflect/InvocationTargetException'{0x00000000c4a9df70}> (0x00000000c4a9df70) thrown at [t:/workspace/open/src/hotspot/share/runtime/reflection.cpp, line 1242]
Event: 47.889 Thread 0x0000028079a06800 Exception <a 'java/lang/reflect/InvocationTargetException'{0x00000000c4a8d9e8}> (0x00000000c4a8d9e8) thrown at [t:/workspace/open/src/hotspot/share/runtime/reflection.cpp, line 1242]
Event: 47.889 Thread 0x0000028078242800 Exception <a 'java/lang/reflect/InvocationTargetException'{0x00000000c4a699c0}> (0x00000000c4a699c0) thrown at [t:/workspace/open/src/hotspot/share/runtime/reflection.cpp, line 1242]
Event: 47.889 Thread 0x000002807aaaa000 Exception <a 'java/lang/reflect/InvocationTargetException'{0x00000000c4a7fa90}> (0x00000000c4a7fa90) thrown at [t:/workspace/open/src/hotspot/share/runtime/reflection.cpp, line 1242]
Event: 50.811 Thread 0x000002807894c000 Exception <a 'java/lang/reflect/InvocationTargetException'{0x00000000c58c55c8}> (0x00000000c58c55c8) thrown at [t:/workspace/open/src/hotspot/share/runtime/reflection.cpp, line 1242]
Event: 50.811 Thread 0x0000028078242800 Exception <a 'java/lang/reflect/InvocationTargetException'{0x00000000c58d13a8}> (0x00000000c58d13a8) thrown at [t:/workspace/open/src/hotspot/share/runtime/reflection.cpp, line 1242]
Event: 50.811 Thread 0x0000028079a09000 Exception <a 'java/lang/reflect/InvocationTargetException'{0x00000000c58db110}> (0x00000000c58db110) thrown at [t:/workspace/open/src/hotspot/share/runtime/reflection.cpp, line 1242]

Events (10 events):
Event: 52.450 Thread 0x0000028079a09000 DEOPT UNPACKING pc=0x0000028060358f2f sp=0x000000fdf39fe150 mode 2
Event: 52.450 Thread 0x0000028079a09000 Uncommon trap: trap_request=0xffffffbe fr.pc=0x00000280682a0228 relative=0x00000000000002e8
Event: 52.450 Thread 0x0000028079a09000 DEOPT PACKING pc=0x00000280682a0228 sp=0x000000fdf39fe1e0
Event: 52.450 Thread 0x0000028079a09000 DEOPT UNPACKING pc=0x0000028060358f2f sp=0x000000fdf39fe150 mode 2
Event: 52.450 Thread 0x0000028079a09000 Uncommon trap: trap_request=0xffffffbe fr.pc=0x00000280682a0228 relative=0x00000000000002e8
Event: 52.450 Thread 0x0000028079a09000 DEOPT PACKING pc=0x00000280682a0228 sp=0x000000fdf39fe1e0
Event: 52.450 Thread 0x0000028079a09000 DEOPT UNPACKING pc=0x0000028060358f2f sp=0x000000fdf39fe150 mode 2
Event: 52.450 Thread 0x0000028079a09000 Uncommon trap: trap_request=0xffffffbe fr.pc=0x00000280682a0228 relative=0x00000000000002e8
Event: 52.450 Thread 0x0000028079a09000 DEOPT PACKING pc=0x00000280682a0228 sp=0x000000fdf39fe1e0
Event: 52.450 Thread 0x0000028079a09000 DEOPT UNPACKING pc=0x0000028060358f2f sp=0x000000fdf39fe150 mode 2


Dynamic libraries:
0x00007ff7ef730000 - 0x00007ff7ef777000 	C:\Program Files\Java\jdk-11.0.1\bin\java.exe
0x00007ffbf7de0000 - 0x00007ffbf7fd0000 	C:\WINDOWS\SYSTEM32\ntdll.dll
0x00007ffbf7cb0000 - 0x00007ffbf7d62000 	C:\WINDOWS\System32\KERNEL32.DLL
0x00007ffbf5740000 - 0x00007ffbf59e4000 	C:\WINDOWS\System32\KERNELBASE.dll
0x00007ffbf7980000 - 0x00007ffbf7a23000 	C:\WINDOWS\System32\ADVAPI32.dll
0x00007ffbf7be0000 - 0x00007ffbf7c7e000 	C:\WINDOWS\System32\msvcrt.dll
0x00007ffbf60a0000 - 0x00007ffbf6137000 	C:\WINDOWS\System32\sechost.dll
0x00007ffbf6a40000 - 0x00007ffbf6b60000 	C:\WINDOWS\System32\RPCRT4.dll
0x00007ffbf7a30000 - 0x00007ffbf7bc4000 	C:\WINDOWS\System32\USER32.dll
0x00007ffbf5be0000 - 0x00007ffbf5c01000 	C:\WINDOWS\System32\win32u.dll
0x00007ffbf7d70000 - 0x00007ffbf7d96000 	C:\WINDOWS\System32\GDI32.dll
0x00007ffbf5c40000 - 0x00007ffbf5dd5000 	C:\WINDOWS\System32\gdi32full.dll
0x00007ffbf56a0000 - 0x00007ffbf573e000 	C:\WINDOWS\System32\msvcp_win.dll
0x00007ffbf5a40000 - 0x00007ffbf5b3a000 	C:\WINDOWS\System32\ucrtbase.dll
0x00007ffbe02c0000 - 0x00007ffbe0544000 	C:\WINDOWS\WinSxS\amd64_microsoft.windows.common-controls_6595b64144ccf1df_6.0.18362.900_none_e6beb9d913147d17\COMCTL32.dll
0x00007ffbef530000 - 0x00007ffbef53a000 	C:\WINDOWS\SYSTEM32\VERSION.dll
0x00007ffbf7570000 - 0x00007ffbf78a5000 	C:\WINDOWS\System32\combase.dll
0x00007ffbf5b60000 - 0x00007ffbf5be0000 	C:\WINDOWS\System32\bcryptPrimitives.dll
0x00007ffbf7c80000 - 0x00007ffbf7cae000 	C:\WINDOWS\System32\IMM32.DLL
0x00007ffbf0df0000 - 0x00007ffbf0e06000 	C:\Program Files\Java\jdk-11.0.1\bin\vcruntime140.dll
0x00007ffbeaca0000 - 0x00007ffbead4a000 	C:\Program Files\Java\jdk-11.0.1\bin\msvcp140.dll
0x00007ffbc9250000 - 0x00007ffbc9d92000 	C:\Program Files\Java\jdk-11.0.1\bin\server\jvm.dll
0x00007ffbf6d10000 - 0x00007ffbf6d18000 	C:\WINDOWS\System32\PSAPI.DLL
0x00007ffbf25d0000 - 0x00007ffbf25f4000 	C:\WINDOWS\SYSTEM32\WINMM.dll
0x00007ffbec6d0000 - 0x00007ffbec6d9000 	C:\WINDOWS\SYSTEM32\WSOCK32.dll
0x00007ffbf6f00000 - 0x00007ffbf6f6f000 	C:\WINDOWS\System32\WS2_32.dll
0x00007ffbf25a0000 - 0x00007ffbf25cd000 	C:\WINDOWS\SYSTEM32\winmmbase.dll
0x00007ffbf59f0000 - 0x00007ffbf5a3a000 	C:\WINDOWS\System32\cfgmgr32.dll
0x00007ffbf4cb0000 - 0x00007ffbf4cc1000 	C:\WINDOWS\System32\kernel.appcore.dll
0x00007ffbef140000 - 0x00007ffbef151000 	C:\Program Files\Java\jdk-11.0.1\bin\verify.dll
0x00007ffbf35d0000 - 0x00007ffbf37c4000 	C:\WINDOWS\SYSTEM32\DBGHELP.DLL
0x00007ffbde820000 - 0x00007ffbde84a000 	C:\WINDOWS\SYSTEM32\dbgcore.DLL
0x00007ffbec310000 - 0x00007ffbec339000 	C:\Program Files\Java\jdk-11.0.1\bin\java.dll
0x00007ffbeac70000 - 0x00007ffbeac9f000 	C:\Program Files\Java\jdk-11.0.1\bin\instrument.dll
0x00007ffbec2f0000 - 0x00007ffbec306000 	C:\Program Files\Java\jdk-11.0.1\bin\zip.dll
0x00007ffbf2640000 - 0x00007ffbf264a000 	C:\Program Files\Java\jdk-11.0.1\bin\jimage.dll
0x00007ffbf6270000 - 0x00007ffbf6956000 	C:\WINDOWS\System32\SHELL32.dll
0x00007ffbf6d20000 - 0x00007ffbf6dc9000 	C:\WINDOWS\System32\shcore.dll
0x00007ffbf4d70000 - 0x00007ffbf54f0000 	C:\WINDOWS\System32\windows.storage.dll
0x00007ffbf4d40000 - 0x00007ffbf4d63000 	C:\WINDOWS\System32\profapi.dll
0x00007ffbf4cd0000 - 0x00007ffbf4d1a000 	C:\WINDOWS\System32\powrprof.dll
0x00007ffbf4ca0000 - 0x00007ffbf4cb0000 	C:\WINDOWS\System32\UMPDC.dll
0x00007ffbf6210000 - 0x00007ffbf6262000 	C:\WINDOWS\System32\shlwapi.dll
0x00007ffbf5b40000 - 0x00007ffbf5b57000 	C:\WINDOWS\System32\cryptsp.dll
0x00007ffbea730000 - 0x00007ffbea749000 	C:\Program Files\Java\jdk-11.0.1\bin\net.dll
0x00007ffbed160000 - 0x00007ffbed250000 	C:\WINDOWS\SYSTEM32\WINHTTP.dll
0x00007ffbf44b0000 - 0x00007ffbf4517000 	C:\WINDOWS\system32\mswsock.dll
0x00007ffbea4b0000 - 0x00007ffbea4c3000 	C:\Program Files\Java\jdk-11.0.1\bin\nio.dll
0x00007ffbea490000 - 0x00007ffbea4aa000 	C:\Program Files\JetBrains\IntelliJ IDEA Community Edition 2020.3.1\bin\breakgen64.dll
0x00007ffbf2610000 - 0x00007ffbf2619000 	C:\Program Files\Java\jdk-11.0.1\bin\management.dll
0x00007ffbf00b0000 - 0x00007ffbf00bc000 	C:\Program Files\Java\jdk-11.0.1\bin\management_ext.dll
0x00007ffbea470000 - 0x00007ffbea486000 	C:\WINDOWS\system32\napinsp.dll
0x00007ffbea450000 - 0x00007ffbea46a000 	C:\WINDOWS\system32\pnrpnsp.dll
0x00007ffbf4200000 - 0x00007ffbf42cb000 	C:\WINDOWS\SYSTEM32\DNSAPI.dll
0x00007ffbf7bd0000 - 0x00007ffbf7bd8000 	C:\WINDOWS\System32\NSI.dll
0x00007ffbf41c0000 - 0x00007ffbf41fa000 	C:\WINDOWS\SYSTEM32\IPHLPAPI.DLL
0x00007ffbec930000 - 0x00007ffbec93e000 	C:\WINDOWS\System32\winrnr.dll
0x00007ffbf0cf0000 - 0x00007ffbf0d0c000 	C:\WINDOWS\system32\NLAapi.dll
0x00007ffbda390000 - 0x00007ffbda3a5000 	C:\WINDOWS\system32\wshbth.dll
0x00007ffbeb790000 - 0x00007ffbeb79a000 	C:\Windows\System32\rasadhlp.dll
0x00007ffbedc90000 - 0x00007ffbedd07000 	C:\WINDOWS\System32\fwpuclnt.dll
0x00007ffbf5c10000 - 0x00007ffbf5c36000 	C:\WINDOWS\System32\bcrypt.dll
0x00007ffbf4020000 - 0x00007ffbf4053000 	C:\WINDOWS\system32\rsaenh.dll
0x00007ffbf4bc0000 - 0x00007ffbf4be5000 	C:\WINDOWS\SYSTEM32\USERENV.dll
0x00007ffbf4680000 - 0x00007ffbf468c000 	C:\WINDOWS\SYSTEM32\CRYPTBASE.dll
0x00007ffbee720000 - 0x00007ffbee736000 	C:\WINDOWS\SYSTEM32\dhcpcsvc6.DLL
0x00007ffbef6b0000 - 0x00007ffbef6cc000 	C:\WINDOWS\SYSTEM32\dhcpcsvc.DLL
0x00007ffbec3c0000 - 0x00007ffbec3cd000 	C:\Program Files\Java\jdk-11.0.1\bin\sunmscapi.dll
0x00007ffbf54f0000 - 0x00007ffbf5639000 	C:\WINDOWS\System32\CRYPT32.dll
0x00007ffbf4d20000 - 0x00007ffbf4d32000 	C:\WINDOWS\System32\MSASN1.dll
0x00007ffbf4780000 - 0x00007ffbf47a6000 	C:\WINDOWS\SYSTEM32\ncrypt.dll
0x00007ffbf4740000 - 0x00007ffbf477b000 	C:\WINDOWS\SYSTEM32\NTASN1.dll
0x00007ffbe2930000 - 0x00007ffbe2957000 	C:\Program Files\Java\jdk-11.0.1\bin\sunec.dll

dbghelp: loaded successfully - version: 4.0.5 - missing functions: none
symbol engine: initialized successfully - sym options: 0x614 - pdb path: .;C:\Program Files\Java\jdk-11.0.1\bin;C:\WINDOWS\SYSTEM32;C:\WINDOWS\WinSxS\amd64_microsoft.windows.common-controls_6595b64144ccf1df_6.0.18362.900_none_e6beb9d913147d17;C:\Program Files\Java\jdk-11.0.1\bin\server;C:\Program Files\JetBrains\IntelliJ IDEA Community Edition 2020.3.1\bin

VM Arguments:
jvm_args: -javaagent:C:\Program Files\JetBrains\IntelliJ IDEA Community Edition 2020.3.1\lib\idea_rt.jar=64008:C:\Program Files\JetBrains\IntelliJ IDEA Community Edition 2020.3.1\bin -Dfile.encoding=UTF-8 
java_command: com.dryfire.medify_art.MedifyArtApplication
java_class_path (initial): C:\Users\Saurabh Tripathi\IdeaProjects\medify-art\target\classes;C:\Users\Saurabh Tripathi\.m2\repository\org\springframework\boot\spring-boot-starter-web\2.4.2\spring-boot-starter-web-2.4.2.jar;C:\Users\Saurabh Tripathi\.m2\repository\org\springframework\boot\spring-boot-starter\2.4.2\spring-boot-starter-2.4.2.jar;C:\Users\Saurabh Tripathi\.m2\repository\org\springframework\boot\spring-boot\2.4.2\spring-boot-2.4.2.jar;C:\Users\Saurabh Tripathi\.m2\repository\org\springframework\boot\spring-boot-autoconfigure\2.4.2\spring-boot-autoconfigure-2.4.2.jar;C:\Users\Saurabh Tripathi\.m2\repository\org\springframework\boot\spring-boot-starter-logging\2.4.2\spring-boot-starter-logging-2.4.2.jar;C:\Users\Saurabh Tripathi\.m2\repository\ch\qos\logback\logback-classic\1.2.3\logback-classic-1.2.3.jar;C:\Users\Saurabh Tripathi\.m2\repository\ch\qos\logback\logback-core\1.2.3\logback-core-1.2.3.jar;C:\Users\Saurabh Tripathi\.m2\repository\org\apache\logging\log4j\log4j-to-slf4j\2.13.3\log4j-to-slf4j-2.13.3.jar;C:\Users\Saurabh Tripathi\.m2\repository\org\apache\logging\log4j\log4j-api\2.13.3\log4j-api-2.13.3.jar;C:\Users\Saurabh Tripathi\.m2\repository\org\slf4j\jul-to-slf4j\1.7.30\jul-to-slf4j-1.7.30.jar;C:\Users\Saurabh Tripathi\.m2\repository\jakarta\annotation\jakarta.annotation-api\1.3.5\jakarta.annotation-api-1.3.5.jar;C:\Users\Saurabh Tripathi\.m2\repository\org\yaml\snakeyaml\1.27\snakeyaml-1.27.jar;C:\Users\Saurabh Tripathi\.m2\repository\org\springframework\boot\spring-boot-starter-json\2.4.2\spring-boot-starter-json-2.4.2.jar;C:\Users\Saurabh Tripathi\.m2\repository\com\fasterxml\jackson\core\jackson-databind\2.11.4\jackson-databind-2.11.4.jar;C:\Users\Saurabh Tripathi\.m2\repository\com\fasterxml\jackson\core\jackson-annotations\2.11.4\jackson-annotations-2.11.4.jar;C:\Users\Saurabh Tripathi\.m2\repository\com\fasterxml\jackson\core\jackson-core\2.11.4\jackson-core-2.11.4.jar;C:\Users\Saurabh Tripathi\.m2\repository\com\fasterxml\jackson\da
Launcher Type: SUN_STANDARD

[Global flags]
     intx CICompilerCount                          = 4                                         {product} {ergonomic}
     uint ConcGCThreads                            = 2                                         {product} {ergonomic}
     uint G1ConcRefinementThreads                  = 8                                         {product} {ergonomic}
   size_t G1HeapRegionSize                         = 1048576                                   {product} {ergonomic}
    uintx GCDrainStackTargetSize                   = 64                                        {product} {ergonomic}
   size_t InitialHeapSize                          = 67108864                                  {product} {ergonomic}
   size_t MarkStackSize                            = 4194304                                   {product} {ergonomic}
   size_t MaxHeapSize                              = 1044381696                                {product} {ergonomic}
   size_t MaxNewSize                               = 625999872                                 {product} {ergonomic}
   size_t MinHeapDeltaBytes                        = 1048576                                   {product} {ergonomic}
    uintx NonNMethodCodeHeapSize                   = 5835340                                {pd product} {ergonomic}
    uintx NonProfiledCodeHeapSize                  = 122911450                              {pd product} {ergonomic}
    uintx ProfiledCodeHeapSize                     = 122911450                              {pd product} {ergonomic}
    uintx ReservedCodeCacheSize                    = 251658240                              {pd product} {ergonomic}
     bool SegmentedCodeCache                       = true                                      {product} {ergonomic}
     bool UseCompressedClassPointers               = true                                 {lp64_product} {ergonomic}
     bool UseCompressedOops                        = true                                 {lp64_product} {ergonomic}
     bool UseG1GC                                  = true                                      {product} {ergonomic}
     bool UseLargePagesIndividualAllocation        = false                                  {pd product} {ergonomic}

Logging:
Log output configuration:
 #0: stdout all=warning uptime,level,tags
 #1: stderr all=off uptime,level,tags

Environment Variables:
PATH=C:\Program Files (x86)\Intel\Intel(R) Management Engine Components\iCLS\;C:\Program Files\Intel\Intel(R) Management Engine Components\iCLS\;C:\WINDOWS\system32;C:\WINDOWS;C:\WINDOWS\System32\Wbem;C:\WINDOWS\System32\WindowsPowerShell\v1.0\;C:\WINDOWS\System32\OpenSSH\;C:\Program Files (x86)\Intel\Intel(R) Management Engine Components\DAL;C:\Program Files\Intel\Intel(R) Management Engine Components\DAL;C:\Program Files (x86)\Intel\Intel(R) Management Engine Components\IPT;C:\Program Files\Intel\Intel(R) Management Engine Components\IPT;C:\Program Files\Java\jdk-11.0.1\bin;C:\Program Files\Git\cmd;C:\ProgramData\chocolatey\bin;C:\Users\Saurabh Tripathi\AppData\Local\Microsoft\WindowsApps;C:\Users\Saurabh Tripathi\AppData\Local\Programs\Python\Python36-32\Scripts;C:\Users\Saurabh Tripathi\AppData\Local\Programs\Python\Python36-32;;C:\Program Files\heroku\bin
USERNAME=Saurabh Tripathi
OS=Windows_NT
PROCESSOR_IDENTIFIER=Intel64 Family 6 Model 142 Stepping 10, GenuineIntel



---------------  S Y S T E M  ---------------

OS: Windows 10 , 64 bit Build 18362 (10.0.18362.900)

CPU:total 8 (initial active 8) (4 cores per cpu, 2 threads per core) family 6 model 142 stepping 10, cmov, cx8, fxsr, mmx, sse, sse2, sse3, ssse3, sse4.1, sse4.2, popcnt, avx, avx2, aes, clmul, erms, 3dnowpref, lzcnt, ht, tsc, tscinvbit, bmi1, bmi2, adx, fma

Memory: 4k page, system-wide physical 3977M (395M free)
TotalPageFile size 6743M (AvailPageFile size 3M)
current process WorkingSet (physical memory assigned to process): 225M, peak: 279M
current process commit charge ("private bytes"): 266M, peak: 322M

vm_info: Java HotSpot(TM) 64-Bit Server VM (11.0.1+13-LTS) for windows-amd64 JRE (11.0.1+13-LTS), built on Oct  6 2018 13:20:16 by "mach5one" with MS VC++ 15.5 (VS2017)

END.
