#
# There is insufficient memory for the Java Runtime Environment to continue.
# Native memory allocation (malloc) failed to allocate 402016 bytes for Chunk::new
# Possible reasons:
#   The system is out of physical RAM or swap space
#   The process is running with CompressedOops enabled, and the Java Heap may be blocking the growth of the native heap
# Possible solutions:
#   Reduce memory load on the system
#   Increase physical memory or swap space
#   Check if swap backing store is full
#   Decrease Java heap size (-Xmx/-Xms)
#   Decrease number of Java threads
#   Decrease Java thread stack sizes (-Xss)
#   Set larger code cache with -XX:ReservedCodeCacheSize=
#   JVM is running with Unscaled Compressed Oops mode in which the Java heap is
#     placed in the first 4GB address space. The Java Heap base address is the
#     maximum limit for the native heap growth. Please use -XX:HeapBaseMinAddress
#     to set the Java Heap base and to place the Java Heap above 4GB virtual address.
# This output file may be truncated or incomplete.
#
#  Out of Memory Error (t:/workspace/open/src/hotspot/share/memory/arena.cpp:197), pid=3152, tid=10012
#
# JRE version: Java(TM) SE Runtime Environment (11.0.1+13) (build 11.0.1+13-LTS)
# Java VM: Java HotSpot(TM) 64-Bit Server VM (11.0.1+13-LTS, mixed mode, tiered, compressed oops, g1 gc, windows-amd64)
# No core dump will be written. Minidumps are not enabled by default on client versions of Windows
#

---------------  S U M M A R Y ------------

Command Line: -javaagent:C:\Program Files\JetBrains\IntelliJ IDEA Community Edition 2020.3.1\lib\idea_rt.jar=49914:C:\Program Files\JetBrains\IntelliJ IDEA Community Edition 2020.3.1\bin -Dfile.encoding=UTF-8 com.dryfire.medify_art.MedifyArtApplication

Host: Intel(R) Core(TM) i5-8250U CPU @ 1.60GHz, 8 cores, 3G,  Windows 10 , 64 bit Build 18362 (10.0.18362.900)
Time: Thu Jan 21 21:56:11 2021 India Standard Time elapsed time: 37 seconds (0d 0h 0m 37s)

---------------  T H R E A D  ---------------

Current thread (0x0000022fe8d55800):  JavaThread "C2 CompilerThread0" daemon [_thread_in_native, id=10012, stack(0x000000c232800000,0x000000c232900000)]


Current CompileTask:
C2:  37944 1517       4       jdk.internal.org.objectweb.asm.Frame::execute (2264 bytes)

Stack: [0x000000c232800000,0x000000c232900000]
Native frames: (J=compiled Java code, j=interpreted, Vv=VM code, C=native code)
V  [jvm.dll+0x63c21a]
V  [jvm.dll+0x7797df]
V  [jvm.dll+0x77adca]
V  [jvm.dll+0x77b483]
V  [jvm.dll+0x2627f8]
V  [jvm.dll+0xc5c71]
V  [jvm.dll+0xc61fc]
V  [jvm.dll+0x2d10f4]
V  [jvm.dll+0x55412f]
V  [jvm.dll+0x21df25]
V  [jvm.dll+0x21b846]
V  [jvm.dll+0x198390]
V  [jvm.dll+0x22a97f]
V  [jvm.dll+0x228f98]
V  [jvm.dll+0x73f03d]
V  [jvm.dll+0x63b2b2]
C  [ucrtbase.dll+0x20e82]
C  [KERNEL32.DLL+0x17bd4]
C  [ntdll.dll+0x6ce51]


---------------  P R O C E S S  ---------------

Threads class SMR info:
_java_thread_list=0x0000022fea0e0c40, length=12, elements={
0x0000022fcc7b6800, 0x0000022fe8d34000, 0x0000022fe8d37800, 0x0000022fe96e2800,
0x0000022fe96e3800, 0x0000022fe8d55800, 0x0000022fe8d57000, 0x0000022fe8d5b000,
0x0000022fe8ce6000, 0x0000022fe9be6800, 0x0000022fe9be7800, 0x0000022fe9724800
}

Java Threads: ( => current thread )
  0x0000022fcc7b6800 JavaThread "main" [_thread_blocked, id=11080, stack(0x000000c231d00000,0x000000c231e00000)]
  0x0000022fe8d34000 JavaThread "Reference Handler" daemon [_thread_blocked, id=12184, stack(0x000000c232400000,0x000000c232500000)]
  0x0000022fe8d37800 JavaThread "Finalizer" daemon [_thread_blocked, id=11208, stack(0x000000c232500000,0x000000c232600000)]
  0x0000022fe96e2800 JavaThread "Signal Dispatcher" daemon [_thread_blocked, id=14748, stack(0x000000c232600000,0x000000c232700000)]
  0x0000022fe96e3800 JavaThread "Attach Listener" daemon [_thread_blocked, id=14100, stack(0x000000c232700000,0x000000c232800000)]
=>0x0000022fe8d55800 JavaThread "C2 CompilerThread0" daemon [_thread_in_native, id=10012, stack(0x000000c232800000,0x000000c232900000)]
  0x0000022fe8d57000 JavaThread "C1 CompilerThread0" daemon [_thread_in_native, id=9124, stack(0x000000c232900000,0x000000c232a00000)]
  0x0000022fe8d5b000 JavaThread "Sweeper thread" daemon [_thread_blocked, id=11880, stack(0x000000c232a00000,0x000000c232b00000)]
  0x0000022fe8ce6000 JavaThread "Common-Cleaner" daemon [_thread_blocked, id=15108, stack(0x000000c232b00000,0x000000c232c00000)]
  0x0000022fe9be6800 JavaThread "Monitor Ctrl-Break" daemon [_thread_in_native, id=1816, stack(0x000000c232d00000,0x000000c232e00000)]
  0x0000022fe9be7800 JavaThread "Service Thread" daemon [_thread_blocked, id=9072, stack(0x000000c232e00000,0x000000c232f00000)]
  0x0000022fe9724800 JavaThread "background-preinit" [_thread_in_vm, id=13352, stack(0x000000c233000000,0x000000c233100000)]

Other Threads:
  0x0000022fe8d0f800 VMThread "VM Thread" [stack: 0x000000c232300000,0x000000c232400000] [id=9264]
  0x0000022fe9ba4000 WatcherThread [stack: 0x000000c232f00000,0x000000c233000000] [id=9356]
  0x0000022fcc7ce000 GCTaskThread "GC Thread#0" [stack: 0x000000c231e00000,0x000000c231f00000] [id=2620]
  0x0000022fe98d2800 GCTaskThread "GC Thread#1" [stack: 0x000000c232c00000,0x000000c232d00000] [id=14752]
  0x0000022fcc7ec800 ConcurrentGCThread "G1 Main Marker" [stack: 0x000000c231f00000,0x000000c232000000] [id=8556]
  0x0000022fcc7ef000 ConcurrentGCThread "G1 Conc#0" [stack: 0x000000c232000000,0x000000c232100000] [id=2168]
  0x0000022fea29e000 ConcurrentGCThread "G1 Conc#1" [stack: 0x000000c233100000,0x000000c233200000] [id=7820]
  0x0000022fcc855800 ConcurrentGCThread "G1 Refine#0" [stack: 0x000000c232100000,0x000000c232200000] [id=15264]
  0x0000022fcc856800 ConcurrentGCThread "G1 Young RemSet Sampling" [stack: 0x000000c232200000,0x000000c232300000] [id=892]

Threads with active compile tasks:
C2 CompilerThread01517       4       jdk.internal.org.objectweb.asm.Frame::execute (2264 bytes)
C1 CompilerThread01552       3       jdk.internal.org.objectweb.asm.ClassWriter::toByteArray (1423 bytes)

VM state:synchronizing (normal execution)

VM Mutex/Monitor currently owned by a thread:  ([mutex/lock_event])
[0x0000022fcc7b4e40] Threads_lock - owner thread: 0x0000022fe8d0f800

Heap address: 0x00000000c1c00000, size: 996 MB, Compressed Oops mode: 32-bit
Narrow klass base: 0x0000000000000000, Narrow klass shift: 3
Compressed class space size: 1073741824 Address: 0x0000000100000000

Heap:
 garbage-first heap   total 65536K, used 8639K [0x00000000c1c00000, 0x0000000100000000)
  region size 1024K, 4 young (4096K), 2 survivors (2048K)
 Metaspace       used 17484K, capacity 17898K, committed 18048K, reserved 1075200K
  class space    used 1904K, capacity 2067K, committed 2176K, reserved 1048576K
Heap Regions: E=young(eden), S=young(survivor), O=old, HS=humongous(starts), HC=humongous(continues), CS=collection set, F=free, A=archive, TAMS=top-at-mark-start (previous, next)
|   0|0x00000000c1c00000, 0x00000000c1d00000, 0x00000000c1d00000|100%|HS|  |TAMS 0x00000000c1d00000, 0x00000000c1c00000| Complete 
|   1|0x00000000c1d00000, 0x00000000c1e00000, 0x00000000c1e00000|100%| O|  |TAMS 0x00000000c1e00000, 0x00000000c1d00000| Untracked 
|   2|0x00000000c1e00000, 0x00000000c1f00000, 0x00000000c1f00000|100%| O|  |TAMS 0x00000000c1f00000, 0x00000000c1e00000| Untracked 
|   3|0x00000000c1f00000, 0x00000000c2000000, 0x00000000c2000000|100%| O|  |TAMS 0x00000000c2000000, 0x00000000c1f00000| Untracked 
|   4|0x00000000c2000000, 0x00000000c2100000, 0x00000000c2100000|100%| O|  |TAMS 0x00000000c2100000, 0x00000000c2000000| Untracked 
|   5|0x00000000c2100000, 0x00000000c2200000, 0x00000000c2200000|100%| O|  |TAMS 0x00000000c2200000, 0x00000000c2100000| Untracked 
|   6|0x00000000c2200000, 0x00000000c2241c00, 0x00000000c2300000| 25%| O|  |TAMS 0x00000000c2241c00, 0x00000000c2200000| Untracked 
|   7|0x00000000c2300000, 0x00000000c2300000, 0x00000000c2400000|  0%| F|  |TAMS 0x00000000c2300000, 0x00000000c2300000| Untracked 
|   8|0x00000000c2400000, 0x00000000c2400000, 0x00000000c2500000|  0%| F|  |TAMS 0x00000000c2400000, 0x00000000c2400000| Untracked 
|   9|0x00000000c2500000, 0x00000000c2500000, 0x00000000c2600000|  0%| F|  |TAMS 0x00000000c2500000, 0x00000000c2500000| Untracked 
|  10|0x00000000c2600000, 0x00000000c2600000, 0x00000000c2700000|  0%| F|  |TAMS 0x00000000c2600000, 0x00000000c2600000| Untracked 
|  11|0x00000000c2700000, 0x00000000c2700000, 0x00000000c2800000|  0%| F|  |TAMS 0x00000000c2700000, 0x00000000c2700000| Untracked 
|  12|0x00000000c2800000, 0x00000000c2800000, 0x00000000c2900000|  0%| F|  |TAMS 0x00000000c2800000, 0x00000000c2800000| Untracked 
|  13|0x00000000c2900000, 0x00000000c2900000, 0x00000000c2a00000|  0%| F|  |TAMS 0x00000000c2900000, 0x00000000c2900000| Untracked 
|  14|0x00000000c2a00000, 0x00000000c2a00000, 0x00000000c2b00000|  0%| F|  |TAMS 0x00000000c2a00000, 0x00000000c2a00000| Untracked 
|  15|0x00000000c2b00000, 0x00000000c2b00000, 0x00000000c2c00000|  0%| F|  |TAMS 0x00000000c2b00000, 0x00000000c2b00000| Untracked 
|  16|0x00000000c2c00000, 0x00000000c2c00000, 0x00000000c2d00000|  0%| F|  |TAMS 0x00000000c2c00000, 0x00000000c2c00000| Untracked 
|  17|0x00000000c2d00000, 0x00000000c2d00000, 0x00000000c2e00000|  0%| F|  |TAMS 0x00000000c2d00000, 0x00000000c2d00000| Untracked 
|  18|0x00000000c2e00000, 0x00000000c2e00000, 0x00000000c2f00000|  0%| F|  |TAMS 0x00000000c2e00000, 0x00000000c2e00000| Untracked 
|  19|0x00000000c2f00000, 0x00000000c2f00000, 0x00000000c3000000|  0%| F|  |TAMS 0x00000000c2f00000, 0x00000000c2f00000| Untracked 
|  20|0x00000000c3000000, 0x00000000c3000000, 0x00000000c3100000|  0%| F|  |TAMS 0x00000000c3000000, 0x00000000c3000000| Untracked 
|  21|0x00000000c3100000, 0x00000000c3100000, 0x00000000c3200000|  0%| F|  |TAMS 0x00000000c3100000, 0x00000000c3100000| Untracked 
|  22|0x00000000c3200000, 0x00000000c3200000, 0x00000000c3300000|  0%| F|  |TAMS 0x00000000c3200000, 0x00000000c3200000| Untracked 
|  23|0x00000000c3300000, 0x00000000c3300000, 0x00000000c3400000|  0%| F|  |TAMS 0x00000000c3300000, 0x00000000c3300000| Untracked 
|  24|0x00000000c3400000, 0x00000000c3400000, 0x00000000c3500000|  0%| F|  |TAMS 0x00000000c3400000, 0x00000000c3400000| Untracked 
|  25|0x00000000c3500000, 0x00000000c3500000, 0x00000000c3600000|  0%| F|  |TAMS 0x00000000c3500000, 0x00000000c3500000| Untracked 
|  26|0x00000000c3600000, 0x00000000c3600000, 0x00000000c3700000|  0%| F|  |TAMS 0x00000000c3600000, 0x00000000c3600000| Untracked 
|  27|0x00000000c3700000, 0x00000000c3700000, 0x00000000c3800000|  0%| F|  |TAMS 0x00000000c3700000, 0x00000000c3700000| Untracked 
|  28|0x00000000c3800000, 0x00000000c3800000, 0x00000000c3900000|  0%| F|  |TAMS 0x00000000c3800000, 0x00000000c3800000| Untracked 
|  29|0x00000000c3900000, 0x00000000c3900000, 0x00000000c3a00000|  0%| F|  |TAMS 0x00000000c3900000, 0x00000000c3900000| Untracked 
|  30|0x00000000c3a00000, 0x00000000c3a00000, 0x00000000c3b00000|  0%| F|  |TAMS 0x00000000c3a00000, 0x00000000c3a00000| Untracked 
|  31|0x00000000c3b00000, 0x00000000c3b00000, 0x00000000c3c00000|  0%| F|  |TAMS 0x00000000c3b00000, 0x00000000c3b00000| Untracked 
|  32|0x00000000c3c00000, 0x00000000c3c00000, 0x00000000c3d00000|  0%| F|  |TAMS 0x00000000c3c00000, 0x00000000c3c00000| Untracked 
|  33|0x00000000c3d00000, 0x00000000c3d00000, 0x00000000c3e00000|  0%| F|  |TAMS 0x00000000c3d00000, 0x00000000c3d00000| Untracked 
|  34|0x00000000c3e00000, 0x00000000c3e00000, 0x00000000c3f00000|  0%| F|  |TAMS 0x00000000c3e00000, 0x00000000c3e00000| Untracked 
|  35|0x00000000c3f00000, 0x00000000c3f00000, 0x00000000c4000000|  0%| F|  |TAMS 0x00000000c3f00000, 0x00000000c3f00000| Untracked 
|  36|0x00000000c4000000, 0x00000000c4000000, 0x00000000c4100000|  0%| F|  |TAMS 0x00000000c4000000, 0x00000000c4000000| Untracked 
|  37|0x00000000c4100000, 0x00000000c4100000, 0x00000000c4200000|  0%| F|  |TAMS 0x00000000c4100000, 0x00000000c4100000| Untracked 
|  38|0x00000000c4200000, 0x00000000c4200000, 0x00000000c4300000|  0%| F|  |TAMS 0x00000000c4200000, 0x00000000c4200000| Untracked 
|  39|0x00000000c4300000, 0x00000000c4300000, 0x00000000c4400000|  0%| F|  |TAMS 0x00000000c4300000, 0x00000000c4300000| Untracked 
|  40|0x00000000c4400000, 0x00000000c4400000, 0x00000000c4500000|  0%| F|  |TAMS 0x00000000c4400000, 0x00000000c4400000| Untracked 
|  41|0x00000000c4500000, 0x00000000c4500000, 0x00000000c4600000|  0%| F|  |TAMS 0x00000000c4500000, 0x00000000c4500000| Untracked 
|  42|0x00000000c4600000, 0x00000000c4600000, 0x00000000c4700000|  0%| F|  |TAMS 0x00000000c4600000, 0x00000000c4600000| Untracked 
|  43|0x00000000c4700000, 0x00000000c4700000, 0x00000000c4800000|  0%| F|  |TAMS 0x00000000c4700000, 0x00000000c4700000| Untracked 
|  44|0x00000000c4800000, 0x00000000c482e1a0, 0x00000000c4900000| 18%| S|CS|TAMS 0x00000000c4800000, 0x00000000c4800000| Complete 
|  45|0x00000000c4900000, 0x00000000c4a00000, 0x00000000c4a00000|100%| S|CS|TAMS 0x00000000c4900000, 0x00000000c4900000| Complete 
|  46|0x00000000c4a00000, 0x00000000c4a00000, 0x00000000c4b00000|  0%| F|  |TAMS 0x00000000c4a00000, 0x00000000c4a00000| Untracked 
|  47|0x00000000c4b00000, 0x00000000c4b00000, 0x00000000c4c00000|  0%| F|  |TAMS 0x00000000c4b00000, 0x00000000c4b00000| Untracked 
|  48|0x00000000c4c00000, 0x00000000c4c00000, 0x00000000c4d00000|  0%| F|  |TAMS 0x00000000c4c00000, 0x00000000c4c00000| Untracked 
|  49|0x00000000c4d00000, 0x00000000c4d00000, 0x00000000c4e00000|  0%| F|  |TAMS 0x00000000c4d00000, 0x00000000c4d00000| Untracked 
|  50|0x00000000c4e00000, 0x00000000c4e00000, 0x00000000c4f00000|  0%| F|  |TAMS 0x00000000c4e00000, 0x00000000c4e00000| Untracked 
|  51|0x00000000c4f00000, 0x00000000c4f00000, 0x00000000c5000000|  0%| F|  |TAMS 0x00000000c4f00000, 0x00000000c4f00000| Untracked 
|  52|0x00000000c5000000, 0x00000000c5000000, 0x00000000c5100000|  0%| F|  |TAMS 0x00000000c5000000, 0x00000000c5000000| Untracked 
|  53|0x00000000c5100000, 0x00000000c5100000, 0x00000000c5200000|  0%| F|  |TAMS 0x00000000c5100000, 0x00000000c5100000| Untracked 
|  54|0x00000000c5200000, 0x00000000c5200000, 0x00000000c5300000|  0%| F|  |TAMS 0x00000000c5200000, 0x00000000c5200000| Untracked 
|  55|0x00000000c5300000, 0x00000000c5300000, 0x00000000c5400000|  0%| F|  |TAMS 0x00000000c5300000, 0x00000000c5300000| Untracked 
|  56|0x00000000c5400000, 0x00000000c5400000, 0x00000000c5500000|  0%| F|  |TAMS 0x00000000c5400000, 0x00000000c5400000| Untracked 
|  57|0x00000000c5500000, 0x00000000c5500000, 0x00000000c5600000|  0%| F|  |TAMS 0x00000000c5500000, 0x00000000c5500000| Untracked 
|  58|0x00000000c5600000, 0x00000000c5600000, 0x00000000c5700000|  0%| F|  |TAMS 0x00000000c5600000, 0x00000000c5600000| Untracked 
|  59|0x00000000c5700000, 0x00000000c5700000, 0x00000000c5800000|  0%| F|  |TAMS 0x00000000c5700000, 0x00000000c5700000| Untracked 
|  60|0x00000000c5800000, 0x00000000c5800000, 0x00000000c5900000|  0%| F|  |TAMS 0x00000000c5800000, 0x00000000c5800000| Untracked 
|  61|0x00000000c5900000, 0x00000000c5900000, 0x00000000c5a00000|  0%| F|  |TAMS 0x00000000c5900000, 0x00000000c5900000| Untracked 
|  62|0x00000000c5a00000, 0x00000000c5ae8760, 0x00000000c5b00000| 90%| E|  |TAMS 0x00000000c5a00000, 0x00000000c5a00000| Complete 
|  63|0x00000000c5b00000, 0x00000000c5c00000, 0x00000000c5c00000|100%| E|CS|TAMS 0x00000000c5b00000, 0x00000000c5b00000| Complete 

Card table byte_map: [0x0000022fe4000000,0x0000022fe4200000] _byte_map_base: 0x0000022fe39f2000

Marking Bits (Prev, Next): (CMBitMap*) 0x0000022fcc7e74e0, (CMBitMap*) 0x0000022fcc7e74a8
 Prev Bits: [0x0000022fe5390000, 0x0000022fe6320000)
 Next Bits: [0x0000022fe4400000, 0x0000022fe5390000)

Polling page: 0x0000022fca720000

Metaspace:

Usage:
  Non-class:     15.46 MB capacity,    15.22 MB ( 98%) used,   203.43 KB (  1%) free+waste,    46.88 KB ( <1%) overhead. 
      Class:      2.02 MB capacity,     1.86 MB ( 92%) used,   139.51 KB (  7%) free+waste,    23.31 KB (  1%) overhead. 
       Both:     17.48 MB capacity,    17.08 MB ( 98%) used,   342.94 KB (  2%) free+waste,    70.19 KB ( <1%) overhead. 

Virtual space:
  Non-class space:       26.00 MB reserved,      15.50 MB ( 60%) committed 
      Class space:        1.00 GB reserved,       2.13 MB ( <1%) committed 
             Both:        1.03 GB reserved,      17.63 MB (  2%) committed 

Chunk freelists:
   Non-Class:  5.13 KB
       Class:  0 bytes
        Both:  5.13 KB

CodeHeap 'non-profiled nmethods': size=120000Kb used=521Kb max_used=521Kb free=119478Kb
 bounds [0x0000022fdc5a0000, 0x0000022fdc810000, 0x0000022fe3ad0000]
CodeHeap 'profiled nmethods': size=120000Kb used=2998Kb max_used=2998Kb free=117001Kb
 bounds [0x0000022fd5070000, 0x0000022fd5360000, 0x0000022fdc5a0000]
CodeHeap 'non-nmethods': size=5760Kb used=1109Kb max_used=1120Kb free=4650Kb
 bounds [0x0000022fd4ad0000, 0x0000022fd4d40000, 0x0000022fd5070000]
 total_blobs=2299 nmethods=1549 adapters=330
 compilation: enabled
              stopped_count=0, restarted_count=0
 full_count=0

Compilation events (10 events):
Event: 37.705 Thread 0x0000022fe8d57000 1538       3       java.lang.invoke.ClassSpecializer$Factory$1Var::isInHeap (13 bytes)
Event: 37.705 Thread 0x0000022fe8d57000 nmethod 1538 0x0000022fd5355610 code [0x0000022fd53557c0, 0x0000022fd5355978]
Event: 37.706 Thread 0x0000022fe8d57000 1543       3       java.util.concurrent.ConcurrentHashMap::get (162 bytes)
Event: 37.706 Thread 0x0000022fe8d57000 nmethod 1543 0x0000022fd5355a10 code [0x0000022fd5355c80, 0x0000022fd53569a0]
Event: 37.707 Thread 0x0000022fe8d57000 1545       3       java.lang.invoke.BoundMethodHandle$Specializer$Factory::chooseFieldName (25 bytes)
Event: 37.707 Thread 0x0000022fe8d57000 nmethod 1545 0x0000022fd5356d10 code [0x0000022fd5357000, 0x0000022fd5357d40]
Event: 37.707 Thread 0x0000022fe8d57000 1546       3       java.lang.invoke.ClassSpecializer$Factory::chooseFieldName (32 bytes)
Event: 37.708 Thread 0x0000022fe8d57000 nmethod 1546 0x0000022fd5358290 code [0x0000022fd5358540, 0x0000022fd5358f80]
Event: 37.708 Thread 0x0000022fe8d57000 1548       3       java.lang.invoke.DirectMethodHandle$Holder::invokeStatic (15 bytes)
Event: 37.708 Thread 0x0000022fe8d57000 nmethod 1548 0x0000022fd5359390 code [0x0000022fd5359580, 0x0000022fd5359a80]

GC Heap History (4 events):
Event: 26.396 GC heap before
{Heap before GC invocations=0 (full 0):
 garbage-first heap   total 65536K, used 25600K [0x00000000c1c00000, 0x0000000100000000)
  region size 1024K, 24 young (24576K), 0 survivors (0K)
 Metaspace       used 12320K, capacity 12503K, committed 12672K, reserved 1060864K
  class space    used 1228K, capacity 1323K, committed 1408K, reserved 1048576K
}
Event: 26.401 GC heap after
{Heap after GC invocations=1 (full 0):
 garbage-first heap   total 65536K, used 6424K [0x00000000c1c00000, 0x0000000100000000)
  region size 1024K, 3 young (3072K), 3 survivors (3072K)
 Metaspace       used 12320K, capacity 12503K, committed 12672K, reserved 1060864K
  class space    used 1228K, capacity 1323K, committed 1408K, reserved 1048576K
}
Event: 37.552 GC heap before
{Heap before GC invocations=1 (full 0):
 garbage-first heap   total 65536K, used 23832K [0x00000000c1c00000, 0x0000000100000000)
  region size 1024K, 21 young (21504K), 3 survivors (3072K)
 Metaspace       used 17205K, capacity 17611K, committed 17792K, reserved 1075200K
  class space    used 1861K, capacity 2056K, committed 2176K, reserved 1048576K
}
Event: 37.704 GC heap after
{Heap after GC invocations=2 (full 0):
 garbage-first heap   total 65536K, used 7615K [0x00000000c1c00000, 0x0000000100000000)
  region size 1024K, 2 young (2048K), 2 survivors (2048K)
 Metaspace       used 17205K, capacity 17611K, committed 17792K, reserved 1075200K
  class space    used 1861K, capacity 2056K, committed 2176K, reserved 1048576K
}

Deoptimization events (10 events):
Event: 12.811 Thread 0x0000022fcc7b6800 Uncommon trap: reason=unstable_if action=reinterpret pc=0x0000022fdc5b7200 method=java.io.WinNTFileSystem.isSlash(C)Z @ 9 c2
Event: 18.258 Thread 0x0000022fcc7b6800 Uncommon trap: reason=class_check action=maybe_recompile pc=0x0000022fdc5dc2f8 method=java.util.HashMap.getNode(ILjava/lang/Object;)Ljava/util/HashMap$Node; @ 126 c2
Event: 18.258 Thread 0x0000022fcc7b6800 Uncommon trap: reason=unstable_if action=reinterpret pc=0x0000022fdc5dc1fc method=java.util.HashMap.getNode(ILjava/lang/Object;)Ljava/util/HashMap$Node; @ 62 c2
Event: 20.195 Thread 0x0000022fcc7b6800 Uncommon trap: reason=class_check action=maybe_recompile pc=0x0000022fdc5d123c method=java.util.HashMap.putVal(ILjava/lang/Object;Ljava/lang/Object;ZZ)Ljava/lang/Object; @ 253 c2
Event: 21.580 Thread 0x0000022fcc7b6800 Uncommon trap: reason=class_check action=maybe_recompile pc=0x0000022fdc5d123c method=java.util.HashMap.putVal(ILjava/lang/Object;Ljava/lang/Object;ZZ)Ljava/lang/Object; @ 253 c2
Event: 27.526 Thread 0x0000022fcc7b6800 Uncommon trap: reason=unstable_if action=reinterpret pc=0x0000022fdc5e7844 method=java.util.HashMap.hash(Ljava/lang/Object;)I @ 1 c2
Event: 27.526 Thread 0x0000022fcc7b6800 Uncommon trap: reason=unstable_if action=reinterpret pc=0x0000022fdc5e112c method=java.util.HashMap.hash(Ljava/lang/Object;)I @ 1 c2
Event: 31.428 Thread 0x0000022fcc7b6800 Uncommon trap: reason=unstable_if action=reinterpret pc=0x0000022fdc5da060 method=java.lang.String.startsWith(Ljava/lang/String;I)Z @ 1 c2
Event: 34.928 Thread 0x0000022fcc7b6800 Uncommon trap: reason=unstable_if action=reinterpret pc=0x0000022fdc603f40 method=java.util.concurrent.ConcurrentHashMap.putVal(Ljava/lang/Object;Ljava/lang/Object;Z)Ljava/lang/Object; @ 148 c2
Event: 37.704 Thread 0x0000022fe9724800 Uncommon trap: reason=unstable_if action=reinterpret pc=0x0000022fdc5edc98 method=java.util.concurrent.ConcurrentHashMap.get(Ljava/lang/Object;)Ljava/lang/Object; @ 76 c2

Classes redefined (0 events):
No events

Internal exceptions (10 events):
Event: 33.047 Thread 0x0000022fcc7b6800 Exception <a 'java/lang/NoSuchMethodError'{0x00000000c520c3d8}: java.lang.invoke.DirectMethodHandle$Holder.invokeStaticInit(Ljava/lang/Object;Ljava/lang/Object;Ljava/lang/Object;)Ljava/lang/Object;> (0x00000000c520c3d8) thrown at [t:/workspace/open/src/ho
Event: 35.219 Thread 0x0000022fcc7b6800 Exception <a 'java/lang/NoSuchMethodError'{0x00000000c52e4098}: java.lang.invoke.DirectMethodHandle$Holder.invokeVirtual(Ljava/lang/Object;Ljava/lang/Object;Ljava/lang/Object;Ljava/lang/Object;)V> (0x00000000c52e4098) thrown at [t:/workspace/open/src/hots
Event: 35.643 Thread 0x0000022fcc7b6800 Exception <a 'java/lang/NoSuchMethodError'{0x00000000c5038ed8}: java.lang.invoke.DirectMethodHandle$Holder.invokeSpecial(Ljava/lang/Object;Ljava/lang/Object;Ljava/lang/Object;Ljava/lang/Object;Ljava/lang/Object;)V> (0x00000000c5038ed8) thrown at [t:/works
Event: 36.252 Thread 0x0000022fe9724800 Exception <a 'java/lang/NoClassDefFoundError'{0x00000000c509a868}: javax/validation/Validation> (0x00000000c509a868) thrown at [t:/workspace/open/src/hotspot/share/classfile/systemDictionary.cpp, line 220]
Event: 37.088 Thread 0x0000022fe9724800 Exception <a 'java/lang/NoSuchMethodError'{0x00000000c4d2f128}: java.lang.invoke.DirectMethodHandle$Holder.invokeInterface(Ljava/lang/Object;Ljava/lang/Object;)I> (0x00000000c4d2f128) thrown at [t:/workspace/open/src/hotspot/share/interpreter/linkResolver
Event: 37.314 Thread 0x0000022fcc7b6800 Exception <a 'java/lang/NoSuchMethodError'{0x00000000c4dbfa60}: java.lang.invoke.DirectMethodHandle$Holder.invokeSpecialIFC(Ljava/lang/Object;Ljava/lang/Object;I)I> (0x00000000c4dbfa60) thrown at [t:/workspace/open/src/hotspot/share/interpreter/linkResolv
Event: 37.448 Thread 0x0000022fe9724800 Exception <a 'java/lang/NoSuchMethodError'{0x00000000c4b828b8}: java.lang.invoke.DirectMethodHandle$Holder.invokeStaticInit(Ljava/lang/Object;Ljava/lang/Object;Ljava/lang/Object;Ljava/lang/Object;Ljava/lang/Object;)Ljava/lang/Object;> (0x00000000c4b828b8)
Event: 37.548 Thread 0x0000022fe9724800 Exception <a 'java/lang/NoSuchMethodError'{0x00000000c4bee4e8}: java.lang.invoke.DirectMethodHandle$Holder.invokeSpecial(Ljava/lang/Object;Ljava/lang/Object;IILjava/lang/Object;Ljava/lang/Object;Ljava/lang/Object;)Ljava/lang/Object;> (0x00000000c4bee4e8) 
Event: 37.548 Thread 0x0000022fe9724800 Exception <a 'java/lang/NoSuchMethodError'{0x00000000c4bf1a70}: java.lang.invoke.DelegatingMethodHandle$Holder.reinvoke_L(Ljava/lang/Object;IILjava/lang/Object;Ljava/lang/Object;Ljava/lang/Object;)Ljava/lang/Object;> (0x00000000c4bf1a70) thrown at [t:/wor
Event: 37.549 Thread 0x0000022fe9724800 Exception <a 'java/lang/NoSuchMethodError'{0x00000000c4bf5a50}: java.lang.invoke.DirectMethodHandle$Holder.invokeStatic(Ljava/lang/Object;Ljava/lang/Object;Ljava/lang/Object;Ljava/lang/Object;I)Ljava/lang/Object;> (0x00000000c4bf5a50) thrown at [t:/worksp

Events (10 events):
Event: 37.706 loading class java/lang/invoke/BoundMethodHandle$Species_LIILLL done
Event: 37.707 loading class javax/xml/transform/FactoryFinder$1
Event: 37.707 loading class javax/xml/transform/FactoryFinder$1 done
Event: 37.707 Executing VM operation: RevokeBias
Event: 37.714 Executing VM operation: RevokeBias done
Event: 37.714 Executing VM operation: RevokeBias
Event: 37.714 Executing VM operation: RevokeBias done
Event: 37.715 Executing VM operation: RevokeBias
Event: 37.715 Executing VM operation: RevokeBias done
Event: 37.717 Executing VM operation: CGC_Operation


Dynamic libraries:
0x00007ff6b59b0000 - 0x00007ff6b59f7000 	C:\Program Files\Java\jdk-11.0.1\bin\java.exe
0x00007ffbf7de0000 - 0x00007ffbf7fd0000 	C:\WINDOWS\SYSTEM32\ntdll.dll
0x00007ffbf7cb0000 - 0x00007ffbf7d62000 	C:\WINDOWS\System32\KERNEL32.DLL
0x00007ffbf5740000 - 0x00007ffbf59e4000 	C:\WINDOWS\System32\KERNELBASE.dll
0x00007ffbf7980000 - 0x00007ffbf7a23000 	C:\WINDOWS\System32\ADVAPI32.dll
0x00007ffbf7be0000 - 0x00007ffbf7c7e000 	C:\WINDOWS\System32\msvcrt.dll
0x00007ffbf60a0000 - 0x00007ffbf6137000 	C:\WINDOWS\System32\sechost.dll
0x00007ffbf6a40000 - 0x00007ffbf6b60000 	C:\WINDOWS\System32\RPCRT4.dll
0x00007ffbf7a30000 - 0x00007ffbf7bc4000 	C:\WINDOWS\System32\USER32.dll
0x00007ffbf5be0000 - 0x00007ffbf5c01000 	C:\WINDOWS\System32\win32u.dll
0x00007ffbf7d70000 - 0x00007ffbf7d96000 	C:\WINDOWS\System32\GDI32.dll
0x00007ffbf5c40000 - 0x00007ffbf5dd5000 	C:\WINDOWS\System32\gdi32full.dll
0x00007ffbf56a0000 - 0x00007ffbf573e000 	C:\WINDOWS\System32\msvcp_win.dll
0x00007ffbf5a40000 - 0x00007ffbf5b3a000 	C:\WINDOWS\System32\ucrtbase.dll
0x00007ffbe02c0000 - 0x00007ffbe0544000 	C:\WINDOWS\WinSxS\amd64_microsoft.windows.common-controls_6595b64144ccf1df_6.0.18362.900_none_e6beb9d913147d17\COMCTL32.dll
0x00007ffbef530000 - 0x00007ffbef53a000 	C:\WINDOWS\SYSTEM32\VERSION.dll
0x00007ffbf7570000 - 0x00007ffbf78a5000 	C:\WINDOWS\System32\combase.dll
0x00007ffbf5b60000 - 0x00007ffbf5be0000 	C:\WINDOWS\System32\bcryptPrimitives.dll
0x00007ffbf7c80000 - 0x00007ffbf7cae000 	C:\WINDOWS\System32\IMM32.DLL
0x00007ffbefbb0000 - 0x00007ffbefbc6000 	C:\Program Files\Java\jdk-11.0.1\bin\vcruntime140.dll
0x00007ffbeacd0000 - 0x00007ffbead7a000 	C:\Program Files\Java\jdk-11.0.1\bin\msvcp140.dll
0x00007ffbcb1b0000 - 0x00007ffbcbcf2000 	C:\Program Files\Java\jdk-11.0.1\bin\server\jvm.dll
0x00007ffbf6d10000 - 0x00007ffbf6d18000 	C:\WINDOWS\System32\PSAPI.DLL
0x00007ffbf25d0000 - 0x00007ffbf25f4000 	C:\WINDOWS\SYSTEM32\WINMM.dll
0x00007ffbf00a0000 - 0x00007ffbf00a9000 	C:\WINDOWS\SYSTEM32\WSOCK32.dll
0x00007ffbf6f00000 - 0x00007ffbf6f6f000 	C:\WINDOWS\System32\WS2_32.dll
0x00007ffbf25a0000 - 0x00007ffbf25cd000 	C:\WINDOWS\SYSTEM32\winmmbase.dll
0x00007ffbf59f0000 - 0x00007ffbf5a3a000 	C:\WINDOWS\System32\cfgmgr32.dll
0x00007ffbf4cb0000 - 0x00007ffbf4cc1000 	C:\WINDOWS\System32\kernel.appcore.dll
0x00007ffbec4d0000 - 0x00007ffbec4e1000 	C:\Program Files\Java\jdk-11.0.1\bin\verify.dll
0x00007ffbf35d0000 - 0x00007ffbf37c4000 	C:\WINDOWS\SYSTEM32\DBGHELP.DLL
0x00007ffbde820000 - 0x00007ffbde84a000 	C:\WINDOWS\SYSTEM32\dbgcore.DLL
0x00007ffbeb020000 - 0x00007ffbeb049000 	C:\Program Files\Java\jdk-11.0.1\bin\java.dll
0x00007ffbf2620000 - 0x00007ffbf264f000 	C:\Program Files\Java\jdk-11.0.1\bin\instrument.dll
0x00007ffbeac60000 - 0x00007ffbeac76000 	C:\Program Files\Java\jdk-11.0.1\bin\zip.dll
0x00007ffbf2610000 - 0x00007ffbf261a000 	C:\Program Files\Java\jdk-11.0.1\bin\jimage.dll
0x00007ffbf6270000 - 0x00007ffbf6956000 	C:\WINDOWS\System32\SHELL32.dll
0x00007ffbf6d20000 - 0x00007ffbf6dc9000 	C:\WINDOWS\System32\shcore.dll
0x00007ffbf4d70000 - 0x00007ffbf54f0000 	C:\WINDOWS\System32\windows.storage.dll
0x00007ffbf4d40000 - 0x00007ffbf4d63000 	C:\WINDOWS\System32\profapi.dll
0x00007ffbf4cd0000 - 0x00007ffbf4d1a000 	C:\WINDOWS\System32\powrprof.dll
0x00007ffbf4ca0000 - 0x00007ffbf4cb0000 	C:\WINDOWS\System32\UMPDC.dll
0x00007ffbf6210000 - 0x00007ffbf6262000 	C:\WINDOWS\System32\shlwapi.dll
0x00007ffbf5b40000 - 0x00007ffbf5b57000 	C:\WINDOWS\System32\cryptsp.dll
0x00007ffbea7e0000 - 0x00007ffbea7f9000 	C:\Program Files\Java\jdk-11.0.1\bin\net.dll
0x00007ffbed160000 - 0x00007ffbed250000 	C:\WINDOWS\SYSTEM32\WINHTTP.dll
0x00007ffbf44b0000 - 0x00007ffbf4517000 	C:\WINDOWS\system32\mswsock.dll
0x00007ffbe8610000 - 0x00007ffbe8623000 	C:\Program Files\Java\jdk-11.0.1\bin\nio.dll
0x00007ffbec350000 - 0x00007ffbec36a000 	C:\Program Files\JetBrains\IntelliJ IDEA Community Edition 2020.3.1\bin\breakgen64.dll
0x00007ffbec4c0000 - 0x00007ffbec4c9000 	C:\Program Files\Java\jdk-11.0.1\bin\management.dll
0x00007ffbeae30000 - 0x00007ffbeae3c000 	C:\Program Files\Java\jdk-11.0.1\bin\management_ext.dll
0x00007ffbdeb90000 - 0x00007ffbdeba6000 	C:\WINDOWS\system32\napinsp.dll
0x00007ffbddcd0000 - 0x00007ffbddcea000 	C:\WINDOWS\system32\pnrpnsp.dll
0x00007ffbf4200000 - 0x00007ffbf42cb000 	C:\WINDOWS\SYSTEM32\DNSAPI.dll
0x00007ffbf7bd0000 - 0x00007ffbf7bd8000 	C:\WINDOWS\System32\NSI.dll
0x00007ffbf41c0000 - 0x00007ffbf41fa000 	C:\WINDOWS\SYSTEM32\IPHLPAPI.DLL
0x00007ffbeadd0000 - 0x00007ffbeadde000 	C:\WINDOWS\System32\winrnr.dll
0x00007ffbf0cf0000 - 0x00007ffbf0d0c000 	C:\WINDOWS\system32\NLAapi.dll
0x00007ffbda390000 - 0x00007ffbda3a5000 	C:\WINDOWS\system32\wshbth.dll
0x00007ffbeb790000 - 0x00007ffbeb79a000 	C:\Windows\System32\rasadhlp.dll
0x00007ffbedc90000 - 0x00007ffbedd07000 	C:\WINDOWS\System32\fwpuclnt.dll
0x00007ffbf5c10000 - 0x00007ffbf5c36000 	C:\WINDOWS\System32\bcrypt.dll

dbghelp: loaded successfully - version: 4.0.5 - missing functions: none
symbol engine: initialized successfully - sym options: 0x614 - pdb path: .;C:\Program Files\Java\jdk-11.0.1\bin;C:\WINDOWS\SYSTEM32;C:\WINDOWS\WinSxS\amd64_microsoft.windows.common-controls_6595b64144ccf1df_6.0.18362.900_none_e6beb9d913147d17;C:\Program Files\Java\jdk-11.0.1\bin\server;C:\Program Files\JetBrains\IntelliJ IDEA Community Edition 2020.3.1\bin

VM Arguments:
jvm_args: -javaagent:C:\Program Files\JetBrains\IntelliJ IDEA Community Edition 2020.3.1\lib\idea_rt.jar=49914:C:\Program Files\JetBrains\IntelliJ IDEA Community Edition 2020.3.1\bin -Dfile.encoding=UTF-8 
java_command: com.dryfire.medify_art.MedifyArtApplication
java_class_path (initial): C:\Users\Saurabh Tripathi\IdeaProjects\medify-art\target\classes;C:\Users\Saurabh Tripathi\.m2\repository\org\springframework\boot\spring-boot-starter-web\2.4.2\spring-boot-starter-web-2.4.2.jar;C:\Users\Saurabh Tripathi\.m2\repository\org\springframework\boot\spring-boot-starter\2.4.2\spring-boot-starter-2.4.2.jar;C:\Users\Saurabh Tripathi\.m2\repository\org\springframework\boot\spring-boot\2.4.2\spring-boot-2.4.2.jar;C:\Users\Saurabh Tripathi\.m2\repository\org\springframework\boot\spring-boot-autoconfigure\2.4.2\spring-boot-autoconfigure-2.4.2.jar;C:\Users\Saurabh Tripathi\.m2\repository\org\springframework\boot\spring-boot-starter-logging\2.4.2\spring-boot-starter-logging-2.4.2.jar;C:\Users\Saurabh Tripathi\.m2\repository\ch\qos\logback\logback-classic\1.2.3\logback-classic-1.2.3.jar;C:\Users\Saurabh Tripathi\.m2\repository\ch\qos\logback\logback-core\1.2.3\logback-core-1.2.3.jar;C:\Users\Saurabh Tripathi\.m2\repository\org\apache\logging\log4j\log4j-to-slf4j\2.13.3\log4j-to-slf4j-2.13.3.jar;C:\Users\Saurabh Tripathi\.m2\repository\org\apache\logging\log4j\log4j-api\2.13.3\log4j-api-2.13.3.jar;C:\Users\Saurabh Tripathi\.m2\repository\org\slf4j\jul-to-slf4j\1.7.30\jul-to-slf4j-1.7.30.jar;C:\Users\Saurabh Tripathi\.m2\repository\jakarta\annotation\jakarta.annotation-api\1.3.5\jakarta.annotation-api-1.3.5.jar;C:\Users\Saurabh Tripathi\.m2\repository\org\yaml\snakeyaml\1.27\snakeyaml-1.27.jar;C:\Users\Saurabh Tripathi\.m2\repository\org\springframework\boot\spring-boot-starter-json\2.4.2\spring-boot-starter-json-2.4.2.jar;C:\Users\Saurabh Tripathi\.m2\repository\com\fasterxml\jackson\core\jackson-databind\2.11.4\jackson-databind-2.11.4.jar;C:\Users\Saurabh Tripathi\.m2\repository\com\fasterxml\jackson\core\jackson-annotations\2.11.4\jackson-annotations-2.11.4.jar;C:\Users\Saurabh Tripathi\.m2\repository\com\fasterxml\jackson\core\jackson-core\2.11.4\jackson-core-2.11.4.jar;C:\Users\Saurabh Tripathi\.m2\repository\com\fasterxml\jackson\da
Launcher Type: SUN_STANDARD

[Global flags]
     intx CICompilerCount                          = 4                                         {product} {ergonomic}
     uint ConcGCThreads                            = 2                                         {product} {ergonomic}
     uint G1ConcRefinementThreads                  = 8                                         {product} {ergonomic}
   size_t G1HeapRegionSize                         = 1048576                                   {product} {ergonomic}
    uintx GCDrainStackTargetSize                   = 64                                        {product} {ergonomic}
   size_t InitialHeapSize                          = 67108864                                  {product} {ergonomic}
   size_t MarkStackSize                            = 4194304                                   {product} {ergonomic}
   size_t MaxHeapSize                              = 1044381696                                {product} {ergonomic}
   size_t MaxNewSize                               = 625999872                                 {product} {ergonomic}
   size_t MinHeapDeltaBytes                        = 1048576                                   {product} {ergonomic}
    uintx NonNMethodCodeHeapSize                   = 5835340                                {pd product} {ergonomic}
    uintx NonProfiledCodeHeapSize                  = 122911450                              {pd product} {ergonomic}
    uintx ProfiledCodeHeapSize                     = 122911450                              {pd product} {ergonomic}
    uintx ReservedCodeCacheSize                    = 251658240                              {pd product} {ergonomic}
     bool SegmentedCodeCache                       = true                                      {product} {ergonomic}
     bool UseCompressedClassPointers               = true                                 {lp64_product} {ergonomic}
     bool UseCompressedOops                        = true                                 {lp64_product} {ergonomic}
     bool UseG1GC                                  = true                                      {product} {ergonomic}
     bool UseLargePagesIndividualAllocation        = false                                  {pd product} {ergonomic}

Logging:
Log output configuration:
 #0: stdout all=warning uptime,level,tags
 #1: stderr all=off uptime,level,tags

Environment Variables:
PATH=C:\Program Files (x86)\Intel\Intel(R) Management Engine Components\iCLS\;C:\Program Files\Intel\Intel(R) Management Engine Components\iCLS\;C:\WINDOWS\system32;C:\WINDOWS;C:\WINDOWS\System32\Wbem;C:\WINDOWS\System32\WindowsPowerShell\v1.0\;C:\WINDOWS\System32\OpenSSH\;C:\Program Files (x86)\Intel\Intel(R) Management Engine Components\DAL;C:\Program Files\Intel\Intel(R) Management Engine Components\DAL;C:\Program Files (x86)\Intel\Intel(R) Management Engine Components\IPT;C:\Program Files\Intel\Intel(R) Management Engine Components\IPT;C:\Program Files\Java\jdk-11.0.1\bin;C:\Program Files\Git\cmd;C:\ProgramData\chocolatey\bin;C:\Users\Saurabh Tripathi\AppData\Local\Microsoft\WindowsApps;C:\Users\Saurabh Tripathi\AppData\Local\Programs\Python\Python36-32\Scripts;C:\Users\Saurabh Tripathi\AppData\Local\Programs\Python\Python36-32;;C:\Program Files\heroku\bin
USERNAME=Saurabh Tripathi
OS=Windows_NT
PROCESSOR_IDENTIFIER=Intel64 Family 6 Model 142 Stepping 10, GenuineIntel



---------------  S Y S T E M  ---------------

OS: Windows 10 , 64 bit Build 18362 (10.0.18362.900)

CPU:total 8 (initial active 8) (4 cores per cpu, 2 threads per core) family 6 model 142 stepping 10, cmov, cx8, fxsr, mmx, sse, sse2, sse3, ssse3, sse4.1, sse4.2, popcnt, avx, avx2, aes, clmul, erms, 3dnowpref, lzcnt, ht, tsc, tscinvbit, bmi1, bmi2, adx, fma

Memory: 4k page, system-wide physical 3977M (342M free)
TotalPageFile size 6743M (AvailPageFile size 23M)
current process WorkingSet (physical memory assigned to process): 89M, peak: 89M
current process commit charge ("private bytes"): 162M, peak: 162M

vm_info: Java HotSpot(TM) 64-Bit Server VM (11.0.1+13-LTS) for windows-amd64 JRE (11.0.1+13-LTS), built on Oct  6 2018 13:20:16 by "mach5one" with MS VC++ 15.5 (VS2017)

END.
