#
# There is insufficient memory for the Java Runtime Environment to continue.
# Native memory allocation (malloc) failed to allocate 2058096 bytes for Chunk::new
# Possible reasons:
#   The system is out of physical RAM or swap space
#   The process is running with CompressedOops enabled, and the Java Heap may be blocking the growth of the native heap
# Possible solutions:
#   Reduce memory load on the system
#   Increase physical memory or swap space
#   Check if swap backing store is full
#   Decrease Java heap size (-Xmx/-Xms)
#   Decrease number of Java threads
#   Decrease Java thread stack sizes (-Xss)
#   Set larger code cache with -XX:ReservedCodeCacheSize=
#   JVM is running with Unscaled Compressed Oops mode in which the Java heap is
#     placed in the first 4GB address space. The Java Heap base address is the
#     maximum limit for the native heap growth. Please use -XX:HeapBaseMinAddress
#     to set the Java Heap base and to place the Java Heap above 4GB virtual address.
# This output file may be truncated or incomplete.
#
#  Out of Memory Error (t:/workspace/open/src/hotspot/share/memory/arena.cpp:197), pid=6864, tid=9028
#
# JRE version: Java(TM) SE Runtime Environment (11.0.1+13) (build 11.0.1+13-LTS)
# Java VM: Java HotSpot(TM) 64-Bit Server VM (11.0.1+13-LTS, mixed mode, tiered, compressed oops, g1 gc, windows-amd64)
# No core dump will be written. Minidumps are not enabled by default on client versions of Windows
#

---------------  S U M M A R Y ------------

Command Line: -javaagent:C:\Program Files\JetBrains\IntelliJ IDEA Community Edition 2020.3.1\lib\idea_rt.jar=49312:C:\Program Files\JetBrains\IntelliJ IDEA Community Edition 2020.3.1\bin -Dfile.encoding=UTF-8 com.dryfire.medify_art.MedifyArtApplication

Host: Intel(R) Core(TM) i5-8250U CPU @ 1.60GHz, 8 cores, 3G,  Windows 10 , 64 bit Build 18362 (10.0.18362.900)
Time: Thu Jan 21 20:02:52 2021 India Standard Time elapsed time: 15 seconds (0d 0h 0m 15s)

---------------  T H R E A D  ---------------

Current thread (0x00000198e9de0800):  JavaThread "C2 CompilerThread0" daemon [_thread_in_native, id=9028, stack(0x0000001ced900000,0x0000001ceda00000)]


Current CompileTask:
C2:  15754 4516       4       org.springframework.core.annotation.AnnotationsScanner::processMethod (116 bytes)

Stack: [0x0000001ced900000,0x0000001ceda00000]
Native frames: (J=compiled Java code, j=interpreted, Vv=VM code, C=native code)
V  [jvm.dll+0x63c21a]
V  [jvm.dll+0x7797df]
V  [jvm.dll+0x77adca]
V  [jvm.dll+0x77b483]
V  [jvm.dll+0x2627f8]
V  [jvm.dll+0xc5c71]
V  [jvm.dll+0xc61fc]
V  [jvm.dll+0x36f8a7]
V  [jvm.dll+0x33c6d3]
V  [jvm.dll+0x33baaa]
V  [jvm.dll+0x21c7c5]
V  [jvm.dll+0x21b96a]
V  [jvm.dll+0x198390]
V  [jvm.dll+0x22a97f]
V  [jvm.dll+0x228f98]
V  [jvm.dll+0x73f03d]
V  [jvm.dll+0x63b2b2]
C  [ucrtbase.dll+0x20e82]
C  [KERNEL32.DLL+0x17bd4]
C  [ntdll.dll+0x6ce51]


---------------  P R O C E S S  ---------------

Threads class SMR info:
_java_thread_list=0x00000198ef8d2460, length=17, elements={
0x00000198cd818000, 0x00000198e9dbd000, 0x00000198e9dc2800, 0x00000198ea772800,
0x00000198ea773800, 0x00000198e9de0800, 0x00000198e9de3800, 0x00000198e9de8000,
0x00000198ea899000, 0x00000198ea949800, 0x00000198eabbd000, 0x00000198ed992800,
0x00000198eebb0800, 0x00000198ee54e800, 0x00000198edcf5800, 0x00000198eb756800,
0x00000198eb757800
}

Java Threads: ( => current thread )
  0x00000198cd818000 JavaThread "main" [_thread_in_native, id=13300, stack(0x0000001cece00000,0x0000001cecf00000)]
  0x00000198e9dbd000 JavaThread "Reference Handler" daemon [_thread_blocked, id=5464, stack(0x0000001ced500000,0x0000001ced600000)]
  0x00000198e9dc2800 JavaThread "Finalizer" daemon [_thread_blocked, id=2856, stack(0x0000001ced600000,0x0000001ced700000)]
  0x00000198ea772800 JavaThread "Signal Dispatcher" daemon [_thread_blocked, id=7376, stack(0x0000001ced700000,0x0000001ced800000)]
  0x00000198ea773800 JavaThread "Attach Listener" daemon [_thread_blocked, id=7608, stack(0x0000001ced800000,0x0000001ced900000)]
=>0x00000198e9de0800 JavaThread "C2 CompilerThread0" daemon [_thread_in_native, id=9028, stack(0x0000001ced900000,0x0000001ceda00000)]
  0x00000198e9de3800 JavaThread "C1 CompilerThread0" daemon [_thread_blocked, id=11348, stack(0x0000001ceda00000,0x0000001cedb00000)]
  0x00000198e9de8000 JavaThread "Sweeper thread" daemon [_thread_blocked, id=10068, stack(0x0000001cedb00000,0x0000001cedc00000)]
  0x00000198ea899000 JavaThread "Common-Cleaner" daemon [_thread_blocked, id=8296, stack(0x0000001cedc00000,0x0000001cedd00000)]
  0x00000198ea949800 JavaThread "Monitor Ctrl-Break" daemon [_thread_in_native, id=5308, stack(0x0000001cede00000,0x0000001cedf00000)]
  0x00000198eabbd000 JavaThread "Service Thread" daemon [_thread_blocked, id=14164, stack(0x0000001cedf00000,0x0000001cee000000)]
  0x00000198ed992800 JavaThread "Catalina-utility-1" [_thread_blocked, id=7936, stack(0x0000001cee200000,0x0000001cee300000)]
  0x00000198eebb0800 JavaThread "Catalina-utility-2" [_thread_blocked, id=12556, stack(0x0000001cee600000,0x0000001cee700000)]
  0x00000198ee54e800 JavaThread "container-0" [_thread_blocked, id=15232, stack(0x0000001cee700000,0x0000001cee800000)]
  0x00000198edcf5800 JavaThread "HikariPool-1 housekeeper" daemon [_thread_blocked, id=12440, stack(0x0000001cee800000,0x0000001cee900000)]
  0x00000198eb756800 JavaThread "C2 CompilerThread1" daemon [_thread_in_native, id=12876, stack(0x0000001cee100000,0x0000001cee200000)]
  0x00000198eb757800 JavaThread "C2 CompilerThread2" daemon [_thread_blocked, id=15140, stack(0x0000001cee900000,0x0000001ceea00000)]

Other Threads:
  0x00000198e9d9b800 VMThread "VM Thread" [stack: 0x0000001ced400000,0x0000001ced500000] [id=3188]
  0x00000198ead8b000 WatcherThread [stack: 0x0000001cee000000,0x0000001cee100000] [id=6840]
  0x00000198cd830800 GCTaskThread "GC Thread#0" [stack: 0x0000001cecf00000,0x0000001ced000000] [id=4980]
  0x00000198eb82e800 GCTaskThread "GC Thread#1" [stack: 0x0000001cedd00000,0x0000001cede00000] [id=9408]
  0x00000198ebcb1800 GCTaskThread "GC Thread#2" [stack: 0x0000001cee300000,0x0000001cee400000] [id=13608]
  0x00000198eba8c800 GCTaskThread "GC Thread#3" [stack: 0x0000001cee400000,0x0000001cee500000] [id=8964]
  0x00000198ef444000 GCTaskThread "GC Thread#4" [stack: 0x0000001ceea00000,0x0000001ceeb00000] [id=2360]
  0x00000198eed5e000 GCTaskThread "GC Thread#5" [stack: 0x0000001ceeb00000,0x0000001ceec00000] [id=4620]
  0x00000198edc7f000 GCTaskThread "GC Thread#6" [stack: 0x0000001ceec00000,0x0000001ceed00000] [id=9148]
  0x00000198f0192800 GCTaskThread "GC Thread#7" [stack: 0x0000001ceed00000,0x0000001ceee00000] [id=15284]
  0x00000198cd84c000 ConcurrentGCThread "G1 Main Marker" [stack: 0x0000001ced000000,0x0000001ced100000] [id=12160]
  0x00000198cd84e800 ConcurrentGCThread "G1 Conc#0" [stack: 0x0000001ced100000,0x0000001ced200000] [id=1016]
  0x00000198ebae3800 ConcurrentGCThread "G1 Conc#1" [stack: 0x0000001cee500000,0x0000001cee600000] [id=4404]
  0x00000198cd8b5000 ConcurrentGCThread "G1 Refine#0" [stack: 0x0000001ced200000,0x0000001ced300000] [id=14844]
  0x00000198cd8b6000 ConcurrentGCThread "G1 Young RemSet Sampling" [stack: 0x0000001ced300000,0x0000001ced400000] [id=6640]

Threads with active compile tasks:
C2 CompilerThread04516       4       org.springframework.core.annotation.AnnotationsScanner::processMethod (116 bytes)
C2 CompilerThread14562   !   4       org.springframework.util.ReflectionUtils::doWithMethods (193 bytes)

VM state:not at safepoint (normal execution)

VM Mutex/Monitor currently owned by a thread: None

Heap address: 0x00000000c1c00000, size: 996 MB, Compressed Oops mode: 32-bit
Narrow klass base: 0x0000000000000000, Narrow klass shift: 3
Compressed class space size: 1073741824 Address: 0x0000000100000000

Heap:
 garbage-first heap   total 78848K, used 25775K [0x00000000c1c00000, 0x0000000100000000)
  region size 1024K, 11 young (11264K), 5 survivors (5120K)
 Metaspace       used 58184K, capacity 59463K, committed 59648K, reserved 1101824K
  class space    used 7361K, capacity 7879K, committed 7936K, reserved 1048576K
Heap Regions: E=young(eden), S=young(survivor), O=old, HS=humongous(starts), HC=humongous(continues), CS=collection set, F=free, A=archive, TAMS=top-at-mark-start (previous, next)
|   0|0x00000000c1c00000, 0x00000000c1d00000, 0x00000000c1d00000|100%|HS|  |TAMS 0x00000000c1d00000, 0x00000000c1c00000| Complete 
|   1|0x00000000c1d00000, 0x00000000c1e00000, 0x00000000c1e00000|100%| O|  |TAMS 0x00000000c1e00000, 0x00000000c1d00000| Untracked 
|   2|0x00000000c1e00000, 0x00000000c1f00000, 0x00000000c1f00000|100%| O|  |TAMS 0x00000000c1f00000, 0x00000000c1e00000| Untracked 
|   3|0x00000000c1f00000, 0x00000000c2000000, 0x00000000c2000000|100%| O|  |TAMS 0x00000000c2000000, 0x00000000c1f00000| Untracked 
|   4|0x00000000c2000000, 0x00000000c2100000, 0x00000000c2100000|100%| O|  |TAMS 0x00000000c2100000, 0x00000000c2000000| Untracked 
|   5|0x00000000c2100000, 0x00000000c2200000, 0x00000000c2200000|100%| O|  |TAMS 0x00000000c2200000, 0x00000000c2100000| Untracked 
|   6|0x00000000c2200000, 0x00000000c2300000, 0x00000000c2300000|100%| O|  |TAMS 0x00000000c2300000, 0x00000000c2200000| Untracked 
|   7|0x00000000c2300000, 0x00000000c2400000, 0x00000000c2400000|100%| O|  |TAMS 0x00000000c2400000, 0x00000000c2300000| Untracked 
|   8|0x00000000c2400000, 0x00000000c2500000, 0x00000000c2500000|100%| O|  |TAMS 0x00000000c2500000, 0x00000000c2400000| Untracked 
|   9|0x00000000c2500000, 0x00000000c2600000, 0x00000000c2600000|100%| O|  |TAMS 0x00000000c2600000, 0x00000000c2500000| Untracked 
|  10|0x00000000c2600000, 0x00000000c2700000, 0x00000000c2700000|100%| O|  |TAMS 0x00000000c2700000, 0x00000000c2600000| Untracked 
|  11|0x00000000c2700000, 0x00000000c2800000, 0x00000000c2800000|100%| O|  |TAMS 0x00000000c2800000, 0x00000000c2700000| Untracked 
|  12|0x00000000c2800000, 0x00000000c2900000, 0x00000000c2900000|100%| O|  |TAMS 0x00000000c2800000, 0x00000000c2800000| Untracked 
|  13|0x00000000c2900000, 0x00000000c2a00000, 0x00000000c2a00000|100%| O|  |TAMS 0x00000000c2900000, 0x00000000c2900000| Untracked 
|  14|0x00000000c2a00000, 0x00000000c2b00000, 0x00000000c2b00000|100%| O|  |TAMS 0x00000000c2a00000, 0x00000000c2a00000| Untracked 
|  15|0x00000000c2b00000, 0x00000000c2bd4600, 0x00000000c2c00000| 82%| O|  |TAMS 0x00000000c2b00000, 0x00000000c2b00000| Untracked 
|  16|0x00000000c2c00000, 0x00000000c2c00000, 0x00000000c2d00000|  0%| F|  |TAMS 0x00000000c2c00000, 0x00000000c2c00000| Untracked 
|  17|0x00000000c2d00000, 0x00000000c2d00000, 0x00000000c2e00000|  0%| F|  |TAMS 0x00000000c2d00000, 0x00000000c2d00000| Untracked 
|  18|0x00000000c2e00000, 0x00000000c2e00000, 0x00000000c2f00000|  0%| F|  |TAMS 0x00000000c2e00000, 0x00000000c2e00000| Untracked 
|  19|0x00000000c2f00000, 0x00000000c2f00000, 0x00000000c3000000|  0%| F|  |TAMS 0x00000000c2f00000, 0x00000000c2f00000| Untracked 
|  20|0x00000000c3000000, 0x00000000c3000000, 0x00000000c3100000|  0%| F|  |TAMS 0x00000000c3000000, 0x00000000c3000000| Untracked 
|  21|0x00000000c3100000, 0x00000000c3100000, 0x00000000c3200000|  0%| F|  |TAMS 0x00000000c3100000, 0x00000000c3100000| Untracked 
|  22|0x00000000c3200000, 0x00000000c3200000, 0x00000000c3300000|  0%| F|  |TAMS 0x00000000c3200000, 0x00000000c3200000| Untracked 
|  23|0x00000000c3300000, 0x00000000c3300000, 0x00000000c3400000|  0%| F|  |TAMS 0x00000000c3300000, 0x00000000c3300000| Untracked 
|  24|0x00000000c3400000, 0x00000000c3400000, 0x00000000c3500000|  0%| F|  |TAMS 0x00000000c3400000, 0x00000000c3400000| Untracked 
|  25|0x00000000c3500000, 0x00000000c3500000, 0x00000000c3600000|  0%| F|  |TAMS 0x00000000c3500000, 0x00000000c3500000| Untracked 
|  26|0x00000000c3600000, 0x00000000c3600000, 0x00000000c3700000|  0%| F|  |TAMS 0x00000000c3600000, 0x00000000c3600000| Untracked 
|  27|0x00000000c3700000, 0x00000000c3700000, 0x00000000c3800000|  0%| F|  |TAMS 0x00000000c3700000, 0x00000000c3700000| Untracked 
|  28|0x00000000c3800000, 0x00000000c3800000, 0x00000000c3900000|  0%| F|  |TAMS 0x00000000c3800000, 0x00000000c3800000| Untracked 
|  29|0x00000000c3900000, 0x00000000c3900000, 0x00000000c3a00000|  0%| F|  |TAMS 0x00000000c3900000, 0x00000000c3900000| Untracked 
|  30|0x00000000c3a00000, 0x00000000c3a578a8, 0x00000000c3b00000| 34%| S|CS|TAMS 0x00000000c3a00000, 0x00000000c3a00000| Complete 
|  31|0x00000000c3b00000, 0x00000000c3c00000, 0x00000000c3c00000|100%| S|CS|TAMS 0x00000000c3b00000, 0x00000000c3b00000| Complete 
|  32|0x00000000c3c00000, 0x00000000c3d00000, 0x00000000c3d00000|100%| S|CS|TAMS 0x00000000c3c00000, 0x00000000c3c00000| Complete 
|  33|0x00000000c3d00000, 0x00000000c3e00000, 0x00000000c3e00000|100%| S|CS|TAMS 0x00000000c3d00000, 0x00000000c3d00000| Complete 
|  34|0x00000000c3e00000, 0x00000000c3f00000, 0x00000000c3f00000|100%| S|CS|TAMS 0x00000000c3e00000, 0x00000000c3e00000| Complete 
|  35|0x00000000c3f00000, 0x00000000c3f00000, 0x00000000c4000000|  0%| F|  |TAMS 0x00000000c3f00000, 0x00000000c3f00000| Untracked 
|  36|0x00000000c4000000, 0x00000000c4000000, 0x00000000c4100000|  0%| F|  |TAMS 0x00000000c4000000, 0x00000000c4000000| Untracked 
|  37|0x00000000c4100000, 0x00000000c4100000, 0x00000000c4200000|  0%| F|  |TAMS 0x00000000c4100000, 0x00000000c4100000| Untracked 
|  38|0x00000000c4200000, 0x00000000c4200000, 0x00000000c4300000|  0%| F|  |TAMS 0x00000000c4200000, 0x00000000c4200000| Untracked 
|  39|0x00000000c4300000, 0x00000000c4300000, 0x00000000c4400000|  0%| F|  |TAMS 0x00000000c4300000, 0x00000000c4300000| Untracked 
|  40|0x00000000c4400000, 0x00000000c4400000, 0x00000000c4500000|  0%| F|  |TAMS 0x00000000c4400000, 0x00000000c4400000| Untracked 
|  41|0x00000000c4500000, 0x00000000c4500000, 0x00000000c4600000|  0%| F|  |TAMS 0x00000000c4500000, 0x00000000c4500000| Untracked 
|  42|0x00000000c4600000, 0x00000000c4600000, 0x00000000c4700000|  0%| F|  |TAMS 0x00000000c4600000, 0x00000000c4600000| Untracked 
|  43|0x00000000c4700000, 0x00000000c4700000, 0x00000000c4800000|  0%| F|  |TAMS 0x00000000c4700000, 0x00000000c4700000| Untracked 
|  44|0x00000000c4800000, 0x00000000c4800000, 0x00000000c4900000|  0%| F|  |TAMS 0x00000000c4800000, 0x00000000c4800000| Untracked 
|  45|0x00000000c4900000, 0x00000000c4900000, 0x00000000c4a00000|  0%| F|  |TAMS 0x00000000c4900000, 0x00000000c4900000| Untracked 
|  46|0x00000000c4a00000, 0x00000000c4a00000, 0x00000000c4b00000|  0%| F|  |TAMS 0x00000000c4a00000, 0x00000000c4a00000| Untracked 
|  47|0x00000000c4b00000, 0x00000000c4b00000, 0x00000000c4c00000|  0%| F|  |TAMS 0x00000000c4b00000, 0x00000000c4b00000| Untracked 
|  48|0x00000000c4c00000, 0x00000000c4c00000, 0x00000000c4d00000|  0%| F|  |TAMS 0x00000000c4c00000, 0x00000000c4c00000| Untracked 
|  49|0x00000000c4d00000, 0x00000000c4d00000, 0x00000000c4e00000|  0%| F|  |TAMS 0x00000000c4d00000, 0x00000000c4d00000| Untracked 
|  50|0x00000000c4e00000, 0x00000000c4e00000, 0x00000000c4f00000|  0%| F|  |TAMS 0x00000000c4e00000, 0x00000000c4e00000| Untracked 
|  51|0x00000000c4f00000, 0x00000000c4f00000, 0x00000000c5000000|  0%| F|  |TAMS 0x00000000c4f00000, 0x00000000c4f00000| Untracked 
|  52|0x00000000c5000000, 0x00000000c5000000, 0x00000000c5100000|  0%| F|  |TAMS 0x00000000c5000000, 0x00000000c5000000| Untracked 
|  53|0x00000000c5100000, 0x00000000c5100000, 0x00000000c5200000|  0%| F|  |TAMS 0x00000000c5100000, 0x00000000c5100000| Untracked 
|  54|0x00000000c5200000, 0x00000000c5200000, 0x00000000c5300000|  0%| F|  |TAMS 0x00000000c5200000, 0x00000000c5200000| Untracked 
|  55|0x00000000c5300000, 0x00000000c5300000, 0x00000000c5400000|  0%| F|  |TAMS 0x00000000c5300000, 0x00000000c5300000| Untracked 
|  56|0x00000000c5400000, 0x00000000c5400000, 0x00000000c5500000|  0%| F|  |TAMS 0x00000000c5400000, 0x00000000c5400000| Untracked 
|  57|0x00000000c5500000, 0x00000000c5500000, 0x00000000c5600000|  0%| F|  |TAMS 0x00000000c5500000, 0x00000000c5500000| Untracked 
|  58|0x00000000c5600000, 0x00000000c5600000, 0x00000000c5700000|  0%| F|  |TAMS 0x00000000c5600000, 0x00000000c5600000| Untracked 
|  59|0x00000000c5700000, 0x00000000c5700000, 0x00000000c5800000|  0%| F|  |TAMS 0x00000000c5700000, 0x00000000c5700000| Untracked 
|  60|0x00000000c5800000, 0x00000000c5800000, 0x00000000c5900000|  0%| F|  |TAMS 0x00000000c5800000, 0x00000000c5800000| Untracked 
|  61|0x00000000c5900000, 0x00000000c5900000, 0x00000000c5a00000|  0%| F|  |TAMS 0x00000000c5900000, 0x00000000c5900000| Untracked 
|  62|0x00000000c5a00000, 0x00000000c5a00000, 0x00000000c5b00000|  0%| F|  |TAMS 0x00000000c5a00000, 0x00000000c5a00000| Untracked 
|  63|0x00000000c5b00000, 0x00000000c5b00000, 0x00000000c5c00000|  0%| F|  |TAMS 0x00000000c5b00000, 0x00000000c5b00000| Untracked 
|  64|0x00000000c5c00000, 0x00000000c5c00000, 0x00000000c5d00000|  0%| F|  |TAMS 0x00000000c5c00000, 0x00000000c5c00000| Untracked 
|  65|0x00000000c5d00000, 0x00000000c5d00000, 0x00000000c5e00000|  0%| F|  |TAMS 0x00000000c5d00000, 0x00000000c5d00000| Untracked 
|  66|0x00000000c5e00000, 0x00000000c5e00000, 0x00000000c5f00000|  0%| F|  |TAMS 0x00000000c5e00000, 0x00000000c5e00000| Untracked 
|  67|0x00000000c5f00000, 0x00000000c5f00000, 0x00000000c6000000|  0%| F|  |TAMS 0x00000000c5f00000, 0x00000000c5f00000| Untracked 
|  68|0x00000000c6000000, 0x00000000c6000000, 0x00000000c6100000|  0%| F|  |TAMS 0x00000000c6000000, 0x00000000c6000000| Untracked 
|  69|0x00000000c6100000, 0x00000000c6100000, 0x00000000c6200000|  0%| F|  |TAMS 0x00000000c6100000, 0x00000000c6100000| Untracked 
|  70|0x00000000c6200000, 0x00000000c6200000, 0x00000000c6300000|  0%| F|  |TAMS 0x00000000c6200000, 0x00000000c6200000| Untracked 
|  71|0x00000000c6300000, 0x00000000c63816f8, 0x00000000c6400000| 50%| E|  |TAMS 0x00000000c6300000, 0x00000000c6300000| Complete 
|  72|0x00000000c6400000, 0x00000000c6500000, 0x00000000c6500000|100%| E|CS|TAMS 0x00000000c6400000, 0x00000000c6400000| Complete 
|  73|0x00000000c6500000, 0x00000000c6600000, 0x00000000c6600000|100%| E|CS|TAMS 0x00000000c6500000, 0x00000000c6500000| Complete 
|  74|0x00000000c6600000, 0x00000000c6700000, 0x00000000c6700000|100%| E|CS|TAMS 0x00000000c6600000, 0x00000000c6600000| Complete 
|  75|0x00000000c6700000, 0x00000000c6800000, 0x00000000c6800000|100%| E|CS|TAMS 0x00000000c6700000, 0x00000000c6700000| Complete 
|  76|0x00000000c6800000, 0x00000000c6900000, 0x00000000c6900000|100%| E|CS|TAMS 0x00000000c6800000, 0x00000000c6800000| Complete 

Card table byte_map: [0x00000198e5080000,0x00000198e5280000] _byte_map_base: 0x00000198e4a72000

Marking Bits (Prev, Next): (CMBitMap*) 0x00000198cd8476e8, (CMBitMap*) 0x00000198cd847720
 Prev Bits: [0x00000198e5480000, 0x00000198e6410000)
 Next Bits: [0x00000198e6410000, 0x00000198e73a0000)

Polling page: 0x00000198ccfe0000

Metaspace:

Usage:
  Non-class:     50.38 MB capacity,    49.63 MB ( 99%) used,   588.91 KB (  1%) free+waste,   172.44 KB ( <1%) overhead. 
      Class:      7.69 MB capacity,     7.19 MB ( 93%) used,   437.07 KB (  6%) free+waste,    80.25 KB (  1%) overhead. 
       Both:     58.07 MB capacity,    56.82 MB ( 98%) used,     1.00 MB (  2%) free+waste,   252.69 KB ( <1%) overhead. 

Virtual space:
  Non-class space:       52.00 MB reserved,      50.50 MB ( 97%) committed 
      Class space:        1.00 GB reserved,       7.75 MB ( <1%) committed 
             Both:        1.05 GB reserved,      58.25 MB (  5%) committed 

Chunk freelists:
   Non-Class:  0 bytes
       Class:  3.13 KB
        Both:  3.13 KB

CodeHeap 'non-profiled nmethods': size=120000Kb used=3651Kb max_used=3651Kb free=116348Kb
 bounds [0x00000198dd600000, 0x00000198dd9a0000, 0x00000198e4b30000]
CodeHeap 'profiled nmethods': size=120000Kb used=10144Kb max_used=10144Kb free=109855Kb
 bounds [0x00000198d60d0000, 0x00000198d6ac0000, 0x00000198dd600000]
CodeHeap 'non-nmethods': size=5760Kb used=1203Kb max_used=1254Kb free=4556Kb
 bounds [0x00000198d5b30000, 0x00000198d5da0000, 0x00000198d60d0000]
 total_blobs=6385 nmethods=4559 adapters=478
 compilation: enabled
              stopped_count=0, restarted_count=0
 full_count=0

Compilation events (10 events):
Event: 15.501 Thread 0x00000198e9de3800 nmethod 4531 0x00000198d6aa1b90 code [0x00000198d6aa1de0, 0x00000198d6aa26c0]
Event: 15.588 Thread 0x00000198e9de3800 4533       3       org.springframework.core.annotation.AnnotationsScanner::getBaseTypeMethods (145 bytes)
Event: 15.589 Thread 0x00000198e9de3800 nmethod 4533 0x00000198d6aa2990 code [0x00000198d6aa2ca0, 0x00000198d6aa3ba0]
Event: 15.589 Thread 0x00000198e9de3800 4534       3       org.springframework.beans.factory.support.AbstractBeanFactory::getType (7 bytes)
Event: 15.589 Thread 0x00000198e9de3800 nmethod 4534 0x00000198d6aa4090 code [0x00000198d6aa4240, 0x00000198d6aa4450]
Event: 15.589 Thread 0x00000198e9de3800 4535       3       org.springframework.core.annotation.AnnotationsScanner::isOverride (38 bytes)
Event: 15.590 Thread 0x00000198e9de3800 nmethod 4535 0x00000198d6aa4510 code [0x00000198d6aa4700, 0x00000198d6aa4aa0]
Event: 15.590 Thread 0x00000198e9de3800 4536       3       org.springframework.beans.factory.support.AbstractAutowireCapableBeanFactory::applyBeanPostProcessorsBeforeInitialization (61 bytes)
Event: 15.590 Thread 0x00000198e9de3800 nmethod 4536 0x00000198d6aa4c10 code [0x00000198d6aa4e20, 0x00000198d6aa5540]
Event: 15.629 Thread 0x00000198eb756800 nmethod 4474 0x00000198dd957d90 code [0x00000198dd958840, 0x00000198dd9624a8]

GC Heap History (10 events):
Event: 6.208 GC heap before
{Heap before GC invocations=9 (full 0):
 garbage-first heap   total 65536K, used 42115K [0x00000000c1c00000, 0x0000000100000000)
  region size 1024K, 33 young (33792K), 4 survivors (4096K)
 Metaspace       used 34969K, capacity 35948K, committed 35968K, reserved 1081344K
  class space    used 4072K, capacity 4465K, committed 4480K, reserved 1048576K
}
Event: 6.214 GC heap after
{Heap after GC invocations=10 (full 0):
 garbage-first heap   total 65536K, used 14336K [0x00000000c1c00000, 0x0000000100000000)
  region size 1024K, 2 young (2048K), 2 survivors (2048K)
 Metaspace       used 34969K, capacity 35948K, committed 35968K, reserved 1081344K
  class space    used 4072K, capacity 4465K, committed 4480K, reserved 1048576K
}
Event: 7.377 GC heap before
{Heap before GC invocations=11 (full 0):
 garbage-first heap   total 65536K, used 46080K [0x00000000c1c00000, 0x0000000100000000)
  region size 1024K, 33 young (33792K), 2 survivors (2048K)
 Metaspace       used 41646K, capacity 42697K, committed 43008K, reserved 1087488K
  class space    used 4859K, capacity 5283K, committed 5376K, reserved 1048576K
}
Event: 7.382 GC heap after
{Heap after GC invocations=12 (full 0):
 garbage-first heap   total 78848K, used 16160K [0x00000000c1c00000, 0x0000000100000000)
  region size 1024K, 4 young (4096K), 4 survivors (4096K)
 Metaspace       used 41646K, capacity 42697K, committed 43008K, reserved 1087488K
  class space    used 4859K, capacity 5283K, committed 5376K, reserved 1048576K
}
Event: 10.020 GC heap before
{Heap before GC invocations=12 (full 0):
 garbage-first heap   total 78848K, used 50976K [0x00000000c1c00000, 0x0000000100000000)
  region size 1024K, 38 young (38912K), 4 survivors (4096K)
 Metaspace       used 47677K, capacity 48764K, committed 48896K, reserved 1091584K
  class space    used 5864K, capacity 6302K, committed 6400K, reserved 1048576K
}
Event: 10.023 GC heap after
{Heap after GC invocations=13 (full 0):
 garbage-first heap   total 78848K, used 17096K [0x00000000c1c00000, 0x0000000100000000)
  region size 1024K, 4 young (4096K), 4 survivors (4096K)
 Metaspace       used 47677K, capacity 48764K, committed 48896K, reserved 1091584K
  class space    used 5864K, capacity 6302K, committed 6400K, reserved 1048576K
}
Event: 11.420 GC heap before
{Heap before GC invocations=13 (full 0):
 garbage-first heap   total 78848K, used 52936K [0x00000000c1c00000, 0x0000000100000000)
  region size 1024K, 39 young (39936K), 4 survivors (4096K)
 Metaspace       used 53357K, capacity 54439K, committed 54656K, reserved 1097728K
  class space    used 6736K, capacity 7188K, committed 7296K, reserved 1048576K
}
Event: 11.424 GC heap after
{Heap after GC invocations=14 (full 0):
 garbage-first heap   total 78848K, used 18501K [0x00000000c1c00000, 0x0000000100000000)
  region size 1024K, 3 young (3072K), 3 survivors (3072K)
 Metaspace       used 53357K, capacity 54439K, committed 54656K, reserved 1097728K
  class space    used 6736K, capacity 7188K, committed 7296K, reserved 1048576K
}
Event: 15.559 GC heap before
{Heap before GC invocations=14 (full 0):
 garbage-first heap   total 78848K, used 58437K [0x00000000c1c00000, 0x0000000100000000)
  region size 1024K, 42 young (43008K), 3 survivors (3072K)
 Metaspace       used 57606K, capacity 58885K, committed 59008K, reserved 1099776K
  class space    used 7281K, capacity 7793K, committed 7808K, reserved 1048576K
}
Event: 15.565 GC heap after
{Heap after GC invocations=15 (full 0):
 garbage-first heap   total 78848K, used 20655K [0x00000000c1c00000, 0x0000000100000000)
  region size 1024K, 5 young (5120K), 5 survivors (5120K)
 Metaspace       used 57606K, capacity 58885K, committed 59008K, reserved 1099776K
  class space    used 7281K, capacity 7793K, committed 7808K, reserved 1048576K
}

Deoptimization events (10 events):
Event: 15.144 Thread 0x00000198cd818000 Uncommon trap: reason=speculate_class_check action=maybe_recompile pc=0x00000198dd8890cc method=jdk.internal.loader.Resource.getBytes()[B @ 10 c2
Event: 15.166 Thread 0x00000198cd818000 Uncommon trap: reason=unstable_if action=reinterpret pc=0x00000198dd9398d0 method=java.util.stream.AbstractPipeline.spliterator()Ljava/util/Spliterator; @ 27 c2
Event: 15.168 Thread 0x00000198cd818000 Uncommon trap: reason=class_check action=maybe_recompile pc=0x00000198dd8fae64 method=java.lang.reflect.Method.equals(Ljava/lang/Object;)Z @ 5 c2
Event: 15.345 Thread 0x00000198cd818000 Uncommon trap: reason=unstable_if action=reinterpret pc=0x00000198dd6a2e38 method=java.util.concurrent.ConcurrentHashMap.transfer([Ljava/util/concurrent/ConcurrentHashMap$Node;[Ljava/util/concurrent/ConcurrentHashMap$Node;)V @ 352 c2
Event: 15.363 Thread 0x00000198cd818000 Uncommon trap: reason=class_check action=maybe_recompile pc=0x00000198dd8fae64 method=java.lang.reflect.Method.equals(Ljava/lang/Object;)Z @ 5 c2
Event: 15.363 Thread 0x00000198cd818000 Uncommon trap: reason=class_check action=maybe_recompile pc=0x00000198dd8fae64 method=java.lang.reflect.Method.equals(Ljava/lang/Object;)Z @ 5 c2
Event: 15.369 Thread 0x00000198cd818000 Uncommon trap: reason=unstable_if action=reinterpret pc=0x00000198dd9077c0 method=org.springframework.core.annotation.AnnotationsScanner.getBaseTypeMethods(Ljava/lang/Object;Ljava/lang/Class;)[Ljava/lang/reflect/Method; @ 104 c2
Event: 15.369 Thread 0x00000198cd818000 Uncommon trap: reason=unstable_if action=reinterpret pc=0x00000198dd78be50 method=sun.reflect.annotation.AnnotationInvocationHandler.invoke(Ljava/lang/Object;Ljava/lang/reflect/Method;[Ljava/lang/Object;)Ljava/lang/Object; @ 15 c2
Event: 15.473 Thread 0x00000198cd818000 Uncommon trap: reason=unstable_if action=reinterpret pc=0x00000198dd8d9dd0 method=org.springframework.beans.factory.support.AbstractBeanFactory.isTypeMatch(Ljava/lang/String;Lorg/springframework/core/ResolvableType;Z)Z @ 581 c2
Event: 15.587 Thread 0x00000198cd818000 Uncommon trap: reason=unstable_if action=reinterpret pc=0x00000198dd8fe4e4 method=org.springframework.core.annotation.AnnotationsScanner.getBaseTypeMethods(Ljava/lang/Object;Ljava/lang/Class;)[Ljava/lang/reflect/Method; @ 104 c2

Classes redefined (0 events):
No events

Internal exceptions (10 events):
Event: 15.350 Thread 0x00000198cd818000 Exception <a 'java/lang/ClassNotFoundException'{0x00000000c442b5c0}: java/lang/ObjectCustomizer> (0x00000000c442b5c0) thrown at [t:/workspace/open/src/hotspot/share/classfile/systemDictionary.cpp, line 231]
Event: 15.351 Thread 0x00000198cd818000 Exception <a 'java/lang/ClassNotFoundException'{0x00000000c443dec8}: org/springframework/web/servlet/config/annotation/WebMvcConfigurationSupportCustomizer> (0x00000000c443dec8) thrown at [t:/workspace/open/src/hotspot/share/classfile/systemDictionary.cpp
Event: 15.351 Thread 0x00000198cd818000 Exception <a 'java/lang/ClassNotFoundException'{0x00000000c445c7b8}: org/springframework/web/servlet/config/annotation/DelegatingWebMvcConfigurationCustomizer> (0x00000000c445c7b8) thrown at [t:/workspace/open/src/hotspot/share/classfile/systemDictionary.
Event: 15.352 Thread 0x00000198cd818000 Exception <a 'java/lang/ClassNotFoundException'{0x00000000c4472b58}: org/springframework/boot/autoconfigure/web/servlet/WebMvcAutoConfiguration$EnableWebMvcConfigurationCustomizer> (0x00000000c4472b58) thrown at [t:/workspace/open/src/hotspot/share/classf
Event: 15.353 Thread 0x00000198cd818000 Exception <a 'java/lang/ClassNotFoundException'{0x00000000c448e3c0}: org/springframework/context/ResourceLoaderAwareCustomizer> (0x00000000c448e3c0) thrown at [t:/workspace/open/src/hotspot/share/classfile/systemDictionary.cpp, line 231]
Event: 15.353 Thread 0x00000198cd818000 Exception <a 'java/lang/ClassNotFoundException'{0x00000000c449a720}: org/springframework/beans/factory/AwareCustomizer> (0x00000000c449a720) thrown at [t:/workspace/open/src/hotspot/share/classfile/systemDictionary.cpp, line 231]
Event: 15.353 Thread 0x00000198cd818000 Exception <a 'java/lang/ClassNotFoundException'{0x00000000c44a73b0}: org/springframework/context/ApplicationContextAwareCustomizer> (0x00000000c44a73b0) thrown at [t:/workspace/open/src/hotspot/share/classfile/systemDictionary.cpp, line 231]
Event: 15.354 Thread 0x00000198cd818000 Exception <a 'java/lang/ClassNotFoundException'{0x00000000c44b40a0}: org/springframework/beans/factory/AwareCustomizer> (0x00000000c44b40a0) thrown at [t:/workspace/open/src/hotspot/share/classfile/systemDictionary.cpp, line 231]
Event: 15.354 Thread 0x00000198cd818000 Exception <a 'java/lang/ClassNotFoundException'{0x00000000c44c0d08}: org/springframework/web/context/ServletContextAwareCustomizer> (0x00000000c44c0d08) thrown at [t:/workspace/open/src/hotspot/share/classfile/systemDictionary.cpp, line 231]
Event: 15.354 Thread 0x00000198cd818000 Exception <a 'java/lang/ClassNotFoundException'{0x00000000c44cd4d0}: org/springframework/beans/factory/AwareCustomizer> (0x00000000c44cd4d0) thrown at [t:/workspace/open/src/hotspot/share/classfile/systemDictionary.cpp, line 231]

Events (10 events):
Event: 15.622 loading class org/joda/time$YearMonth done
Event: 15.622 loading class org/springframework/util/MultiValueMap
Event: 15.622 loading class org/springframework/util/MultiValueMap done
Event: 15.622 loading class com/fasterxml/jackson/databind/Module
Event: 15.622 loading class com/fasterxml/jackson/databind/Module done
Event: 15.622 loading class org/springframework/http/converter/json/Jackson2ObjectMapperBuilder
Event: 15.622 loading class org/springframework/http/converter/json/Jackson2ObjectMapperBuilder done
Event: 15.622 loading class com/fasterxml/jackson/databind/introspect/NopAnnotationIntrospector$1
Event: 15.622 loading class com/fasterxml/jackson/databind/introspect/NopAnnotationIntrospector$1 done
Event: 15.623 loading class java/lang/reflect/MalformedParametersException


Dynamic libraries:
0x00007ff6b59b0000 - 0x00007ff6b59f7000 	C:\Program Files\Java\jdk-11.0.1\bin\java.exe
0x00007ffbf7de0000 - 0x00007ffbf7fd0000 	C:\WINDOWS\SYSTEM32\ntdll.dll
0x00007ffbf7cb0000 - 0x00007ffbf7d62000 	C:\WINDOWS\System32\KERNEL32.DLL
0x00007ffbf5740000 - 0x00007ffbf59e4000 	C:\WINDOWS\System32\KERNELBASE.dll
0x00007ffbf7980000 - 0x00007ffbf7a23000 	C:\WINDOWS\System32\ADVAPI32.dll
0x00007ffbf7be0000 - 0x00007ffbf7c7e000 	C:\WINDOWS\System32\msvcrt.dll
0x00007ffbf60a0000 - 0x00007ffbf6137000 	C:\WINDOWS\System32\sechost.dll
0x00007ffbf6a40000 - 0x00007ffbf6b60000 	C:\WINDOWS\System32\RPCRT4.dll
0x00007ffbf7a30000 - 0x00007ffbf7bc4000 	C:\WINDOWS\System32\USER32.dll
0x00007ffbf5be0000 - 0x00007ffbf5c01000 	C:\WINDOWS\System32\win32u.dll
0x00007ffbf7d70000 - 0x00007ffbf7d96000 	C:\WINDOWS\System32\GDI32.dll
0x00007ffbf5c40000 - 0x00007ffbf5dd5000 	C:\WINDOWS\System32\gdi32full.dll
0x00007ffbf56a0000 - 0x00007ffbf573e000 	C:\WINDOWS\System32\msvcp_win.dll
0x00007ffbf5a40000 - 0x00007ffbf5b3a000 	C:\WINDOWS\System32\ucrtbase.dll
0x00007ffbe02c0000 - 0x00007ffbe0544000 	C:\WINDOWS\WinSxS\amd64_microsoft.windows.common-controls_6595b64144ccf1df_6.0.18362.900_none_e6beb9d913147d17\COMCTL32.dll
0x00007ffbef530000 - 0x00007ffbef53a000 	C:\WINDOWS\SYSTEM32\VERSION.dll
0x00007ffbf7570000 - 0x00007ffbf78a5000 	C:\WINDOWS\System32\combase.dll
0x00007ffbf5b60000 - 0x00007ffbf5be0000 	C:\WINDOWS\System32\bcryptPrimitives.dll
0x00007ffbf7c80000 - 0x00007ffbf7cae000 	C:\WINDOWS\System32\IMM32.DLL
0x00007ffbf26b0000 - 0x00007ffbf26c6000 	C:\Program Files\Java\jdk-11.0.1\bin\vcruntime140.dll
0x00007ffbeae40000 - 0x00007ffbeaeea000 	C:\Program Files\Java\jdk-11.0.1\bin\msvcp140.dll
0x00007ffbccc50000 - 0x00007ffbcd792000 	C:\Program Files\Java\jdk-11.0.1\bin\server\jvm.dll
0x00007ffbf6d10000 - 0x00007ffbf6d18000 	C:\WINDOWS\System32\PSAPI.DLL
0x00007ffbf0ee0000 - 0x00007ffbf0ee9000 	C:\WINDOWS\SYSTEM32\WSOCK32.dll
0x00007ffbf25d0000 - 0x00007ffbf25f4000 	C:\WINDOWS\SYSTEM32\WINMM.dll
0x00007ffbf25a0000 - 0x00007ffbf25cd000 	C:\WINDOWS\SYSTEM32\WINMMBASE.dll
0x00007ffbf59f0000 - 0x00007ffbf5a3a000 	C:\WINDOWS\System32\cfgmgr32.dll
0x00007ffbf6f00000 - 0x00007ffbf6f6f000 	C:\WINDOWS\System32\WS2_32.dll
0x00007ffbf4cb0000 - 0x00007ffbf4cc1000 	C:\WINDOWS\System32\kernel.appcore.dll
0x00007ffbf2630000 - 0x00007ffbf2641000 	C:\Program Files\Java\jdk-11.0.1\bin\verify.dll
0x00007ffbf35d0000 - 0x00007ffbf37c4000 	C:\WINDOWS\SYSTEM32\DBGHELP.DLL
0x00007ffbde820000 - 0x00007ffbde84a000 	C:\WINDOWS\SYSTEM32\dbgcore.DLL
0x00007ffbec530000 - 0x00007ffbec559000 	C:\Program Files\Java\jdk-11.0.1\bin\java.dll
0x00007ffbec4c0000 - 0x00007ffbec4ef000 	C:\Program Files\Java\jdk-11.0.1\bin\instrument.dll
0x00007ffbf2610000 - 0x00007ffbf2626000 	C:\Program Files\Java\jdk-11.0.1\bin\zip.dll
0x00007ffbf00a0000 - 0x00007ffbf00aa000 	C:\Program Files\Java\jdk-11.0.1\bin\jimage.dll
0x00007ffbf6270000 - 0x00007ffbf6956000 	C:\WINDOWS\System32\SHELL32.dll
0x00007ffbf6d20000 - 0x00007ffbf6dc9000 	C:\WINDOWS\System32\shcore.dll
0x00007ffbf4d70000 - 0x00007ffbf54f0000 	C:\WINDOWS\System32\windows.storage.dll
0x00007ffbf4d40000 - 0x00007ffbf4d63000 	C:\WINDOWS\System32\profapi.dll
0x00007ffbf4cd0000 - 0x00007ffbf4d1a000 	C:\WINDOWS\System32\powrprof.dll
0x00007ffbf4ca0000 - 0x00007ffbf4cb0000 	C:\WINDOWS\System32\UMPDC.dll
0x00007ffbf6210000 - 0x00007ffbf6262000 	C:\WINDOWS\System32\shlwapi.dll
0x00007ffbf5b40000 - 0x00007ffbf5b57000 	C:\WINDOWS\System32\cryptsp.dll
0x00007ffbefbb0000 - 0x00007ffbefbc9000 	C:\Program Files\Java\jdk-11.0.1\bin\net.dll
0x00007ffbed160000 - 0x00007ffbed250000 	C:\WINDOWS\SYSTEM32\WINHTTP.dll
0x00007ffbf44b0000 - 0x00007ffbf4517000 	C:\WINDOWS\system32\mswsock.dll
0x00007ffbec480000 - 0x00007ffbec493000 	C:\Program Files\Java\jdk-11.0.1\bin\nio.dll
0x00007ffbec370000 - 0x00007ffbec38a000 	C:\Program Files\JetBrains\IntelliJ IDEA Community Edition 2020.3.1\bin\breakgen64.dll
0x00007ffbee760000 - 0x00007ffbee769000 	C:\Program Files\Java\jdk-11.0.1\bin\management.dll
0x00007ffbeb0d0000 - 0x00007ffbeb0dc000 	C:\Program Files\Java\jdk-11.0.1\bin\management_ext.dll
0x00007ffbeae20000 - 0x00007ffbeae36000 	C:\WINDOWS\system32\napinsp.dll
0x00007ffbeae00000 - 0x00007ffbeae1a000 	C:\WINDOWS\system32\pnrpnsp.dll
0x00007ffbf4200000 - 0x00007ffbf42cb000 	C:\WINDOWS\SYSTEM32\DNSAPI.dll
0x00007ffbf7bd0000 - 0x00007ffbf7bd8000 	C:\WINDOWS\System32\NSI.dll
0x00007ffbf41c0000 - 0x00007ffbf41fa000 	C:\WINDOWS\SYSTEM32\IPHLPAPI.DLL
0x00007ffbeb010000 - 0x00007ffbeb01e000 	C:\WINDOWS\System32\winrnr.dll
0x00007ffbf0cf0000 - 0x00007ffbf0d0c000 	C:\WINDOWS\system32\NLAapi.dll
0x00007ffbda390000 - 0x00007ffbda3a5000 	C:\WINDOWS\system32\wshbth.dll
0x00007ffbeb790000 - 0x00007ffbeb79a000 	C:\Windows\System32\rasadhlp.dll
0x00007ffbedc90000 - 0x00007ffbedd07000 	C:\WINDOWS\System32\fwpuclnt.dll
0x00007ffbf5c10000 - 0x00007ffbf5c36000 	C:\WINDOWS\System32\bcrypt.dll
0x00007ffbf4020000 - 0x00007ffbf4053000 	C:\WINDOWS\system32\rsaenh.dll
0x00007ffbf4bc0000 - 0x00007ffbf4be5000 	C:\WINDOWS\SYSTEM32\USERENV.dll
0x00007ffbf4680000 - 0x00007ffbf468c000 	C:\WINDOWS\SYSTEM32\CRYPTBASE.dll
0x00007ffbee720000 - 0x00007ffbee736000 	C:\WINDOWS\SYSTEM32\dhcpcsvc6.DLL
0x00007ffbef6b0000 - 0x00007ffbef6cc000 	C:\WINDOWS\SYSTEM32\dhcpcsvc.DLL

dbghelp: loaded successfully - version: 4.0.5 - missing functions: none
symbol engine: initialized successfully - sym options: 0x614 - pdb path: .;C:\Program Files\Java\jdk-11.0.1\bin;C:\WINDOWS\SYSTEM32;C:\WINDOWS\WinSxS\amd64_microsoft.windows.common-controls_6595b64144ccf1df_6.0.18362.900_none_e6beb9d913147d17;C:\Program Files\Java\jdk-11.0.1\bin\server;C:\Program Files\JetBrains\IntelliJ IDEA Community Edition 2020.3.1\bin

VM Arguments:
jvm_args: -javaagent:C:\Program Files\JetBrains\IntelliJ IDEA Community Edition 2020.3.1\lib\idea_rt.jar=49312:C:\Program Files\JetBrains\IntelliJ IDEA Community Edition 2020.3.1\bin -Dfile.encoding=UTF-8 
java_command: com.dryfire.medify_art.MedifyArtApplication
java_class_path (initial): C:\Users\Saurabh Tripathi\IdeaProjects\medify-art\target\classes;C:\Users\Saurabh Tripathi\.m2\repository\org\springframework\boot\spring-boot-starter-web\2.4.2\spring-boot-starter-web-2.4.2.jar;C:\Users\Saurabh Tripathi\.m2\repository\org\springframework\boot\spring-boot-starter\2.4.2\spring-boot-starter-2.4.2.jar;C:\Users\Saurabh Tripathi\.m2\repository\org\springframework\boot\spring-boot\2.4.2\spring-boot-2.4.2.jar;C:\Users\Saurabh Tripathi\.m2\repository\org\springframework\boot\spring-boot-autoconfigure\2.4.2\spring-boot-autoconfigure-2.4.2.jar;C:\Users\Saurabh Tripathi\.m2\repository\org\springframework\boot\spring-boot-starter-logging\2.4.2\spring-boot-starter-logging-2.4.2.jar;C:\Users\Saurabh Tripathi\.m2\repository\ch\qos\logback\logback-classic\1.2.3\logback-classic-1.2.3.jar;C:\Users\Saurabh Tripathi\.m2\repository\ch\qos\logback\logback-core\1.2.3\logback-core-1.2.3.jar;C:\Users\Saurabh Tripathi\.m2\repository\org\apache\logging\log4j\log4j-to-slf4j\2.13.3\log4j-to-slf4j-2.13.3.jar;C:\Users\Saurabh Tripathi\.m2\repository\org\apache\logging\log4j\log4j-api\2.13.3\log4j-api-2.13.3.jar;C:\Users\Saurabh Tripathi\.m2\repository\org\slf4j\jul-to-slf4j\1.7.30\jul-to-slf4j-1.7.30.jar;C:\Users\Saurabh Tripathi\.m2\repository\jakarta\annotation\jakarta.annotation-api\1.3.5\jakarta.annotation-api-1.3.5.jar;C:\Users\Saurabh Tripathi\.m2\repository\org\yaml\snakeyaml\1.27\snakeyaml-1.27.jar;C:\Users\Saurabh Tripathi\.m2\repository\org\springframework\boot\spring-boot-starter-json\2.4.2\spring-boot-starter-json-2.4.2.jar;C:\Users\Saurabh Tripathi\.m2\repository\com\fasterxml\jackson\core\jackson-databind\2.11.4\jackson-databind-2.11.4.jar;C:\Users\Saurabh Tripathi\.m2\repository\com\fasterxml\jackson\core\jackson-annotations\2.11.4\jackson-annotations-2.11.4.jar;C:\Users\Saurabh Tripathi\.m2\repository\com\fasterxml\jackson\core\jackson-core\2.11.4\jackson-core-2.11.4.jar;C:\Users\Saurabh Tripathi\.m2\repository\com\fasterxml\jackson\da
Launcher Type: SUN_STANDARD

[Global flags]
     intx CICompilerCount                          = 4                                         {product} {ergonomic}
     uint ConcGCThreads                            = 2                                         {product} {ergonomic}
     uint G1ConcRefinementThreads                  = 8                                         {product} {ergonomic}
   size_t G1HeapRegionSize                         = 1048576                                   {product} {ergonomic}
    uintx GCDrainStackTargetSize                   = 64                                        {product} {ergonomic}
   size_t InitialHeapSize                          = 67108864                                  {product} {ergonomic}
   size_t MarkStackSize                            = 4194304                                   {product} {ergonomic}
   size_t MaxHeapSize                              = 1044381696                                {product} {ergonomic}
   size_t MaxNewSize                               = 625999872                                 {product} {ergonomic}
   size_t MinHeapDeltaBytes                        = 1048576                                   {product} {ergonomic}
    uintx NonNMethodCodeHeapSize                   = 5835340                                {pd product} {ergonomic}
    uintx NonProfiledCodeHeapSize                  = 122911450                              {pd product} {ergonomic}
    uintx ProfiledCodeHeapSize                     = 122911450                              {pd product} {ergonomic}
    uintx ReservedCodeCacheSize                    = 251658240                              {pd product} {ergonomic}
     bool SegmentedCodeCache                       = true                                      {product} {ergonomic}
     bool UseCompressedClassPointers               = true                                 {lp64_product} {ergonomic}
     bool UseCompressedOops                        = true                                 {lp64_product} {ergonomic}
     bool UseG1GC                                  = true                                      {product} {ergonomic}
     bool UseLargePagesIndividualAllocation        = false                                  {pd product} {ergonomic}

Logging:
Log output configuration:
 #0: stdout all=warning uptime,level,tags
 #1: stderr all=off uptime,level,tags

Environment Variables:
PATH=C:\Program Files (x86)\Intel\Intel(R) Management Engine Components\iCLS\;C:\Program Files\Intel\Intel(R) Management Engine Components\iCLS\;C:\WINDOWS\system32;C:\WINDOWS;C:\WINDOWS\System32\Wbem;C:\WINDOWS\System32\WindowsPowerShell\v1.0\;C:\WINDOWS\System32\OpenSSH\;C:\Program Files (x86)\Intel\Intel(R) Management Engine Components\DAL;C:\Program Files\Intel\Intel(R) Management Engine Components\DAL;C:\Program Files (x86)\Intel\Intel(R) Management Engine Components\IPT;C:\Program Files\Intel\Intel(R) Management Engine Components\IPT;C:\Program Files\Java\jdk-11.0.1\bin;C:\Program Files\Git\cmd;C:\ProgramData\chocolatey\bin;C:\Users\Saurabh Tripathi\AppData\Local\Microsoft\WindowsApps;C:\Users\Saurabh Tripathi\AppData\Local\Programs\Python\Python36-32\Scripts;C:\Users\Saurabh Tripathi\AppData\Local\Programs\Python\Python36-32;;C:\Program Files\heroku\bin
USERNAME=Saurabh Tripathi
OS=Windows_NT
PROCESSOR_IDENTIFIER=Intel64 Family 6 Model 142 Stepping 10, GenuineIntel



---------------  S Y S T E M  ---------------

OS: Windows 10 , 64 bit Build 18362 (10.0.18362.900)

CPU:total 8 (initial active 8) (4 cores per cpu, 2 threads per core) family 6 model 142 stepping 10, cmov, cx8, fxsr, mmx, sse, sse2, sse3, ssse3, sse4.1, sse4.2, popcnt, avx, avx2, aes, clmul, erms, 3dnowpref, lzcnt, ht, tsc, tscinvbit, bmi1, bmi2, adx, fma

Memory: 4k page, system-wide physical 3977M (311M free)
TotalPageFile size 6743M (AvailPageFile size 13M)
current process WorkingSet (physical memory assigned to process): 250M, peak: 256M
current process commit charge ("private bytes"): 302M, peak: 310M

vm_info: Java HotSpot(TM) 64-Bit Server VM (11.0.1+13-LTS) for windows-amd64 JRE (11.0.1+13-LTS), built on Oct  6 2018 13:20:16 by "mach5one" with MS VC++ 15.5 (VS2017)

END.
