#
# There is insufficient memory for the Java Runtime Environment to continue.
# Native memory allocation (malloc) failed to allocate 90736 bytes for Chunk::new
# Possible reasons:
#   The system is out of physical RAM or swap space
#   The process is running with CompressedOops enabled, and the Java Heap may be blocking the growth of the native heap
# Possible solutions:
#   Reduce memory load on the system
#   Increase physical memory or swap space
#   Check if swap backing store is full
#   Decrease Java heap size (-Xmx/-Xms)
#   Decrease number of Java threads
#   Decrease Java thread stack sizes (-Xss)
#   Set larger code cache with -XX:ReservedCodeCacheSize=
#   JVM is running with Unscaled Compressed Oops mode in which the Java heap is
#     placed in the first 4GB address space. The Java Heap base address is the
#     maximum limit for the native heap growth. Please use -XX:HeapBaseMinAddress
#     to set the Java Heap base and to place the Java Heap above 4GB virtual address.
# This output file may be truncated or incomplete.
#
#  Out of Memory Error (t:/workspace/open/src/hotspot/share/memory/arena.cpp:197), pid=10024, tid=13432
#
# JRE version: Java(TM) SE Runtime Environment (11.0.1+13) (build 11.0.1+13-LTS)
# Java VM: Java HotSpot(TM) 64-Bit Server VM (11.0.1+13-LTS, mixed mode, tiered, compressed oops, g1 gc, windows-amd64)
# No core dump will be written. Minidumps are not enabled by default on client versions of Windows
#

---------------  S U M M A R Y ------------

Command Line: -javaagent:C:\Program Files\JetBrains\IntelliJ IDEA Community Edition 2020.3.1\lib\idea_rt.jar=49237:C:\Program Files\JetBrains\IntelliJ IDEA Community Edition 2020.3.1\bin -Dfile.encoding=UTF-8 com.dryfire.medify_art.MedifyArtApplication

Host: Intel(R) Core(TM) i5-8250U CPU @ 1.60GHz, 8 cores, 3G,  Windows 10 , 64 bit Build 18362 (10.0.18362.900)
Time: Thu Jan 21 20:01:26 2021 India Standard Time elapsed time: 66 seconds (0d 0h 1m 6s)

---------------  T H R E A D  ---------------

Current thread (0x000001567e816000):  JavaThread "C2 CompilerThread0" daemon [_thread_in_native, id=13432, stack(0x000000397f300000,0x000000397f400000)]


Current CompileTask:
C2:  66240 4847       4       jdk.internal.loader.URLClassPath$JarLoader$2::getInputStream (15 bytes)

Stack: [0x000000397f300000,0x000000397f400000]
Native frames: (J=compiled Java code, j=interpreted, Vv=VM code, C=native code)
V  [jvm.dll+0x63c21a]
V  [jvm.dll+0x7797df]
V  [jvm.dll+0x77adca]
V  [jvm.dll+0x77b483]
V  [jvm.dll+0x2627f8]
V  [jvm.dll+0xc5c71]
V  [jvm.dll+0xc61fc]
V  [jvm.dll+0x2d10f4]
V  [jvm.dll+0x55412f]
V  [jvm.dll+0x21e19b]
V  [jvm.dll+0x21b846]
V  [jvm.dll+0x198390]
V  [jvm.dll+0x22a97f]
V  [jvm.dll+0x228f98]
V  [jvm.dll+0x73f03d]
V  [jvm.dll+0x63b2b2]
C  [ucrtbase.dll+0x20e82]
C  [KERNEL32.DLL+0x17bd4]
C  [ntdll.dll+0x6ce51]


---------------  P R O C E S S  ---------------

Threads class SMR info:
_java_thread_list=0x000001560fe65170, length=28, elements={
0x000001567e801800, 0x000001567e7ef800, 0x000001567f1b2800, 0x000001567f1b3000,
0x000001567e816000, 0x000001567e820800, 0x000001567e826800, 0x000001567f2e7800,
0x000001567f2e6800, 0x000001567f2e5000, 0x000001567f2e6000, 0x000001567f2e2000,
0x000001567f2e8800, 0x000001567f2e3800, 0x0000015612bdb000, 0x0000015612bd8000,
0x0000015612bde800, 0x0000015612bdc000, 0x0000015612bd8800, 0x0000015612bda800,
0x0000015612bdf000, 0x0000015612bdd000, 0x0000015612bd9800, 0x0000015612be4000,
0x0000015612be5000, 0x0000015612be1000, 0x0000015612be5800, 0x0000015612be0000
}

Java Threads: ( => current thread )
  0x000001567e801800 JavaThread "Reference Handler" daemon [_thread_blocked, id=11268, stack(0x000000397ef00000,0x000000397f000000)]
  0x000001567e7ef800 JavaThread "Finalizer" daemon [_thread_blocked, id=5624, stack(0x000000397f000000,0x000000397f100000)]
  0x000001567f1b2800 JavaThread "Signal Dispatcher" daemon [_thread_blocked, id=12888, stack(0x000000397f100000,0x000000397f200000)]
  0x000001567f1b3000 JavaThread "Attach Listener" daemon [_thread_blocked, id=11152, stack(0x000000397f200000,0x000000397f300000)]
=>0x000001567e816000 JavaThread "C2 CompilerThread0" daemon [_thread_in_native, id=13432, stack(0x000000397f300000,0x000000397f400000)]
  0x000001567e820800 JavaThread "C1 CompilerThread0" daemon [_thread_blocked, id=12952, stack(0x000000397f400000,0x000000397f500000)]
  0x000001567e826800 JavaThread "Sweeper thread" daemon [_thread_blocked, id=14888, stack(0x000000397f500000,0x000000397f600000)]
  0x000001567f2e7800 JavaThread "Common-Cleaner" daemon [_thread_blocked, id=13440, stack(0x000000397f600000,0x000000397f700000)]
  0x000001567f2e6800 JavaThread "Monitor Ctrl-Break" daemon [_thread_in_native, id=8072, stack(0x000000397f800000,0x000000397f900000)]
  0x000001567f2e5000 JavaThread "Service Thread" daemon [_thread_blocked, id=6596, stack(0x000000397f900000,0x000000397fa00000)]
  0x000001567f2e6000 JavaThread "Catalina-utility-1" [_thread_blocked, id=13544, stack(0x000000397fb00000,0x000000397fc00000)]
  0x000001567f2e2000 JavaThread "Catalina-utility-2" [_thread_blocked, id=7912, stack(0x000000397ff00000,0x0000003980000000)]
  0x000001567f2e8800 JavaThread "container-0" [_thread_blocked, id=10868, stack(0x0000003900200000,0x0000003900300000)]
  0x000001567f2e3800 JavaThread "HikariPool-1 housekeeper" daemon [_thread_blocked, id=11852, stack(0x0000003900300000,0x0000003900400000)]
  0x0000015612bdb000 JavaThread "http-nio-8080-BlockPoller" daemon [_thread_in_native, id=6436, stack(0x0000003900900000,0x0000003900a00000)]
  0x0000015612bd8000 JavaThread "http-nio-8080-exec-1" daemon [_thread_in_vm, id=6612, stack(0x0000003900a00000,0x0000003900b00000)]
  0x0000015612bde800 JavaThread "http-nio-8080-exec-2" daemon [_thread_blocked, id=14144, stack(0x0000003900b00000,0x0000003900c00000)]
  0x0000015612bdc000 JavaThread "http-nio-8080-exec-3" daemon [_thread_blocked, id=2596, stack(0x0000003900c00000,0x0000003900d00000)]
  0x0000015612bd8800 JavaThread "http-nio-8080-exec-4" daemon [_thread_blocked, id=3424, stack(0x0000003900d00000,0x0000003900e00000)]
  0x0000015612bda800 JavaThread "http-nio-8080-exec-5" daemon [_thread_blocked, id=11784, stack(0x0000003900e00000,0x0000003900f00000)]
  0x0000015612bdf000 JavaThread "http-nio-8080-exec-6" daemon [_thread_blocked, id=2688, stack(0x0000003900f00000,0x0000003901000000)]
  0x0000015612bdd000 JavaThread "http-nio-8080-exec-7" daemon [_thread_blocked, id=10064, stack(0x0000003901000000,0x0000003901100000)]
  0x0000015612bd9800 JavaThread "http-nio-8080-exec-8" daemon [_thread_blocked, id=996, stack(0x0000003901100000,0x0000003901200000)]
  0x0000015612be4000 JavaThread "http-nio-8080-exec-9" daemon [_thread_blocked, id=8496, stack(0x0000003901200000,0x0000003901300000)]
  0x0000015612be5000 JavaThread "http-nio-8080-exec-10" daemon [_thread_blocked, id=1260, stack(0x0000003901300000,0x0000003901400000)]
  0x0000015612be1000 JavaThread "http-nio-8080-ClientPoller" daemon [_thread_in_native, id=13464, stack(0x0000003901400000,0x0000003901500000)]
  0x0000015612be5800 JavaThread "http-nio-8080-Acceptor" daemon [_thread_in_native, id=10028, stack(0x0000003901500000,0x0000003901600000)]
  0x0000015612be0000 JavaThread "DestroyJavaVM" [_thread_blocked, id=8808, stack(0x000000397e800000,0x000000397e900000)]

Other Threads:
  0x000001567e7cd000 VMThread "VM Thread" [stack: 0x000000397ee00000,0x000000397ef00000] [id=5276]
  0x000001567f720000 WatcherThread [stack: 0x000000397fa00000,0x000000397fb00000] [id=8928]
  0x000001566f31c800 GCTaskThread "GC Thread#0" [stack: 0x000000397e900000,0x000000397ea00000] [id=8288]
  0x000001560f3e9800 GCTaskThread "GC Thread#1" [stack: 0x000000397f700000,0x000000397f800000] [id=5028]
  0x000001560f574800 GCTaskThread "GC Thread#2" [stack: 0x000000397fc00000,0x000000397fd00000] [id=11072]
  0x000001560f51e000 GCTaskThread "GC Thread#3" [stack: 0x000000397fd00000,0x000000397fe00000] [id=2196]
  0x000001561160b000 GCTaskThread "GC Thread#4" [stack: 0x0000003900500000,0x0000003900600000] [id=9592]
  0x0000015614614000 GCTaskThread "GC Thread#5" [stack: 0x0000003900600000,0x0000003900700000] [id=10172]
  0x0000015612efe000 GCTaskThread "GC Thread#6" [stack: 0x0000003900700000,0x0000003900800000] [id=9308]
  0x0000015614884800 GCTaskThread "GC Thread#7" [stack: 0x0000003900800000,0x0000003900900000] [id=8396]
  0x000001566f339000 ConcurrentGCThread "G1 Main Marker" [stack: 0x000000397ea00000,0x000000397eb00000] [id=8472]
  0x000001566f33b000 ConcurrentGCThread "G1 Conc#0" [stack: 0x000000397eb00000,0x000000397ec00000] [id=10636]
  0x000001560f939800 ConcurrentGCThread "G1 Conc#1" [stack: 0x000000397fe00000,0x000000397ff00000] [id=11112]
  0x000001566f3a6000 ConcurrentGCThread "G1 Refine#0" [stack: 0x000000397ec00000,0x000000397ed00000] [id=8152]
  0x000001566f3a7800 ConcurrentGCThread "G1 Young RemSet Sampling" [stack: 0x000000397ed00000,0x000000397ee00000] [id=15116]

Threads with active compile tasks:
C2 CompilerThread04847       4       jdk.internal.loader.URLClassPath$JarLoader$2::getInputStream (15 bytes)

VM state:not at safepoint (normal execution)

VM Mutex/Monitor currently owned by a thread: None

Heap address: 0x00000000c1c00000, size: 996 MB, Compressed Oops mode: 32-bit
Narrow klass base: 0x0000000000000000, Narrow klass shift: 3
Compressed class space size: 1073741824 Address: 0x0000000100000000

Heap:
 garbage-first heap   total 65536K, used 30608K [0x00000000c1c00000, 0x0000000100000000)
  region size 1024K, 12 young (12288K), 4 survivors (4096K)
 Metaspace       used 64396K, capacity 65967K, committed 66176K, reserved 1105920K
  class space    used 8158K, capacity 8786K, committed 8832K, reserved 1048576K
Heap Regions: E=young(eden), S=young(survivor), O=old, HS=humongous(starts), HC=humongous(continues), CS=collection set, F=free, A=archive, TAMS=top-at-mark-start (previous, next)
|   0|0x00000000c1c00000, 0x00000000c1d00000, 0x00000000c1d00000|100%|HS|  |TAMS 0x00000000c1d00000, 0x00000000c1c00000| Complete 
|   1|0x00000000c1d00000, 0x00000000c1e00000, 0x00000000c1e00000|100%| O|  |TAMS 0x00000000c1e00000, 0x00000000c1d00000| Untracked 
|   2|0x00000000c1e00000, 0x00000000c1f00000, 0x00000000c1f00000|100%| O|  |TAMS 0x00000000c1f00000, 0x00000000c1e00000| Untracked 
|   3|0x00000000c1f00000, 0x00000000c2000000, 0x00000000c2000000|100%| O|  |TAMS 0x00000000c2000000, 0x00000000c1f00000| Untracked 
|   4|0x00000000c2000000, 0x00000000c2100000, 0x00000000c2100000|100%| O|  |TAMS 0x00000000c2100000, 0x00000000c2000000| Untracked 
|   5|0x00000000c2100000, 0x00000000c2200000, 0x00000000c2200000|100%| O|  |TAMS 0x00000000c2200000, 0x00000000c2100000| Untracked 
|   6|0x00000000c2200000, 0x00000000c2300000, 0x00000000c2300000|100%| O|  |TAMS 0x00000000c2300000, 0x00000000c2200000| Untracked 
|   7|0x00000000c2300000, 0x00000000c2400000, 0x00000000c2400000|100%| O|  |TAMS 0x00000000c2400000, 0x00000000c2300000| Untracked 
|   8|0x00000000c2400000, 0x00000000c2500000, 0x00000000c2500000|100%| O|  |TAMS 0x00000000c2500000, 0x00000000c2400000| Untracked 
|   9|0x00000000c2500000, 0x00000000c2600000, 0x00000000c2600000|100%| O|  |TAMS 0x00000000c2600000, 0x00000000c2500000| Untracked 
|  10|0x00000000c2600000, 0x00000000c2700000, 0x00000000c2700000|100%| O|  |TAMS 0x00000000c2700000, 0x00000000c2600000| Untracked 
|  11|0x00000000c2700000, 0x00000000c2800000, 0x00000000c2800000|100%| O|  |TAMS 0x00000000c2800000, 0x00000000c2700000| Untracked 
|  12|0x00000000c2800000, 0x00000000c2900000, 0x00000000c2900000|100%| O|  |TAMS 0x00000000c2900000, 0x00000000c2800000| Untracked 
|  13|0x00000000c2900000, 0x00000000c2a00000, 0x00000000c2a00000|100%| O|  |TAMS 0x00000000c2a00000, 0x00000000c2900000| Untracked 
|  14|0x00000000c2a00000, 0x00000000c2b00000, 0x00000000c2b00000|100%| O|  |TAMS 0x00000000c2b00000, 0x00000000c2a00000| Untracked 
|  15|0x00000000c2b00000, 0x00000000c2c00000, 0x00000000c2c00000|100%| O|  |TAMS 0x00000000c2c00000, 0x00000000c2b00000| Untracked 
|  16|0x00000000c2c00000, 0x00000000c2d00000, 0x00000000c2d00000|100%| O|  |TAMS 0x00000000c2cc5c00, 0x00000000c2c00000| Untracked 
|  17|0x00000000c2d00000, 0x00000000c2e00000, 0x00000000c2e00000|100%| O|  |TAMS 0x00000000c2d00000, 0x00000000c2d00000| Untracked 
|  18|0x00000000c2e00000, 0x00000000c2f00000, 0x00000000c2f00000|100%| O|  |TAMS 0x00000000c2e00000, 0x00000000c2e00000| Untracked 
|  19|0x00000000c2f00000, 0x00000000c2f08000, 0x00000000c3000000|  3%| O|  |TAMS 0x00000000c2f00000, 0x00000000c2f00000| Untracked 
|  20|0x00000000c3000000, 0x00000000c3000000, 0x00000000c3100000|  0%| F|  |TAMS 0x00000000c3000000, 0x00000000c3000000| Untracked 
|  21|0x00000000c3100000, 0x00000000c3100000, 0x00000000c3200000|  0%| F|  |TAMS 0x00000000c3100000, 0x00000000c3100000| Untracked 
|  22|0x00000000c3200000, 0x00000000c3200000, 0x00000000c3300000|  0%| F|  |TAMS 0x00000000c3200000, 0x00000000c3200000| Untracked 
|  23|0x00000000c3300000, 0x00000000c3300000, 0x00000000c3400000|  0%| F|  |TAMS 0x00000000c3300000, 0x00000000c3300000| Untracked 
|  24|0x00000000c3400000, 0x00000000c3400000, 0x00000000c3500000|  0%| F|  |TAMS 0x00000000c3400000, 0x00000000c3400000| Untracked 
|  25|0x00000000c3500000, 0x00000000c3500000, 0x00000000c3600000|  0%| F|  |TAMS 0x00000000c3500000, 0x00000000c3500000| Untracked 
|  26|0x00000000c3600000, 0x00000000c3600000, 0x00000000c3700000|  0%| F|  |TAMS 0x00000000c3600000, 0x00000000c3600000| Untracked 
|  27|0x00000000c3700000, 0x00000000c3700000, 0x00000000c3800000|  0%| F|  |TAMS 0x00000000c3700000, 0x00000000c3700000| Untracked 
|  28|0x00000000c3800000, 0x00000000c3800000, 0x00000000c3900000|  0%| F|  |TAMS 0x00000000c3800000, 0x00000000c3800000| Untracked 
|  29|0x00000000c3900000, 0x00000000c3900000, 0x00000000c3a00000|  0%| F|  |TAMS 0x00000000c3900000, 0x00000000c3900000| Untracked 
|  30|0x00000000c3a00000, 0x00000000c3a00000, 0x00000000c3b00000|  0%| F|  |TAMS 0x00000000c3a00000, 0x00000000c3a00000| Untracked 
|  31|0x00000000c3b00000, 0x00000000c3bdc350, 0x00000000c3c00000| 86%| S|CS|TAMS 0x00000000c3b00000, 0x00000000c3b00000| Complete 
|  32|0x00000000c3c00000, 0x00000000c3d00000, 0x00000000c3d00000|100%| S|CS|TAMS 0x00000000c3c00000, 0x00000000c3c00000| Complete 
|  33|0x00000000c3d00000, 0x00000000c3e00000, 0x00000000c3e00000|100%| S|CS|TAMS 0x00000000c3d00000, 0x00000000c3d00000| Complete 
|  34|0x00000000c3e00000, 0x00000000c3f00000, 0x00000000c3f00000|100%| S|CS|TAMS 0x00000000c3e00000, 0x00000000c3e00000| Complete 
|  35|0x00000000c3f00000, 0x00000000c3f00000, 0x00000000c4000000|  0%| F|  |TAMS 0x00000000c3f00000, 0x00000000c3f00000| Untracked 
|  36|0x00000000c4000000, 0x00000000c4000000, 0x00000000c4100000|  0%| F|  |TAMS 0x00000000c4000000, 0x00000000c4000000| Untracked 
|  37|0x00000000c4100000, 0x00000000c4100000, 0x00000000c4200000|  0%| F|  |TAMS 0x00000000c4100000, 0x00000000c4100000| Untracked 
|  38|0x00000000c4200000, 0x00000000c4200000, 0x00000000c4300000|  0%| F|  |TAMS 0x00000000c4200000, 0x00000000c4200000| Untracked 
|  39|0x00000000c4300000, 0x00000000c4300000, 0x00000000c4400000|  0%| F|  |TAMS 0x00000000c4300000, 0x00000000c4300000| Untracked 
|  40|0x00000000c4400000, 0x00000000c4400000, 0x00000000c4500000|  0%| F|  |TAMS 0x00000000c4400000, 0x00000000c4400000| Untracked 
|  41|0x00000000c4500000, 0x00000000c4500000, 0x00000000c4600000|  0%| F|  |TAMS 0x00000000c4500000, 0x00000000c4500000| Untracked 
|  42|0x00000000c4600000, 0x00000000c4600000, 0x00000000c4700000|  0%| F|  |TAMS 0x00000000c4600000, 0x00000000c4600000| Untracked 
|  43|0x00000000c4700000, 0x00000000c4700000, 0x00000000c4800000|  0%| F|  |TAMS 0x00000000c4700000, 0x00000000c4700000| Untracked 
|  44|0x00000000c4800000, 0x00000000c4800000, 0x00000000c4900000|  0%| F|  |TAMS 0x00000000c4800000, 0x00000000c4800000| Untracked 
|  45|0x00000000c4900000, 0x00000000c4900000, 0x00000000c4a00000|  0%| F|  |TAMS 0x00000000c4900000, 0x00000000c4900000| Untracked 
|  46|0x00000000c4a00000, 0x00000000c4a00000, 0x00000000c4b00000|  0%| F|  |TAMS 0x00000000c4a00000, 0x00000000c4a00000| Untracked 
|  47|0x00000000c4b00000, 0x00000000c4b00000, 0x00000000c4c00000|  0%| F|  |TAMS 0x00000000c4b00000, 0x00000000c4b00000| Untracked 
|  48|0x00000000c4c00000, 0x00000000c4c00000, 0x00000000c4d00000|  0%| F|  |TAMS 0x00000000c4c00000, 0x00000000c4c00000| Untracked 
|  49|0x00000000c4d00000, 0x00000000c4d00000, 0x00000000c4e00000|  0%| F|  |TAMS 0x00000000c4d00000, 0x00000000c4d00000| Untracked 
|  50|0x00000000c4e00000, 0x00000000c4e00000, 0x00000000c4f00000|  0%| F|  |TAMS 0x00000000c4e00000, 0x00000000c4e00000| Untracked 
|  51|0x00000000c4f00000, 0x00000000c4f00000, 0x00000000c5000000|  0%| F|  |TAMS 0x00000000c4f00000, 0x00000000c4f00000| Untracked 
|  52|0x00000000c5000000, 0x00000000c5000000, 0x00000000c5100000|  0%| F|  |TAMS 0x00000000c5000000, 0x00000000c5000000| Untracked 
|  53|0x00000000c5100000, 0x00000000c5100000, 0x00000000c5200000|  0%| F|  |TAMS 0x00000000c5100000, 0x00000000c5100000| Untracked 
|  54|0x00000000c5200000, 0x00000000c5200000, 0x00000000c5300000|  0%| F|  |TAMS 0x00000000c5200000, 0x00000000c5200000| Untracked 
|  55|0x00000000c5300000, 0x00000000c5300000, 0x00000000c5400000|  0%| F|  |TAMS 0x00000000c5300000, 0x00000000c5300000| Untracked 
|  56|0x00000000c5400000, 0x00000000c5472c30, 0x00000000c5500000| 44%| E|  |TAMS 0x00000000c5400000, 0x00000000c5400000| Complete 
|  57|0x00000000c5500000, 0x00000000c5600000, 0x00000000c5600000|100%| E|CS|TAMS 0x00000000c5500000, 0x00000000c5500000| Complete 
|  58|0x00000000c5600000, 0x00000000c5700000, 0x00000000c5700000|100%| E|CS|TAMS 0x00000000c5600000, 0x00000000c5600000| Complete 
|  59|0x00000000c5700000, 0x00000000c5800000, 0x00000000c5800000|100%| E|CS|TAMS 0x00000000c5700000, 0x00000000c5700000| Complete 
|  60|0x00000000c5800000, 0x00000000c5900000, 0x00000000c5900000|100%| E|CS|TAMS 0x00000000c5800000, 0x00000000c5800000| Complete 
|  61|0x00000000c5900000, 0x00000000c5a00000, 0x00000000c5a00000|100%| E|CS|TAMS 0x00000000c5900000, 0x00000000c5900000| Complete 
|  62|0x00000000c5a00000, 0x00000000c5b00000, 0x00000000c5b00000|100%| E|CS|TAMS 0x00000000c5a00000, 0x00000000c5a00000| Complete 
|  63|0x00000000c5b00000, 0x00000000c5c00000, 0x00000000c5c00000|100%| E|CS|TAMS 0x00000000c5b00000, 0x00000000c5b00000| Complete 

Card table byte_map: [0x0000015679a70000,0x0000015679c70000] _byte_map_base: 0x0000015679462000

Marking Bits (Prev, Next): (CMBitMap*) 0x000001566f333b80, (CMBitMap*) 0x000001566f333b48
 Prev Bits: [0x000001567ae00000, 0x000001567bd90000)
 Next Bits: [0x0000015679e70000, 0x000001567ae00000)

Polling page: 0x000001566f140000

Metaspace:

Usage:
  Non-class:     55.84 MB capacity,    54.92 MB ( 98%) used,   745.24 KB (  1%) free+waste,   198.25 KB ( <1%) overhead. 
      Class:      8.58 MB capacity,     7.97 MB ( 93%) used,   534.66 KB (  6%) free+waste,    92.38 KB (  1%) overhead. 
       Both:     64.42 MB capacity,    62.89 MB ( 98%) used,     1.25 MB (  2%) free+waste,   290.63 KB ( <1%) overhead. 

Virtual space:
  Non-class space:       56.00 MB reserved,      56.00 MB (100%) committed 
      Class space:        1.00 GB reserved,       8.63 MB ( <1%) committed 
             Both:        1.05 GB reserved,      64.63 MB (  6%) committed 

Chunk freelists:
   Non-Class:  4.38 KB
       Class:  1.75 KB
        Both:  6.13 KB

CodeHeap 'non-profiled nmethods': size=120000Kb used=3894Kb max_used=3894Kb free=116105Kb
 bounds [0x0000015607ad0000, 0x0000015607ea0000, 0x000001560f000000]
CodeHeap 'profiled nmethods': size=120000Kb used=10873Kb max_used=10873Kb free=109127Kb
 bounds [0x00000156005a0000, 0x0000015601040000, 0x0000015607ad0000]
CodeHeap 'non-nmethods': size=5760Kb used=1224Kb max_used=1278Kb free=4535Kb
 bounds [0x0000015600000000, 0x0000015600270000, 0x00000156005a0000]
 total_blobs=6689 nmethods=4843 adapters=505
 compilation: enabled
              stopped_count=0, restarted_count=0
 full_count=0

Compilation events (10 events):
Event: 55.875 Thread 0x000001567e820800 nmethod 4842 0x0000015601037c90 code [0x0000015601037e60, 0x0000015601038218]
Event: 57.129 Thread 0x000001567e820800 4843   !   3       sun.nio.ch.WindowsSelectorImpl$SubSelector::processFDSet (177 bytes)
Event: 57.130 Thread 0x000001567e820800 nmethod 4843 0x0000015601038390 code [0x0000015601038620, 0x00000156010394d0]
Event: 59.865 Thread 0x000001567e820800 4844       3       java.util.concurrent.ScheduledThreadPoolExecutor$ScheduledFutureTask::compareTo (9 bytes)
Event: 59.865 Thread 0x000001567e820800 nmethod 4844 0x0000015601039b10 code [0x0000015601039ce0, 0x0000015601039f90]
Event: 59.865 Thread 0x000001567e820800 4845       3       java.util.concurrent.ScheduledThreadPoolExecutor$ScheduledFutureTask::compareTo (101 bytes)
Event: 59.865 Thread 0x000001567e820800 nmethod 4845 0x000001560103a090 code [0x000001560103a2c0, 0x000001560103ab00]
Event: 64.863 Thread 0x000001567e820800 4846       3       java.util.concurrent.TimeUnit::toNanos (45 bytes)
Event: 64.863 Thread 0x000001567e820800 nmethod 4846 0x000001560103ac90 code [0x000001560103ae40, 0x000001560103b0b8]
Event: 66.106 Thread 0x000001567e816000 4847       4       jdk.internal.loader.URLClassPath$JarLoader$2::getInputStream (15 bytes)

GC Heap History (10 events):
Event: 9.827 GC heap before
{Heap before GC invocations=12 (full 0):
 garbage-first heap   total 65536K, used 46937K [0x00000000c1c00000, 0x0000000100000000)
  region size 1024K, 34 young (34816K), 4 survivors (4096K)
 Metaspace       used 46225K, capacity 47258K, committed 47360K, reserved 1091584K
  class space    used 5710K, capacity 6139K, committed 6144K, reserved 1048576K
}
Event: 9.831 GC heap after
{Heap after GC invocations=13 (full 0):
 garbage-first heap   total 65536K, used 17144K [0x00000000c1c00000, 0x0000000100000000)
  region size 1024K, 3 young (3072K), 3 survivors (3072K)
 Metaspace       used 46225K, capacity 47258K, committed 47360K, reserved 1091584K
  class space    used 5710K, capacity 6139K, committed 6144K, reserved 1048576K
}
Event: 10.518 GC heap before
{Heap before GC invocations=13 (full 0):
 garbage-first heap   total 65536K, used 47864K [0x00000000c1c00000, 0x0000000100000000)
  region size 1024K, 33 young (33792K), 3 survivors (3072K)
 Metaspace       used 51808K, capacity 52877K, committed 53120K, reserved 1095680K
  class space    used 6480K, capacity 6922K, committed 7040K, reserved 1048576K
}
Event: 10.522 GC heap after
{Heap after GC invocations=14 (full 0):
 garbage-first heap   total 65536K, used 18526K [0x00000000c1c00000, 0x0000000100000000)
  region size 1024K, 3 young (3072K), 3 survivors (3072K)
 Metaspace       used 51808K, capacity 52877K, committed 53120K, reserved 1095680K
  class space    used 6480K, capacity 6922K, committed 7040K, reserved 1048576K
}
Event: 11.495 GC heap before
{Heap before GC invocations=14 (full 0):
 garbage-first heap   total 65536K, used 49246K [0x00000000c1c00000, 0x0000000100000000)
  region size 1024K, 33 young (33792K), 3 survivors (3072K)
 Metaspace       used 56285K, capacity 57443K, committed 57472K, reserved 1099776K
  class space    used 7083K, capacity 7526K, committed 7552K, reserved 1048576K
}
Event: 11.498 GC heap after
{Heap after GC invocations=15 (full 0):
 garbage-first heap   total 65536K, used 19773K [0x00000000c1c00000, 0x0000000100000000)
  region size 1024K, 4 young (4096K), 4 survivors (4096K)
 Metaspace       used 56285K, capacity 57443K, committed 57472K, reserved 1099776K
  class space    used 7083K, capacity 7526K, committed 7552K, reserved 1048576K
}
Event: 12.382 GC heap before
{Heap before GC invocations=15 (full 0):
 garbage-first heap   total 65536K, used 49469K [0x00000000c1c00000, 0x0000000100000000)
  region size 1024K, 34 young (34816K), 4 survivors (4096K)
 Metaspace       used 58693K, capacity 60025K, committed 60160K, reserved 1101824K
  class space    used 7432K, capacity 7979K, committed 8064K, reserved 1048576K
}
Event: 12.389 GC heap after
{Heap after GC invocations=16 (full 0):
 garbage-first heap   total 65536K, used 21814K [0x00000000c1c00000, 0x0000000100000000)
  region size 1024K, 5 young (5120K), 5 survivors (5120K)
 Metaspace       used 58693K, capacity 60025K, committed 60160K, reserved 1101824K
  class space    used 7432K, capacity 7979K, committed 8064K, reserved 1048576K
}
Event: 13.206 GC heap before
{Heap before GC invocations=17 (full 0):
 garbage-first heap   total 65536K, used 51510K [0x00000000c1c00000, 0x0000000100000000)
  region size 1024K, 34 young (34816K), 5 survivors (5120K)
 Metaspace       used 62781K, capacity 64230K, committed 64384K, reserved 1105920K
  class space    used 7977K, capacity 8546K, committed 8576K, reserved 1048576K
}
Event: 13.212 GC heap after
{Heap after GC invocations=18 (full 0):
 garbage-first heap   total 65536K, used 23440K [0x00000000c1c00000, 0x0000000100000000)
  region size 1024K, 4 young (4096K), 4 survivors (4096K)
 Metaspace       used 62781K, capacity 64230K, committed 64384K, reserved 1105920K
  class space    used 7977K, capacity 8546K, committed 8576K, reserved 1048576K
}

Deoptimization events (10 events):
Event: 12.572 Thread 0x000001566f305000 Uncommon trap: reason=class_check action=maybe_recompile pc=0x0000015607d7ae98 method=org.springframework.core.annotation.TypeMappedAnnotations$MergedAnnotationFinder.process(Ljava/lang/Object;ILjava/lang/Object;Ljava/lang/annotation/Annotation;)Lorg/spri
Event: 12.573 Thread 0x000001566f305000 Uncommon trap: reason=unstable_if action=reinterpret pc=0x0000015607d9dd88 method=org.springframework.core.annotation.AnnotationsScanner.isWithoutHierarchy(Ljava/lang/reflect/AnnotatedElement;Lorg/springframework/core/annotation/MergedAnnotations$SearchSt
Event: 12.674 Thread 0x000001566f305000 Uncommon trap: reason=class_check action=maybe_recompile pc=0x0000015607b423ec method=org.springframework.boot.context.properties.source.ConfigurationPropertyName$Elements.charAt(II)C @ 43 c2
Event: 12.674 Thread 0x000001566f305000 Uncommon trap: reason=class_check action=maybe_recompile pc=0x0000015607b423ec method=org.springframework.boot.context.properties.source.ConfigurationPropertyName$Elements.charAt(II)C @ 43 c2
Event: 12.688 Thread 0x000001566f305000 Uncommon trap: reason=null_check action=make_not_entrant pc=0x0000015607c011a0 method=org.springframework.util.ClassUtils.isAssignable(Ljava/lang/Class;Ljava/lang/Class;)Z @ 14 c2
Event: 12.824 Thread 0x000001566f305000 Uncommon trap: reason=unstable_if action=reinterpret pc=0x0000015607caa384 method=org.springframework.core.annotation.AnnotationsScanner.isWithoutHierarchy(Ljava/lang/reflect/AnnotatedElement;Lorg/springframework/core/annotation/MergedAnnotations$SearchSt
Event: 12.868 Thread 0x000001566f305000 Uncommon trap: reason=unstable_if action=reinterpret pc=0x0000015607e2777c method=org.springframework.util.ConcurrentReferenceHashMap$Segment.clear()V @ 7 c2
Event: 12.996 Thread 0x000001566f305000 Uncommon trap: reason=class_check action=maybe_recompile pc=0x0000015607d7ae98 method=org.springframework.core.annotation.TypeMappedAnnotations$MergedAnnotationFinder.process(Ljava/lang/Object;ILjava/lang/Object;Ljava/lang/annotation/Annotation;)Lorg/spri
Event: 13.038 Thread 0x000001566f305000 Uncommon trap: reason=unstable_if action=reinterpret pc=0x0000015607c7bfe4 method=java.util.StringTokenizer.scanToken(I)I @ 96 c2
Event: 13.133 Thread 0x000001566f305000 Uncommon trap: reason=unstable_if action=reinterpret pc=0x0000015607ae3164 method=java.lang.CharacterData.of(I)Ljava/lang/CharacterData; @ 4 c2

Classes redefined (0 events):
No events

Internal exceptions (10 events):
Event: 12.721 Thread 0x000001566f305000 Exception <a 'java/lang/ClassNotFoundException'{0x00000000c5042600}: java/util/EventListenerCustomizer> (0x00000000c5042600) thrown at [t:/workspace/open/src/hotspot/share/classfile/systemDictionary.cpp, line 231]
Event: 12.721 Thread 0x000001566f305000 Exception <a 'java/lang/ClassNotFoundException'{0x00000000c504f1e0}: org/springframework/beans/factory/InitializingBeanCustomizer> (0x00000000c504f1e0) thrown at [t:/workspace/open/src/hotspot/share/classfile/systemDictionary.cpp, line 231]
Event: 12.832 Thread 0x000001566f305000 Exception <a 'java/lang/NoSuchMethodError'{0x00000000c4c0abf0}: java.lang.invoke.DirectMethodHandle$Holder.invokeSpecial(Ljava/lang/Object;Ljava/lang/Object;ILjava/lang/Object;ILjava/lang/Object;)Ljava/lang/Object;> (0x00000000c4c0abf0) thrown at [t:/work
Event: 12.832 Thread 0x000001566f305000 Exception <a 'java/lang/NoSuchMethodError'{0x00000000c4c120d0}: java.lang.invoke.DirectMethodHandle$Holder.invokeStatic(Ljava/lang/Object;Ljava/lang/Object;ILjava/lang/Object;I)Ljava/lang/Object;> (0x00000000c4c120d0) thrown at [t:/workspace/open/src/hots
Event: 12.832 Thread 0x000001566f305000 Exception <a 'java/lang/NoSuchMethodError'{0x00000000c4c158a8}: java.lang.invoke.DirectMethodHandle$Holder.invokeSpecial(Ljava/lang/Object;Ljava/lang/Object;Ljava/lang/Object;ILjava/lang/Object;I)Ljava/lang/Object;> (0x00000000c4c158a8) thrown at [t:/work
Event: 12.834 Thread 0x000001566f305000 Exception <a 'java/lang/NoSuchMethodError'{0x00000000c4c1ff58}: java.lang.invoke.DirectMethodHandle$Holder.invokeVirtual(Ljava/lang/Object;Ljava/lang/Object;)V> (0x00000000c4c1ff58) thrown at [t:/workspace/open/src/hotspot/share/interpreter/linkResolver.c
Event: 12.933 Thread 0x000001566f305000 Exception <a 'java/lang/ClassNotFoundException'{0x00000000c4745e50}: java/lang/ObjectCustomizer> (0x00000000c4745e50) thrown at [t:/workspace/open/src/hotspot/share/classfile/systemDictionary.cpp, line 231]
Event: 12.934 Thread 0x000001566f305000 Exception <a 'java/lang/ClassNotFoundException'{0x00000000c47544c8}: com/dryfire/medify_art/Models/TrendingCustomizer> (0x00000000c47544c8) thrown at [t:/workspace/open/src/hotspot/share/classfile/systemDictionary.cpp, line 231]
Event: 13.242 Thread 0x000001566f305000 Exception <a 'java/lang/NoSuchMethodError'{0x00000000c5a69168}: java.lang.invoke.DirectMethodHandle$Holder.invokeInterface(Ljava/lang/Object;Ljava/lang/Object;Ljava/lang/Object;Ljava/lang/Object;)Ljava/lang/Object;> (0x00000000c5a69168) thrown at [t:/work
Event: 13.255 Thread 0x000001566f305000 Exception <a 'java/lang/NoSuchMethodError'{0x00000000c5afbab8}: java.lang.invoke.DirectMethodHandle$Holder.invokeStaticInit(Ljava/lang/Object;Ljava/lang/Object;Ljava/lang/Object;Ljava/lang/Object;Ljava/lang/Object;Ljava/lang/Object;)Ljava/lang/Object;> (0

Events (10 events):
Event: 66.167 loading class org/apache/tomcat/util/http/parser/LocalStrings
Event: 66.167 loading class org/apache/tomcat/util/http/parser/LocalStrings done
Event: 66.168 Executing VM operation: RevokeBias
Event: 66.168 Executing VM operation: RevokeBias done
Event: 66.168 Executing VM operation: RevokeBias
Event: 66.168 Executing VM operation: RevokeBias done
Event: 66.169 Executing VM operation: RevokeBias
Event: 66.169 Executing VM operation: RevokeBias done
Event: 66.169 Executing VM operation: RevokeBias
Event: 66.169 Executing VM operation: RevokeBias done


Dynamic libraries:
0x00007ff6b59b0000 - 0x00007ff6b59f7000 	C:\Program Files\Java\jdk-11.0.1\bin\java.exe
0x00007ffbf7de0000 - 0x00007ffbf7fd0000 	C:\WINDOWS\SYSTEM32\ntdll.dll
0x00007ffbf7cb0000 - 0x00007ffbf7d62000 	C:\WINDOWS\System32\KERNEL32.DLL
0x00007ffbf5740000 - 0x00007ffbf59e4000 	C:\WINDOWS\System32\KERNELBASE.dll
0x00007ffbf7980000 - 0x00007ffbf7a23000 	C:\WINDOWS\System32\ADVAPI32.dll
0x00007ffbf7be0000 - 0x00007ffbf7c7e000 	C:\WINDOWS\System32\msvcrt.dll
0x00007ffbf60a0000 - 0x00007ffbf6137000 	C:\WINDOWS\System32\sechost.dll
0x00007ffbf6a40000 - 0x00007ffbf6b60000 	C:\WINDOWS\System32\RPCRT4.dll
0x00007ffbf7a30000 - 0x00007ffbf7bc4000 	C:\WINDOWS\System32\USER32.dll
0x00007ffbf5be0000 - 0x00007ffbf5c01000 	C:\WINDOWS\System32\win32u.dll
0x00007ffbf7d70000 - 0x00007ffbf7d96000 	C:\WINDOWS\System32\GDI32.dll
0x00007ffbf5c40000 - 0x00007ffbf5dd5000 	C:\WINDOWS\System32\gdi32full.dll
0x00007ffbf56a0000 - 0x00007ffbf573e000 	C:\WINDOWS\System32\msvcp_win.dll
0x00007ffbf5a40000 - 0x00007ffbf5b3a000 	C:\WINDOWS\System32\ucrtbase.dll
0x00007ffbe02c0000 - 0x00007ffbe0544000 	C:\WINDOWS\WinSxS\amd64_microsoft.windows.common-controls_6595b64144ccf1df_6.0.18362.900_none_e6beb9d913147d17\COMCTL32.dll
0x00007ffbf7570000 - 0x00007ffbf78a5000 	C:\WINDOWS\System32\combase.dll
0x00007ffbef530000 - 0x00007ffbef53a000 	C:\WINDOWS\SYSTEM32\VERSION.dll
0x00007ffbf5b60000 - 0x00007ffbf5be0000 	C:\WINDOWS\System32\bcryptPrimitives.dll
0x00007ffbf7c80000 - 0x00007ffbf7cae000 	C:\WINDOWS\System32\IMM32.DLL
0x00007ffbf26b0000 - 0x00007ffbf26c6000 	C:\Program Files\Java\jdk-11.0.1\bin\vcruntime140.dll
0x00007ffbeae40000 - 0x00007ffbeaeea000 	C:\Program Files\Java\jdk-11.0.1\bin\msvcp140.dll
0x00007ffbccc50000 - 0x00007ffbcd792000 	C:\Program Files\Java\jdk-11.0.1\bin\server\jvm.dll
0x00007ffbf6d10000 - 0x00007ffbf6d18000 	C:\WINDOWS\System32\PSAPI.DLL
0x00007ffbf0ee0000 - 0x00007ffbf0ee9000 	C:\WINDOWS\SYSTEM32\WSOCK32.dll
0x00007ffbf25d0000 - 0x00007ffbf25f4000 	C:\WINDOWS\SYSTEM32\WINMM.dll
0x00007ffbf6f00000 - 0x00007ffbf6f6f000 	C:\WINDOWS\System32\WS2_32.dll
0x00007ffbf25a0000 - 0x00007ffbf25cd000 	C:\WINDOWS\SYSTEM32\winmmbase.dll
0x00007ffbf59f0000 - 0x00007ffbf5a3a000 	C:\WINDOWS\System32\cfgmgr32.dll
0x00007ffbf4cb0000 - 0x00007ffbf4cc1000 	C:\WINDOWS\System32\kernel.appcore.dll
0x00007ffbf2630000 - 0x00007ffbf2641000 	C:\Program Files\Java\jdk-11.0.1\bin\verify.dll
0x00007ffbf35d0000 - 0x00007ffbf37c4000 	C:\WINDOWS\SYSTEM32\DBGHELP.DLL
0x00007ffbde820000 - 0x00007ffbde84a000 	C:\WINDOWS\SYSTEM32\dbgcore.DLL
0x00007ffbec530000 - 0x00007ffbec559000 	C:\Program Files\Java\jdk-11.0.1\bin\java.dll
0x00007ffbec4c0000 - 0x00007ffbec4ef000 	C:\Program Files\Java\jdk-11.0.1\bin\instrument.dll
0x00007ffbf2610000 - 0x00007ffbf2626000 	C:\Program Files\Java\jdk-11.0.1\bin\zip.dll
0x00007ffbf00a0000 - 0x00007ffbf00aa000 	C:\Program Files\Java\jdk-11.0.1\bin\jimage.dll
0x00007ffbf6270000 - 0x00007ffbf6956000 	C:\WINDOWS\System32\SHELL32.dll
0x00007ffbf6d20000 - 0x00007ffbf6dc9000 	C:\WINDOWS\System32\shcore.dll
0x00007ffbf4d70000 - 0x00007ffbf54f0000 	C:\WINDOWS\System32\windows.storage.dll
0x00007ffbf4d40000 - 0x00007ffbf4d63000 	C:\WINDOWS\System32\profapi.dll
0x00007ffbf4cd0000 - 0x00007ffbf4d1a000 	C:\WINDOWS\System32\powrprof.dll
0x00007ffbf4ca0000 - 0x00007ffbf4cb0000 	C:\WINDOWS\System32\UMPDC.dll
0x00007ffbf6210000 - 0x00007ffbf6262000 	C:\WINDOWS\System32\shlwapi.dll
0x00007ffbf5b40000 - 0x00007ffbf5b57000 	C:\WINDOWS\System32\cryptsp.dll
0x00007ffbefbb0000 - 0x00007ffbefbc9000 	C:\Program Files\Java\jdk-11.0.1\bin\net.dll
0x00007ffbed160000 - 0x00007ffbed250000 	C:\WINDOWS\SYSTEM32\WINHTTP.dll
0x00007ffbf44b0000 - 0x00007ffbf4517000 	C:\WINDOWS\system32\mswsock.dll
0x00007ffbec480000 - 0x00007ffbec493000 	C:\Program Files\Java\jdk-11.0.1\bin\nio.dll
0x00007ffbec370000 - 0x00007ffbec38a000 	C:\Program Files\JetBrains\IntelliJ IDEA Community Edition 2020.3.1\bin\breakgen64.dll
0x00007ffbee760000 - 0x00007ffbee769000 	C:\Program Files\Java\jdk-11.0.1\bin\management.dll
0x00007ffbeb0d0000 - 0x00007ffbeb0dc000 	C:\Program Files\Java\jdk-11.0.1\bin\management_ext.dll
0x00007ffbeae20000 - 0x00007ffbeae36000 	C:\WINDOWS\system32\napinsp.dll
0x00007ffbeae00000 - 0x00007ffbeae1a000 	C:\WINDOWS\system32\pnrpnsp.dll
0x00007ffbf4200000 - 0x00007ffbf42cb000 	C:\WINDOWS\SYSTEM32\DNSAPI.dll
0x00007ffbf7bd0000 - 0x00007ffbf7bd8000 	C:\WINDOWS\System32\NSI.dll
0x00007ffbf41c0000 - 0x00007ffbf41fa000 	C:\WINDOWS\SYSTEM32\IPHLPAPI.DLL
0x00007ffbeb010000 - 0x00007ffbeb01e000 	C:\WINDOWS\System32\winrnr.dll
0x00007ffbf0cf0000 - 0x00007ffbf0d0c000 	C:\WINDOWS\system32\NLAapi.dll
0x00007ffbda390000 - 0x00007ffbda3a5000 	C:\WINDOWS\system32\wshbth.dll
0x00007ffbeb790000 - 0x00007ffbeb79a000 	C:\Windows\System32\rasadhlp.dll
0x00007ffbedc90000 - 0x00007ffbedd07000 	C:\WINDOWS\System32\fwpuclnt.dll
0x00007ffbf5c10000 - 0x00007ffbf5c36000 	C:\WINDOWS\System32\bcrypt.dll
0x00007ffbf4020000 - 0x00007ffbf4053000 	C:\WINDOWS\system32\rsaenh.dll
0x00007ffbf4bc0000 - 0x00007ffbf4be5000 	C:\WINDOWS\SYSTEM32\USERENV.dll
0x00007ffbf4680000 - 0x00007ffbf468c000 	C:\WINDOWS\SYSTEM32\CRYPTBASE.dll
0x00007ffbee720000 - 0x00007ffbee736000 	C:\WINDOWS\SYSTEM32\dhcpcsvc6.DLL
0x00007ffbef6b0000 - 0x00007ffbef6cc000 	C:\WINDOWS\SYSTEM32\dhcpcsvc.DLL

dbghelp: loaded successfully - version: 4.0.5 - missing functions: none
symbol engine: initialized successfully - sym options: 0x614 - pdb path: .;C:\Program Files\Java\jdk-11.0.1\bin;C:\WINDOWS\SYSTEM32;C:\WINDOWS\WinSxS\amd64_microsoft.windows.common-controls_6595b64144ccf1df_6.0.18362.900_none_e6beb9d913147d17;C:\Program Files\Java\jdk-11.0.1\bin\server;C:\Program Files\JetBrains\IntelliJ IDEA Community Edition 2020.3.1\bin

VM Arguments:
jvm_args: -javaagent:C:\Program Files\JetBrains\IntelliJ IDEA Community Edition 2020.3.1\lib\idea_rt.jar=49237:C:\Program Files\JetBrains\IntelliJ IDEA Community Edition 2020.3.1\bin -Dfile.encoding=UTF-8 
java_command: com.dryfire.medify_art.MedifyArtApplication
java_class_path (initial): C:\Users\Saurabh Tripathi\IdeaProjects\medify-art\target\classes;C:\Users\Saurabh Tripathi\.m2\repository\org\springframework\boot\spring-boot-starter-web\2.4.2\spring-boot-starter-web-2.4.2.jar;C:\Users\Saurabh Tripathi\.m2\repository\org\springframework\boot\spring-boot-starter\2.4.2\spring-boot-starter-2.4.2.jar;C:\Users\Saurabh Tripathi\.m2\repository\org\springframework\boot\spring-boot\2.4.2\spring-boot-2.4.2.jar;C:\Users\Saurabh Tripathi\.m2\repository\org\springframework\boot\spring-boot-autoconfigure\2.4.2\spring-boot-autoconfigure-2.4.2.jar;C:\Users\Saurabh Tripathi\.m2\repository\org\springframework\boot\spring-boot-starter-logging\2.4.2\spring-boot-starter-logging-2.4.2.jar;C:\Users\Saurabh Tripathi\.m2\repository\ch\qos\logback\logback-classic\1.2.3\logback-classic-1.2.3.jar;C:\Users\Saurabh Tripathi\.m2\repository\ch\qos\logback\logback-core\1.2.3\logback-core-1.2.3.jar;C:\Users\Saurabh Tripathi\.m2\repository\org\apache\logging\log4j\log4j-to-slf4j\2.13.3\log4j-to-slf4j-2.13.3.jar;C:\Users\Saurabh Tripathi\.m2\repository\org\apache\logging\log4j\log4j-api\2.13.3\log4j-api-2.13.3.jar;C:\Users\Saurabh Tripathi\.m2\repository\org\slf4j\jul-to-slf4j\1.7.30\jul-to-slf4j-1.7.30.jar;C:\Users\Saurabh Tripathi\.m2\repository\jakarta\annotation\jakarta.annotation-api\1.3.5\jakarta.annotation-api-1.3.5.jar;C:\Users\Saurabh Tripathi\.m2\repository\org\yaml\snakeyaml\1.27\snakeyaml-1.27.jar;C:\Users\Saurabh Tripathi\.m2\repository\org\springframework\boot\spring-boot-starter-json\2.4.2\spring-boot-starter-json-2.4.2.jar;C:\Users\Saurabh Tripathi\.m2\repository\com\fasterxml\jackson\core\jackson-databind\2.11.4\jackson-databind-2.11.4.jar;C:\Users\Saurabh Tripathi\.m2\repository\com\fasterxml\jackson\core\jackson-annotations\2.11.4\jackson-annotations-2.11.4.jar;C:\Users\Saurabh Tripathi\.m2\repository\com\fasterxml\jackson\core\jackson-core\2.11.4\jackson-core-2.11.4.jar;C:\Users\Saurabh Tripathi\.m2\repository\com\fasterxml\jackson\da
Launcher Type: SUN_STANDARD

[Global flags]
     intx CICompilerCount                          = 4                                         {product} {ergonomic}
     uint ConcGCThreads                            = 2                                         {product} {ergonomic}
     uint G1ConcRefinementThreads                  = 8                                         {product} {ergonomic}
   size_t G1HeapRegionSize                         = 1048576                                   {product} {ergonomic}
    uintx GCDrainStackTargetSize                   = 64                                        {product} {ergonomic}
   size_t InitialHeapSize                          = 67108864                                  {product} {ergonomic}
   size_t MarkStackSize                            = 4194304                                   {product} {ergonomic}
   size_t MaxHeapSize                              = 1044381696                                {product} {ergonomic}
   size_t MaxNewSize                               = 625999872                                 {product} {ergonomic}
   size_t MinHeapDeltaBytes                        = 1048576                                   {product} {ergonomic}
    uintx NonNMethodCodeHeapSize                   = 5835340                                {pd product} {ergonomic}
    uintx NonProfiledCodeHeapSize                  = 122911450                              {pd product} {ergonomic}
    uintx ProfiledCodeHeapSize                     = 122911450                              {pd product} {ergonomic}
    uintx ReservedCodeCacheSize                    = 251658240                              {pd product} {ergonomic}
     bool SegmentedCodeCache                       = true                                      {product} {ergonomic}
     bool UseCompressedClassPointers               = true                                 {lp64_product} {ergonomic}
     bool UseCompressedOops                        = true                                 {lp64_product} {ergonomic}
     bool UseG1GC                                  = true                                      {product} {ergonomic}
     bool UseLargePagesIndividualAllocation        = false                                  {pd product} {ergonomic}

Logging:
Log output configuration:
 #0: stdout all=warning uptime,level,tags
 #1: stderr all=off uptime,level,tags

Environment Variables:
PATH=C:\Program Files (x86)\Intel\Intel(R) Management Engine Components\iCLS\;C:\Program Files\Intel\Intel(R) Management Engine Components\iCLS\;C:\WINDOWS\system32;C:\WINDOWS;C:\WINDOWS\System32\Wbem;C:\WINDOWS\System32\WindowsPowerShell\v1.0\;C:\WINDOWS\System32\OpenSSH\;C:\Program Files (x86)\Intel\Intel(R) Management Engine Components\DAL;C:\Program Files\Intel\Intel(R) Management Engine Components\DAL;C:\Program Files (x86)\Intel\Intel(R) Management Engine Components\IPT;C:\Program Files\Intel\Intel(R) Management Engine Components\IPT;C:\Program Files\Java\jdk-11.0.1\bin;C:\Program Files\Git\cmd;C:\ProgramData\chocolatey\bin;C:\Users\Saurabh Tripathi\AppData\Local\Microsoft\WindowsApps;C:\Users\Saurabh Tripathi\AppData\Local\Programs\Python\Python36-32\Scripts;C:\Users\Saurabh Tripathi\AppData\Local\Programs\Python\Python36-32;;C:\Program Files\heroku\bin
USERNAME=Saurabh Tripathi
OS=Windows_NT
PROCESSOR_IDENTIFIER=Intel64 Family 6 Model 142 Stepping 10, GenuineIntel



---------------  S Y S T E M  ---------------

OS: Windows 10 , 64 bit Build 18362 (10.0.18362.900)

CPU:total 8 (initial active 8) (4 cores per cpu, 2 threads per core) family 6 model 142 stepping 10, cmov, cx8, fxsr, mmx, sse, sse2, sse3, ssse3, sse4.1, sse4.2, popcnt, avx, avx2, aes, clmul, erms, 3dnowpref, lzcnt, ht, tsc, tscinvbit, bmi1, bmi2, adx, fma

Memory: 4k page, system-wide physical 3977M (302M free)
TotalPageFile size 6743M (AvailPageFile size 1M)
current process WorkingSet (physical memory assigned to process): 193M, peak: 267M
current process commit charge ("private bytes"): 245M, peak: 316M

vm_info: Java HotSpot(TM) 64-Bit Server VM (11.0.1+13-LTS) for windows-amd64 JRE (11.0.1+13-LTS), built on Oct  6 2018 13:20:16 by "mach5one" with MS VC++ 15.5 (VS2017)

END.
